#
# A fatal error has been detected by the Java Runtime Environment:
#
#  EXCEPTION_ACCESS_VIOLATION (0xc0000005) at pc=0x00007ffe967f59de, pid=9488, tid=13344
#
# JRE version: OpenJDK Runtime Environment (11.0.13) (build 11.0.13+0-b1751.21-8125866)
# Java VM: OpenJDK 64-Bit Server VM (11.0.13+0-b1751.21-8125866, mixed mode, tiered, compressed oops, g1 gc, windows-amd64)
# Problematic frame:
# V  [jvm.dll+0x1b59de]
#
# No core dump will be written. Minidumps are not enabled by default on client versions of Windows
#
# If you would like to submit a bug report, please visit:
#   https://bugreport.java.com/bugreport/crash.jsp
#

---------------  S U M M A R Y ------------

Command Line: --add-opens=java.base/java.util=ALL-UNNAMED --add-opens=java.base/java.lang=ALL-UNNAMED --add-opens=java.base/java.lang.invoke=ALL-UNNAMED --add-opens=java.prefs/java.util.prefs=ALL-UNNAMED --add-opens=java.base/java.nio.charset=ALL-UNNAMED --add-opens=java.base/java.net=ALL-UNNAMED --add-opens=java.base/java.util.concurrent.atomic=ALL-UNNAMED -Xmx2048m -Dfile.encoding=UTF-8 -Duser.country=US -Duser.language=en -Duser.variant org.gradle.launcher.daemon.bootstrap.GradleDaemon 7.6

Host: Intel(R) Celeron(R) CPU 1007U @ 1.50GHz, 2 cores, 3G,  Windows 10 , 64 bit Build 19041 (10.0.19041.2364)
Time: Thu Jan 12 17:59:14 2023 Pakistan Standard Time elapsed time: 11735.845048 seconds (0d 3h 15m 35s)

---------------  T H R E A D  ---------------

Current thread (0x0000018db5a47800):  JavaThread "C2 CompilerThread0" daemon [_thread_in_vm, id=13344, stack(0x0000005278300000,0x0000005278400000)]


Current CompileTask:
C2:11735845 33867 %     4       org.gradle.internal.normalization.java.impl.ApiMemberWriter::writeClass @ 131 (275 bytes)

Stack: [0x0000005278300000,0x0000005278400000],  sp=0x00000052783fd910,  free space=1014k
Native frames: (J=compiled Java code, j=interpreted, Vv=VM code, C=native code)
V  [jvm.dll+0x1b59de]
V  [jvm.dll+0x1b6132]
V  [jvm.dll+0x1b5ae7]
V  [jvm.dll+0x1b6132]
V  [jvm.dll+0x1a5892]
V  [jvm.dll+0x1a5532]
V  [jvm.dll+0x1b9667]
V  [jvm.dll+0x1bdcfd]
V  [jvm.dll+0x1bc45c]
V  [jvm.dll+0x1be5ad]
V  [jvm.dll+0x1bd7da]
V  [jvm.dll+0x1be999]
V  [jvm.dll+0x1bdbde]
V  [jvm.dll+0x1adabe]
V  [jvm.dll+0x11c558]
V  [jvm.dll+0x18adfe]
V  [jvm.dll+0x202035]
V  [jvm.dll+0x188e01]
V  [jvm.dll+0x21106b]
V  [jvm.dll+0x20f8c1]
V  [jvm.dll+0x70de0f]
V  [jvm.dll+0x706a75]
V  [jvm.dll+0x60ed66]
C  [ucrtbase.dll+0x21bb2]
C  [KERNEL32.DLL+0x17614]
C  [ntdll.dll+0x526a1]


siginfo: EXCEPTION_ACCESS_VIOLATION (0xc0000005), reading address 0x00006ffe96e97430


Register to memory mapping:

RIP=0x00007ffe967f59de jvm.dll
RAX=0x00006ffe96e97428 is an unknown value
RBX=0x0000000100cbe2e8 is a pointer to class: 

[error occurred during error reporting (printing register info), id 0xc0000005, EXCEPTION_ACCESS_VIOLATION (0xc0000005) at pc=0x00007ffe96c439d6]

Registers:
RAX=0x00006ffe96e97428, RBX=0x0000000100cbe2e8, RCX=0x0000000100cbe2e8, RDX=0x0000000100cbe2e8
RSP=0x00000052783fd910, RBP=0x0000000100cbe2e8, RSI=0x0000018db5a47800, RDI=0x0000018dba25e6a0
R8 =0x0000000000000002, R9 =0x0000018dba25e8d0, R10=0x0000018dbfec4820, R11=0x0000000000000012
R12=0x0000018db8f75cf0, R13=0x0000018db58bd680, R14=0x0000018dba25e6a0, R15=0x000000000000007d
RIP=0x00007ffe967f59de, EFLAGS=0x0000000000010202

Top of Stack: (sp=0x00000052783fd910)
0x00000052783fd910:   0000018db58bd680 0000018db8f75cf0
0x00000052783fd920:   00000052783fd9b0 00000052783fda00
0x00000052783fd930:   00000052783fd9b0 00007ffe96b4409d
0x00000052783fd940:   0000018dba25e6a0 00007ffe967f6132
0x00000052783fd950:   0000018dc2145150 0000000000000076
0x00000052783fd960:   0000000000000000 0000018dba25e6a0
0x00000052783fd970:   000000000000007d 0000018db5a3d9b0
0x00000052783fd980:   0000018db5a47800 00007ffe967f5ae7
0x00000052783fd990:   0000018dba25e6a0 0000000000000000
0x00000052783fd9a0:   0000018dc2146260 0000018db5a47800
0x00000052783fd9b0:   0000018dc2146260 0000018db5a47800
0x00000052783fd9c0:   00000000000000b6 00007ffe967f6132
0x00000052783fd9d0:   0000000100cbe770 000000000000007c
0x00000052783fd9e0:   0000000000000000 0000018dba25e6a0
0x00000052783fd9f0:   0000018dbfec5450 00000052783ff810
0x00000052783fda00:   00000052783fdb10 00007ffe967e5892 

Instructions: (pc=0x00007ffe967f59de)
0x00007ffe967f58de:   5e 30 eb 04 4c 89 76 30 48 8b 5c 24 30 48 8b c6
0x00007ffe967f58ee:   48 8b 74 24 40 48 8b 6c 24 38 48 8b 7c 24 48 48
0x00007ffe967f58fe:   83 c4 20 41 5e c3 cc cc cc cc cc cc cc cc cc cc
0x00007ffe967f590e:   cc cc 48 89 5c 24 08 57 48 83 ec 20 48 8b da 48
0x00007ffe967f591e:   8b f9 e8 5b f7 ff ff 48 8d 05 f4 3e 67 00 48 89
0x00007ffe967f592e:   07 48 85 db 75 04 33 c9 eb 03 48 8b 0b 80 3d 97
0x00007ffe967f593e:   28 87 00 00 b8 10 00 00 00 48 8b 5c 24 30 ba 0c
0x00007ffe967f594e:   00 00 00 0f 45 c2 48 98 8b 0c 08 48 8d 05 b8 41
0x00007ffe967f595e:   67 00 48 89 07 48 8b c7 89 4f 20 48 83 c4 20 5f
0x00007ffe967f596e:   c3 cc 48 8b 05 a1 00 89 00 c3 cc cc cc cc cc cc
0x00007ffe967f597e:   cc cc 48 8b 05 99 00 89 00 c3 cc cc cc cc cc cc
0x00007ffe967f598e:   cc cc 48 8b 05 91 00 89 00 c3 cc cc cc cc cc cc
0x00007ffe967f599e:   cc cc 48 89 5c 24 10 48 89 74 24 18 48 89 7c 24
0x00007ffe967f59ae:   20 41 56 48 83 ec 30 44 8b 05 50 ec 8a 00 4c 8b
0x00007ffe967f59be:   f1 65 48 8b 04 25 58 00 00 00 48 8b ca be 08 00
0x00007ffe967f59ce:   00 00 48 8b da 4a 8b 04 c0 48 8b 34 06 48 8b 02
0x00007ffe967f59de:   ff 50 08 84 c0 0f 84 91 00 00 00 8b 43 08 85 c0
0x00007ffe967f59ee:   7e 2e 49 8b 16 b9 88 00 00 00 e8 b3 1c f0 ff 48
0x00007ffe967f59fe:   85 c0 74 13 48 8b d3 48 8b c8 e8 83 32 ff ff 48
0x00007ffe967f5a0e:   8b d8 e9 b7 01 00 00 33 db 8b c3 e9 ae 01 00 00
0x00007ffe967f5a1e:   3d 00 00 00 c0 7d 25 49 8b 16 b9 48 00 00 00 e8
0x00007ffe967f5a2e:   7e 1c f0 ff 48 85 c0 74 de 48 8b d3 48 8b c8 e8
0x00007ffe967f5a3e:   7e ee ff ff 48 8b d8 e9 82 01 00 00 3d 00 00 00
0x00007ffe967f5a4e:   c0 0f 82 5f 01 00 00 49 8b 16 b9 38 00 00 00 e8
0x00007ffe967f5a5e:   4e 1c f0 ff 48 85 c0 74 ae 48 8b d3 48 8b c8 e8
0x00007ffe967f5a6e:   2e 5a 00 00 48 8b d8 e9 52 01 00 00 48 8b 03 48
0x00007ffe967f5a7e:   8b cb ff 50 10 84 c0 0f 84 96 00 00 00 48 89 5c
0x00007ffe967f5a8e:   24 20 48 89 74 24 28 48 8b be 88 02 00 00 8b 17
0x00007ffe967f5a9e:   3b 57 04 75 08 48 8b cf e8 95 da 02 00 48 63 0f
0x00007ffe967f5aae:   8d 41 01 89 07 48 8b 47 18 48 89 1c c8 33 db 48
0x00007ffe967f5abe:   8b 44 24 20 4c 8b 86 e8 04 00 00 48 8b 48 08 48
0x00007ffe967f5ace:   8b 41 08 48 8b 50 18 48 85 d2 75 04 8b fb eb 0c 


Stack slot to memory mapping:
stack at sp + 0 slots: 0x0000018db58bd680 points into unknown readable memory: 0x2928c3aaffff0003 | 03 00 ff ff aa c3 28 29
stack at sp + 1 slots: 0x0000018db8f75cf0 points into unknown readable memory: 0x6567a8fbffff0009 | 09 00 ff ff fb a8 67 65
stack at sp + 2 slots: 0x00000052783fd9b0 is pointing into the stack for thread: 0x0000018db5a47800
stack at sp + 3 slots: 0x00000052783fda00 is pointing into the stack for thread: 0x0000018db5a47800
stack at sp + 4 slots: 0x00000052783fd9b0 is pointing into the stack for thread: 0x0000018db5a47800
stack at sp + 5 slots: 0x00007ffe96b4409d jvm.dll
stack at sp + 6 slots: 0x0000018dba25e6a0 points into unknown readable memory: 0x00000052783ff818 | 18 f8 3f 78 52 00 00 00
stack at sp + 7 slots: 0x00007ffe967f6132 jvm.dll


---------------  P R O C E S S  ---------------

Threads class SMR info:
_java_thread_list=0x0000018dbf1ed120, length=88, elements={
0x0000018d9a2fc800, 0x0000018db59e3000, 0x0000018db59e4000, 0x0000018db5a3f800,
0x0000018db5a40800, 0x0000018db5a42800, 0x0000018db5a47800, 0x0000018db5a4d000,
0x0000018db5a56800, 0x0000018db64c0000, 0x0000018db7c1f800, 0x0000018db7215800,
0x0000018db74ad800, 0x0000018db820d800, 0x0000018db820e000, 0x0000018db820b000,
0x0000018db820f000, 0x0000018db820a000, 0x0000018db820b800, 0x0000018db884c800,
0x0000018db8848800, 0x0000018db884e800, 0x0000018db7671800, 0x0000018db7673000,
0x0000018db719d800, 0x0000018db884a000, 0x0000018db71a4000, 0x0000018db8851800,
0x0000018db71a9000, 0x0000018db71a1800, 0x0000018db7668800, 0x0000018db719c800,
0x0000018db7667000, 0x0000018db7667800, 0x0000018db766c000, 0x0000018db766a000,
0x0000018db7675000, 0x0000018db71a9800, 0x0000018db71a6800, 0x0000018db71aa800,
0x0000018db8853000, 0x0000018db7670800, 0x0000018dc015b800, 0x0000018db7675800,
0x0000018db8849800, 0x0000018db884b000, 0x0000018db8851000, 0x0000018db8852800,
0x0000018db8850000, 0x0000018db884d800, 0x0000018db8854000, 0x0000018db8855800,
0x0000018dbd08e800, 0x0000018dbd08e000, 0x0000018dbd08f800, 0x0000018dbd090800,
0x0000018dbd091000, 0x0000018dbd092000, 0x0000018dbd08c800, 0x0000018dbd094800,
0x0000018dbd097800, 0x0000018dbd098800, 0x0000018dbd095800, 0x0000018dbd093000,
0x0000018dbd099800, 0x0000018dbd093800, 0x0000018dbd09a000, 0x0000018dbd096000,
0x0000018dbd09b000, 0x0000018dbd097000, 0x0000018db719e800, 0x0000018db719c000,
0x0000018db71a5000, 0x0000018db71a0000, 0x0000018db719f000, 0x0000018db71a0800,
0x0000018db71a5800, 0x0000018db71a7000, 0x0000018db71a8000, 0x0000018db766b000,
0x0000018db766e800, 0x0000018db766c800, 0x0000018db766f000, 0x0000018db7669800,
0x0000018db766d800, 0x0000018db7670000, 0x0000018db7674000, 0x0000018dc0158800
}

Java Threads: ( => current thread )
  0x0000018d9a2fc800 JavaThread "main" [_thread_blocked, id=5792, stack(0x0000005277700000,0x0000005277800000)]
  0x0000018db59e3000 JavaThread "Reference Handler" daemon [_thread_blocked, id=688, stack(0x0000005277e00000,0x0000005277f00000)]
  0x0000018db59e4000 JavaThread "Finalizer" daemon [_thread_blocked, id=11872, stack(0x0000005277f00000,0x0000005278000000)]
  0x0000018db5a3f800 JavaThread "Signal Dispatcher" daemon [_thread_blocked, id=13908, stack(0x0000005278000000,0x0000005278100000)]
  0x0000018db5a40800 JavaThread "Attach Listener" daemon [_thread_blocked, id=4956, stack(0x0000005278100000,0x0000005278200000)]
  0x0000018db5a42800 JavaThread "Service Thread" daemon [_thread_blocked, id=2672, stack(0x0000005278200000,0x0000005278300000)]
=>0x0000018db5a47800 JavaThread "C2 CompilerThread0" daemon [_thread_in_vm, id=13344, stack(0x0000005278300000,0x0000005278400000)]
  0x0000018db5a4d000 JavaThread "C1 CompilerThread0" daemon [_thread_blocked, id=6996, stack(0x0000005278400000,0x0000005278500000)]
  0x0000018db5a56800 JavaThread "Sweeper thread" daemon [_thread_blocked, id=2232, stack(0x0000005278500000,0x0000005278600000)]
  0x0000018db64c0000 JavaThread "Common-Cleaner" daemon [_thread_blocked, id=12940, stack(0x0000005278600000,0x0000005278700000)]
  0x0000018db7c1f800 JavaThread "Daemon health stats" [_thread_blocked, id=12320, stack(0x0000005278900000,0x0000005278a00000)]
  0x0000018db7215800 JavaThread "Incoming local TCP Connector on port 62216" [_thread_in_native, id=10424, stack(0x0000005278a00000,0x0000005278b00000)]
  0x0000018db74ad800 JavaThread "Daemon periodic checks" [_thread_blocked, id=1116, stack(0x0000005278b00000,0x0000005278c00000)]
  0x0000018db820d800 JavaThread "Cache worker for journal cache (C:\Users\dell\.gradle\caches\journal-1)" [_thread_blocked, id=4604, stack(0x0000005279300000,0x0000005279400000)]
  0x0000018db820e000 JavaThread "File lock request listener" [_thread_in_native, id=12612, stack(0x0000005279400000,0x0000005279500000)]
  0x0000018db820b000 JavaThread "Cache worker for file hash cache (C:\Users\dell\.gradle\caches\7.6\fileHashes)" [_thread_blocked, id=4936, stack(0x0000005279500000,0x0000005279600000)]
  0x0000018db820f000 JavaThread "File watcher server" daemon [_thread_in_native, id=13876, stack(0x0000005279600000,0x0000005279700000)]
  0x0000018db820a000 JavaThread "File watcher consumer" daemon [_thread_blocked, id=10208, stack(0x0000005279700000,0x0000005279800000)]
  0x0000018db820b800 JavaThread "Cache worker for file content cache (C:\Users\dell\.gradle\caches\7.6\fileContent)" [_thread_blocked, id=12412, stack(0x0000005279a00000,0x0000005279b00000)]
  0x0000018db884c800 JavaThread "Cache worker for execution history cache (C:\Users\dell\.gradle\caches\7.6\executionHistory)" [_thread_blocked, id=1636, stack(0x0000005279d00000,0x0000005279e00000)]
  0x0000018db8848800 JavaThread "jar transforms" [_thread_blocked, id=11660, stack(0x0000005279e00000,0x0000005279f00000)]
  0x0000018db884e800 JavaThread "jar transforms Thread 2" [_thread_blocked, id=10872, stack(0x0000005279f00000,0x000000527a000000)]
  0x0000018db7671800 JavaThread "Memory manager" [_thread_blocked, id=8600, stack(0x000000527b600000,0x000000527b700000)]
  0x0000018db7673000 JavaThread "pool-3-thread-1" [_thread_blocked, id=5256, stack(0x000000527b900000,0x000000527ba00000)]
  0x0000018db719d800 JavaThread "Cache worker for Java compile cache (C:\Users\dell\.gradle\caches\7.6\javaCompile)" [_thread_blocked, id=11068, stack(0x0000005279100000,0x0000005279200000)]
  0x0000018db884a000 JavaThread "pool-8-thread-1" [_thread_blocked, id=10228, stack(0x000000527b500000,0x000000527b600000)]
  0x0000018db71a4000 JavaThread "pool-11-thread-1" [_thread_blocked, id=12368, stack(0x000000527b700000,0x000000527b800000)]
  0x0000018db8851800 JavaThread "pool-14-thread-1" [_thread_blocked, id=3172, stack(0x000000527b800000,0x000000527b900000)]
  0x0000018db71a9000 JavaThread "pool-19-thread-1" [_thread_blocked, id=9980, stack(0x000000527ba00000,0x000000527bb00000)]
  0x0000018db71a1800 JavaThread "pool-24-thread-1" [_thread_blocked, id=1980, stack(0x000000527bb00000,0x000000527bc00000)]
  0x0000018db7668800 JavaThread "pool-29-thread-1" [_thread_blocked, id=4112, stack(0x000000527bd00000,0x000000527be00000)]
  0x0000018db719c800 JavaThread "pool-34-thread-1" [_thread_blocked, id=10512, stack(0x000000527bc00000,0x000000527bd00000)]
  0x0000018db7667000 JavaThread "pool-38-thread-1" [_thread_blocked, id=13464, stack(0x000000527bf00000,0x000000527c000000)]
  0x0000018db7667800 JavaThread "pool-43-thread-1" [_thread_blocked, id=1576, stack(0x000000527be00000,0x000000527bf00000)]
  0x0000018db766c000 JavaThread "pool-48-thread-1" [_thread_blocked, id=8236, stack(0x000000527c100000,0x000000527c200000)]
  0x0000018db766a000 JavaThread "pool-53-thread-1" [_thread_blocked, id=3784, stack(0x000000527c000000,0x000000527c100000)]
  0x0000018db7675000 JavaThread "pool-57-thread-1" [_thread_blocked, id=9316, stack(0x000000527c200000,0x000000527c300000)]
  0x0000018db71a9800 JavaThread "pool-61-thread-1" [_thread_blocked, id=6616, stack(0x000000527c300000,0x000000527c400000)]
  0x0000018db71a6800 JavaThread "pool-66-thread-1" [_thread_blocked, id=7736, stack(0x000000527c400000,0x000000527c500000)]
  0x0000018db71aa800 JavaThread "pool-71-thread-1" [_thread_blocked, id=784, stack(0x000000527c500000,0x000000527c600000)]
  0x0000018db8853000 JavaThread "pool-76-thread-1" [_thread_blocked, id=9588, stack(0x000000527c600000,0x000000527c700000)]
  0x0000018db7670800 JavaThread "pool-81-thread-1" [_thread_blocked, id=6880, stack(0x000000527c700000,0x000000527c800000)]
  0x0000018dc015b800 JavaThread "ForkJoinPool.commonPool-worker-3" daemon [_thread_blocked, id=8328, stack(0x000000527d500000,0x000000527d600000)]
  0x0000018db7675800 JavaThread "pool-86-thread-1" [_thread_blocked, id=3280, stack(0x000000527c900000,0x000000527ca00000)]
  0x0000018db8849800 JavaThread "Daemon Thread 19" [_thread_blocked, id=4296, stack(0x0000005277500000,0x0000005277600000)]
  0x0000018db884b000 JavaThread "Handler for socket connection from /127.0.0.1:62216 to /127.0.0.1:65049" [_thread_in_native, id=5680, stack(0x0000005277600000,0x0000005277700000)]
  0x0000018db8851000 JavaThread "Cancel handler" [_thread_blocked, id=3852, stack(0x0000005278c00000,0x0000005278d00000)]
  0x0000018db8852800 JavaThread "Daemon worker Thread 19" [_thread_blocked, id=1756, stack(0x0000005278d00000,0x0000005278e00000)]
  0x0000018db8850000 JavaThread "Asynchronous log dispatcher for DefaultDaemonConnection: socket connection from /127.0.0.1:62216 to /127.0.0.1:65049" [_thread_blocked, id=5980, stack(0x0000005278e00000,0x0000005278f00000)]
  0x0000018db884d800 JavaThread "Stdin handler" [_thread_blocked, id=5684, stack(0x0000005278f00000,0x0000005279000000)]
  0x0000018db8854000 JavaThread "Daemon client event forwarder" [_thread_blocked, id=12596, stack(0x0000005279000000,0x0000005279100000)]
  0x0000018db8855800 JavaThread "Cache worker for checksums cache (C:\Users\dell\AndroidStudioProjects\TAXGO\.gradle\7.6\checksums)" [_thread_blocked, id=7624, stack(0x0000005279200000,0x0000005279300000)]
  0x0000018dbd08e800 JavaThread "Cache worker for cache directory md-rule (C:\Users\dell\.gradle\caches\7.6\md-rule)" [_thread_blocked, id=6952, stack(0x0000005279800000,0x0000005279900000)]
  0x0000018dbd08e000 JavaThread "Cache worker for file hash cache (C:\Users\dell\AndroidStudioProjects\TAXGO\.gradle\7.6\fileHashes)" [_thread_blocked, id=2164, stack(0x0000005279900000,0x0000005279a00000)]
  0x0000018dbd08f800 JavaThread "Cache worker for cache directory md-supplier (C:\Users\dell\.gradle\caches\7.6\md-supplier)" [_thread_blocked, id=9940, stack(0x0000005279b00000,0x0000005279c00000)]
  0x0000018dbd090800 JavaThread "Cache worker for dependencies-accessors (C:\Users\dell\AndroidStudioProjects\TAXGO\.gradle\7.6\dependencies-accessors)" [_thread_blocked, id=10472, stack(0x0000005279c00000,0x0000005279d00000)]
  0x0000018dbd091000 JavaThread "Cache worker for Build Output Cleanup Cache (C:\Users\dell\AndroidStudioProjects\TAXGO\.gradle\buildOutputCleanup)" [_thread_blocked, id=336, stack(0x000000527a000000,0x000000527a100000)]
  0x0000018dbd092000 JavaThread "Unconstrained build operations" [_thread_blocked, id=12884, stack(0x000000527a100000,0x000000527a200000)]
  0x0000018dbd08c800 JavaThread "Unconstrained build operations Thread 2" [_thread_blocked, id=6452, stack(0x000000527a200000,0x000000527a300000)]
  0x0000018dbd094800 JavaThread "Unconstrained build operations Thread 3" [_thread_blocked, id=1872, stack(0x000000527a300000,0x000000527a400000)]
  0x0000018dbd097800 JavaThread "Unconstrained build operations Thread 4" [_thread_blocked, id=5104, stack(0x000000527a400000,0x000000527a500000)]
  0x0000018dbd098800 JavaThread "Unconstrained build operations Thread 5" [_thread_blocked, id=3620, stack(0x000000527a500000,0x000000527a600000)]
  0x0000018dbd095800 JavaThread "Unconstrained build operations Thread 6" [_thread_blocked, id=11744, stack(0x000000527a600000,0x000000527a700000)]
  0x0000018dbd093000 JavaThread "Unconstrained build operations Thread 7" [_thread_blocked, id=8592, stack(0x000000527a700000,0x000000527a800000)]
  0x0000018dbd099800 JavaThread "Unconstrained build operations Thread 8" [_thread_blocked, id=2816, stack(0x000000527a800000,0x000000527a900000)]
  0x0000018dbd093800 JavaThread "Unconstrained build operations Thread 9" [_thread_blocked, id=2108, stack(0x000000527a900000,0x000000527aa00000)]
  0x0000018dbd09a000 JavaThread "Unconstrained build operations Thread 10" [_thread_blocked, id=10048, stack(0x000000527aa00000,0x000000527ab00000)]
  0x0000018dbd096000 JavaThread "Unconstrained build operations Thread 11" [_thread_blocked, id=11108, stack(0x000000527ab00000,0x000000527ac00000)]
  0x0000018dbd09b000 JavaThread "Unconstrained build operations Thread 12" [_thread_blocked, id=1236, stack(0x000000527ac00000,0x000000527ad00000)]
  0x0000018dbd097000 JavaThread "Unconstrained build operations Thread 13" [_thread_blocked, id=3876, stack(0x000000527ad00000,0x000000527ae00000)]
  0x0000018db719e800 JavaThread "Unconstrained build operations Thread 14" [_thread_blocked, id=13644, stack(0x000000527ae00000,0x000000527af00000)]
  0x0000018db719c000 JavaThread "Unconstrained build operations Thread 15" [_thread_blocked, id=13592, stack(0x000000527af00000,0x000000527b000000)]
  0x0000018db71a5000 JavaThread "Unconstrained build operations Thread 16" [_thread_blocked, id=7528, stack(0x000000527b000000,0x000000527b100000)]
  0x0000018db71a0000 JavaThread "Unconstrained build operations Thread 17" [_thread_blocked, id=1068, stack(0x000000527b100000,0x000000527b200000)]
  0x0000018db719f000 JavaThread "Unconstrained build operations Thread 18" [_thread_blocked, id=13084, stack(0x000000527b200000,0x000000527b300000)]
  0x0000018db71a0800 JavaThread "Unconstrained build operations Thread 19" [_thread_blocked, id=6408, stack(0x000000527b300000,0x000000527b400000)]
  0x0000018db71a5800 JavaThread "Unconstrained build operations Thread 20" [_thread_blocked, id=3400, stack(0x000000527b400000,0x000000527b500000)]
  0x0000018db71a7000 JavaThread "build event listener" [_thread_blocked, id=13652, stack(0x000000527c800000,0x000000527c900000)]
  0x0000018db71a8000 JavaThread "pool-91-thread-1" [_thread_blocked, id=12964, stack(0x000000527ca00000,0x000000527cb00000)]
  0x0000018db766b000 JavaThread "build event listener" [_thread_blocked, id=3936, stack(0x000000527cb00000,0x000000527cc00000)]
  0x0000018db766e800 JavaThread "included builds" [_thread_in_Java, id=8016, stack(0x000000527cc00000,0x000000527cd00000)]
  0x0000018db766c800 JavaThread "Execution worker" [_thread_blocked, id=4704, stack(0x000000527cd00000,0x000000527ce00000)]
  0x0000018db766f000 JavaThread "Cache worker for execution history cache (C:\Users\dell\AndroidStudioProjects\TAXGO\.gradle\7.6\executionHistory)" [_thread_blocked, id=6264, stack(0x000000527ce00000,0x000000527cf00000)]
  0x0000018db7669800 JavaThread "WorkerExecutor Queue" [_thread_blocked, id=10244, stack(0x000000527cf00000,0x000000527d000000)]
  0x0000018db766d800 JavaThread "WorkerExecutor Queue Thread 2" [_thread_blocked, id=10500, stack(0x000000527d000000,0x000000527d100000)]
  0x0000018db7670000 JavaThread "pool-92-thread-1" [_thread_blocked, id=13744, stack(0x000000527d100000,0x000000527d200000)]
  0x0000018db7674000 JavaThread "stderr" [_thread_in_native, id=3092, stack(0x000000527d200000,0x000000527d300000)]
  0x0000018dc0158800 JavaThread "stdout" [_thread_in_native, id=6460, stack(0x000000527d300000,0x000000527d400000)]

Other Threads:
  0x0000018db59df000 VMThread "VM Thread" [stack: 0x0000005277d00000,0x0000005277e00000] [id=10868]
  0x0000018db64e6000 WatcherThread [stack: 0x0000005278700000,0x0000005278800000] [id=9080]
  0x0000018d9a314000 GCTaskThread "GC Thread#0" [stack: 0x0000005277800000,0x0000005277900000] [id=12848]
  0x0000018db6601000 GCTaskThread "GC Thread#1" [stack: 0x0000005278800000,0x0000005278900000] [id=7864]
  0x0000018d9a344000 ConcurrentGCThread "G1 Main Marker" [stack: 0x0000005277900000,0x0000005277a00000] [id=12660]
  0x0000018d9a347000 ConcurrentGCThread "G1 Conc#0" [stack: 0x0000005277a00000,0x0000005277b00000] [id=4500]
  0x0000018d9a398000 ConcurrentGCThread "G1 Refine#0" [stack: 0x0000005277b00000,0x0000005277c00000] [id=10788]
  0x0000018d9a399000 ConcurrentGCThread "G1 Young RemSet Sampling" [stack: 0x0000005277c00000,0x0000005277d00000] [id=7164]

Threads with active compile tasks:
C2 CompilerThread011735953 33867 %     4       org.gradle.internal.normalization.java.impl.ApiMemberWriter::writeClass @ 131 (275 bytes)

VM state:not at safepoint (normal execution)

VM Mutex/Monitor currently owned by a thread: None

Heap address: 0x0000000080000000, size: 2048 MB, Compressed Oops mode: 32-bit
Narrow klass base: 0x0000000000000000, Narrow klass shift: 3
Compressed class space size: 1073741824 Address: 0x0000000100000000

Heap:
 garbage-first heap   total 262144K, used 149006K [0x0000000080000000, 0x0000000100000000)
  region size 1024K, 59 young (60416K), 2 survivors (2048K)
 Metaspace       used 142076K, capacity 147174K, committed 147356K, reserved 1177600K
  class space    used 16855K, capacity 18725K, committed 18764K, reserved 1048576K
Heap Regions: E=young(eden), S=young(survivor), O=old, HS=humongous(starts), HC=humongous(continues), CS=collection set, F=free, A=archive, TAMS=top-at-mark-start (previous, next)
|   0|0x0000000080000000, 0x0000000080100000, 0x0000000080100000|100%| O|  |TAMS 0x0000000080100000, 0x0000000080000000| Untracked 
|   1|0x0000000080100000, 0x0000000080200000, 0x0000000080200000|100%|HS|  |TAMS 0x0000000080200000, 0x0000000080100000| Complete 
|   2|0x0000000080200000, 0x0000000080300000, 0x0000000080300000|100%|HC|  |TAMS 0x0000000080300000, 0x0000000080200000| Complete 
|   3|0x0000000080300000, 0x0000000080400000, 0x0000000080400000|100%|HC|  |TAMS 0x0000000080400000, 0x0000000080300000| Complete 
|   4|0x0000000080400000, 0x0000000080500000, 0x0000000080500000|100%| O|  |TAMS 0x0000000080500000, 0x0000000080400000| Untracked 
|   5|0x0000000080500000, 0x0000000080600000, 0x0000000080600000|100%| O|  |TAMS 0x0000000080600000, 0x0000000080500000| Untracked 
|   6|0x0000000080600000, 0x0000000080700000, 0x0000000080700000|100%| O|  |TAMS 0x0000000080700000, 0x0000000080600000| Untracked 
|   7|0x0000000080700000, 0x0000000080800000, 0x0000000080800000|100%| O|  |TAMS 0x0000000080800000, 0x0000000080700000| Untracked 
|   8|0x0000000080800000, 0x0000000080900000, 0x0000000080900000|100%| O|  |TAMS 0x0000000080900000, 0x0000000080800000| Untracked 
|   9|0x0000000080900000, 0x0000000080a00000, 0x0000000080a00000|100%| O|  |TAMS 0x0000000080a00000, 0x0000000080900000| Untracked 
|  10|0x0000000080a00000, 0x0000000080b00000, 0x0000000080b00000|100%| O|  |TAMS 0x0000000080b00000, 0x0000000080a00000| Untracked 
|  11|0x0000000080b00000, 0x0000000080c00000, 0x0000000080c00000|100%| O|  |TAMS 0x0000000080c00000, 0x0000000080b00000| Untracked 
|  12|0x0000000080c00000, 0x0000000080d00000, 0x0000000080d00000|100%| O|  |TAMS 0x0000000080d00000, 0x0000000080c00000| Untracked 
|  13|0x0000000080d00000, 0x0000000080e00000, 0x0000000080e00000|100%| O|  |TAMS 0x0000000080e00000, 0x0000000080d00000| Untracked 
|  14|0x0000000080e00000, 0x0000000080f00000, 0x0000000080f00000|100%| O|  |TAMS 0x0000000080f00000, 0x0000000080e00000| Untracked 
|  15|0x0000000080f00000, 0x0000000081000000, 0x0000000081000000|100%| O|  |TAMS 0x0000000080f00000, 0x0000000080f00000| Untracked 
|  16|0x0000000081000000, 0x0000000081100000, 0x0000000081100000|100%| O|  |TAMS 0x0000000081100000, 0x0000000081000000| Untracked 
|  17|0x0000000081100000, 0x0000000081200000, 0x0000000081200000|100%| O|  |TAMS 0x0000000081200000, 0x0000000081100000| Untracked 
|  18|0x0000000081200000, 0x0000000081300000, 0x0000000081300000|100%| O|  |TAMS 0x0000000081300000, 0x0000000081200000| Untracked 
|  19|0x0000000081300000, 0x0000000081400000, 0x0000000081400000|100%| O|  |TAMS 0x0000000081400000, 0x0000000081300000| Untracked 
|  20|0x0000000081400000, 0x0000000081500000, 0x0000000081500000|100%| O|  |TAMS 0x0000000081500000, 0x0000000081400000| Untracked 
|  21|0x0000000081500000, 0x0000000081600000, 0x0000000081600000|100%| O|  |TAMS 0x0000000081600000, 0x0000000081500000| Untracked 
|  22|0x0000000081600000, 0x0000000081700000, 0x0000000081700000|100%| O|  |TAMS 0x0000000081700000, 0x0000000081600000| Untracked 
|  23|0x0000000081700000, 0x0000000081800000, 0x0000000081800000|100%| O|  |TAMS 0x0000000081800000, 0x0000000081700000| Untracked 
|  24|0x0000000081800000, 0x0000000081900000, 0x0000000081900000|100%| O|  |TAMS 0x0000000081900000, 0x0000000081800000| Untracked 
|  25|0x0000000081900000, 0x0000000081a00000, 0x0000000081a00000|100%| O|  |TAMS 0x0000000081a00000, 0x0000000081900000| Untracked 
|  26|0x0000000081a00000, 0x0000000081b00000, 0x0000000081b00000|100%|HS|  |TAMS 0x0000000081b00000, 0x0000000081a00000| Complete 
|  27|0x0000000081b00000, 0x0000000081c00000, 0x0000000081c00000|100%| O|  |TAMS 0x0000000081c00000, 0x0000000081b00000| Untracked 
|  28|0x0000000081c00000, 0x0000000081d00000, 0x0000000081d00000|100%| O|  |TAMS 0x0000000081d00000, 0x0000000081c00000| Untracked 
|  29|0x0000000081d00000, 0x0000000081e00000, 0x0000000081e00000|100%|HS|  |TAMS 0x0000000081e00000, 0x0000000081d00000| Complete 
|  30|0x0000000081e00000, 0x0000000081f00000, 0x0000000081f00000|100%|HS|  |TAMS 0x0000000081f00000, 0x0000000081e00000| Complete 
|  31|0x0000000081f00000, 0x0000000082000000, 0x0000000082000000|100%|HC|  |TAMS 0x0000000082000000, 0x0000000081f00000| Complete 
|  32|0x0000000082000000, 0x0000000082100000, 0x0000000082100000|100%| O|  |TAMS 0x0000000082100000, 0x0000000082000000| Untracked 
|  33|0x0000000082100000, 0x0000000082200000, 0x0000000082200000|100%| O|  |TAMS 0x0000000082200000, 0x0000000082100000| Untracked 
|  34|0x0000000082200000, 0x0000000082300000, 0x0000000082300000|100%| O|  |TAMS 0x0000000082300000, 0x0000000082200000| Untracked 
|  35|0x0000000082300000, 0x0000000082400000, 0x0000000082400000|100%| O|  |TAMS 0x0000000082400000, 0x0000000082300000| Untracked 
|  36|0x0000000082400000, 0x0000000082500000, 0x0000000082500000|100%| O|  |TAMS 0x0000000082500000, 0x0000000082400000| Untracked 
|  37|0x0000000082500000, 0x0000000082600000, 0x0000000082600000|100%| O|  |TAMS 0x0000000082600000, 0x0000000082500000| Untracked 
|  38|0x0000000082600000, 0x0000000082700000, 0x0000000082700000|100%| O|  |TAMS 0x0000000082700000, 0x0000000082600000| Untracked 
|  39|0x0000000082700000, 0x0000000082800000, 0x0000000082800000|100%| O|  |TAMS 0x0000000082800000, 0x0000000082700000| Untracked 
|  40|0x0000000082800000, 0x0000000082900000, 0x0000000082900000|100%| O|  |TAMS 0x0000000082900000, 0x0000000082800000| Untracked 
|  41|0x0000000082900000, 0x0000000082a00000, 0x0000000082a00000|100%| O|  |TAMS 0x0000000082a00000, 0x0000000082900000| Untracked 
|  42|0x0000000082a00000, 0x0000000082b00000, 0x0000000082b00000|100%| O|  |TAMS 0x0000000082b00000, 0x0000000082a00000| Untracked 
|  43|0x0000000082b00000, 0x0000000082c00000, 0x0000000082c00000|100%| O|  |TAMS 0x0000000082c00000, 0x0000000082b00000| Untracked 
|  44|0x0000000082c00000, 0x0000000082d00000, 0x0000000082d00000|100%| O|  |TAMS 0x0000000082d00000, 0x0000000082c00000| Untracked 
|  45|0x0000000082d00000, 0x0000000082e00000, 0x0000000082e00000|100%| O|  |TAMS 0x0000000082e00000, 0x0000000082d00000| Untracked 
|  46|0x0000000082e00000, 0x0000000082f00000, 0x0000000082f00000|100%| O|  |TAMS 0x0000000082f00000, 0x0000000082e00000| Untracked 
|  47|0x0000000082f00000, 0x0000000083000000, 0x0000000083000000|100%| O|  |TAMS 0x0000000083000000, 0x0000000082f00000| Untracked 
|  48|0x0000000083000000, 0x0000000083100000, 0x0000000083100000|100%| O|  |TAMS 0x0000000083100000, 0x0000000083000000| Untracked 
|  49|0x0000000083100000, 0x0000000083200000, 0x0000000083200000|100%| O|  |TAMS 0x0000000083200000, 0x0000000083100000| Untracked 
|  50|0x0000000083200000, 0x0000000083300000, 0x0000000083300000|100%| O|  |TAMS 0x000000008329ac00, 0x0000000083200000| Untracked 
|  51|0x0000000083300000, 0x00000000833caa00, 0x0000000083400000| 79%| O|  |TAMS 0x0000000083300000, 0x0000000083300000| Untracked 
|  52|0x0000000083400000, 0x0000000083500000, 0x0000000083500000|100%| O|  |TAMS 0x0000000083500000, 0x0000000083400000| Untracked 
|  53|0x0000000083500000, 0x0000000083600000, 0x0000000083600000|100%| O|  |TAMS 0x0000000083600000, 0x0000000083500000| Untracked 
|  54|0x0000000083600000, 0x0000000083700000, 0x0000000083700000|100%| O|  |TAMS 0x0000000083700000, 0x0000000083600000| Untracked 
|  55|0x0000000083700000, 0x0000000083800000, 0x0000000083800000|100%| O|  |TAMS 0x0000000083800000, 0x0000000083700000| Untracked 
|  56|0x0000000083800000, 0x0000000083800000, 0x0000000083900000|  0%| F|  |TAMS 0x0000000083800000, 0x0000000083800000| Untracked 
|  57|0x0000000083900000, 0x0000000083a00000, 0x0000000083a00000|100%| O|  |TAMS 0x0000000083a00000, 0x0000000083900000| Untracked 
|  58|0x0000000083a00000, 0x0000000083a00000, 0x0000000083b00000|  0%| F|  |TAMS 0x0000000083a00000, 0x0000000083a00000| Untracked 
|  59|0x0000000083b00000, 0x0000000083b00000, 0x0000000083c00000|  0%| F|  |TAMS 0x0000000083b00000, 0x0000000083b00000| Untracked 
|  60|0x0000000083c00000, 0x0000000083c00000, 0x0000000083d00000|  0%| F|  |TAMS 0x0000000083c00000, 0x0000000083c00000| Untracked 
|  61|0x0000000083d00000, 0x0000000083d00000, 0x0000000083e00000|  0%| F|  |TAMS 0x0000000083d00000, 0x0000000083d00000| Untracked 
|  62|0x0000000083e00000, 0x0000000083f00000, 0x0000000083f00000|100%| O|  |TAMS 0x0000000083f00000, 0x0000000083e00000| Untracked 
|  63|0x0000000083f00000, 0x0000000083f00000, 0x0000000084000000|  0%| F|  |TAMS 0x0000000083f00000, 0x0000000083f00000| Untracked 
|  64|0x0000000084000000, 0x0000000084100000, 0x0000000084100000|100%| O|  |TAMS 0x0000000084100000, 0x0000000084000000| Untracked 
|  65|0x0000000084100000, 0x0000000084200000, 0x0000000084200000|100%| O|  |TAMS 0x0000000084200000, 0x0000000084100000| Untracked 
|  66|0x0000000084200000, 0x0000000084200000, 0x0000000084300000|  0%| F|  |TAMS 0x0000000084200000, 0x0000000084200000| Untracked 
|  67|0x0000000084300000, 0x0000000084400000, 0x0000000084400000|100%| O|  |TAMS 0x0000000084400000, 0x0000000084300000| Untracked 
|  68|0x0000000084400000, 0x0000000084500000, 0x0000000084500000|100%| O|  |TAMS 0x0000000084500000, 0x0000000084400000| Untracked 
|  69|0x0000000084500000, 0x0000000084500000, 0x0000000084600000|  0%| F|  |TAMS 0x0000000084500000, 0x0000000084500000| Untracked 
|  70|0x0000000084600000, 0x0000000084700000, 0x0000000084700000|100%| O|  |TAMS 0x0000000084700000, 0x0000000084600000| Untracked 
|  71|0x0000000084700000, 0x0000000084800000, 0x0000000084800000|100%| O|  |TAMS 0x0000000084800000, 0x0000000084700000| Untracked 
|  72|0x0000000084800000, 0x0000000084900000, 0x0000000084900000|100%| O|  |TAMS 0x0000000084900000, 0x0000000084800000| Untracked 
|  73|0x0000000084900000, 0x0000000084a00000, 0x0000000084a00000|100%| O|  |TAMS 0x0000000084a00000, 0x0000000084900000| Untracked 
|  74|0x0000000084a00000, 0x0000000084a00000, 0x0000000084b00000|  0%| F|  |TAMS 0x0000000084a00000, 0x0000000084a00000| Untracked 
|  75|0x0000000084b00000, 0x0000000084c00000, 0x0000000084c00000|100%| O|  |TAMS 0x0000000084c00000, 0x0000000084b00000| Untracked 
|  76|0x0000000084c00000, 0x0000000084c00000, 0x0000000084d00000|  0%| F|  |TAMS 0x0000000084c00000, 0x0000000084c00000| Untracked 
|  77|0x0000000084d00000, 0x0000000084e00000, 0x0000000084e00000|100%| O|  |TAMS 0x0000000084e00000, 0x0000000084d00000| Untracked 
|  78|0x0000000084e00000, 0x0000000084e00000, 0x0000000084f00000|  0%| F|  |TAMS 0x0000000084e00000, 0x0000000084e00000| Untracked 
|  79|0x0000000084f00000, 0x0000000084f00000, 0x0000000085000000|  0%| F|  |TAMS 0x0000000084f00000, 0x0000000084f00000| Untracked 
|  80|0x0000000085000000, 0x0000000085000000, 0x0000000085100000|  0%| F|  |TAMS 0x0000000085000000, 0x0000000085000000| Untracked 
|  81|0x0000000085100000, 0x0000000085100000, 0x0000000085200000|  0%| F|  |TAMS 0x0000000085100000, 0x0000000085100000| Untracked 
|  82|0x0000000085200000, 0x0000000085300000, 0x0000000085300000|100%| O|  |TAMS 0x0000000085300000, 0x0000000085200000| Untracked 
|  83|0x0000000085300000, 0x0000000085300000, 0x0000000085400000|  0%| F|  |TAMS 0x0000000085300000, 0x0000000085300000| Untracked 
|  84|0x0000000085400000, 0x0000000085500000, 0x0000000085500000|100%| O|  |TAMS 0x0000000085500000, 0x0000000085400000| Untracked 
|  85|0x0000000085500000, 0x0000000085500000, 0x0000000085600000|  0%| F|  |TAMS 0x0000000085500000, 0x0000000085500000| Untracked 
|  86|0x0000000085600000, 0x0000000085600000, 0x0000000085700000|  0%| F|  |TAMS 0x0000000085600000, 0x0000000085600000| Untracked 
|  87|0x0000000085700000, 0x0000000085800000, 0x0000000085800000|100%| O|  |TAMS 0x0000000085800000, 0x0000000085700000| Untracked 
|  88|0x0000000085800000, 0x0000000085800000, 0x0000000085900000|  0%| F|  |TAMS 0x0000000085800000, 0x0000000085800000| Untracked 
|  89|0x0000000085900000, 0x0000000085900000, 0x0000000085a00000|  0%| F|  |TAMS 0x0000000085900000, 0x0000000085900000| Untracked 
|  90|0x0000000085a00000, 0x0000000085b00000, 0x0000000085b00000|100%| O|  |TAMS 0x0000000085b00000, 0x0000000085a00000| Untracked 
|  91|0x0000000085b00000, 0x0000000085b00000, 0x0000000085c00000|  0%| F|  |TAMS 0x0000000085b00000, 0x0000000085b00000| Untracked 
|  92|0x0000000085c00000, 0x0000000085d00000, 0x0000000085d00000|100%| O|  |TAMS 0x0000000085d00000, 0x0000000085c00000| Untracked 
|  93|0x0000000085d00000, 0x0000000085d00000, 0x0000000085e00000|  0%| F|  |TAMS 0x0000000085d00000, 0x0000000085d00000| Untracked 
|  94|0x0000000085e00000, 0x0000000085f00000, 0x0000000085f00000|100%| O|  |TAMS 0x0000000085f00000, 0x0000000085e00000| Untracked 
|  95|0x0000000085f00000, 0x0000000085f00000, 0x0000000086000000|  0%| F|  |TAMS 0x0000000085f00000, 0x0000000085f00000| Untracked 
|  96|0x0000000086000000, 0x0000000086100000, 0x0000000086100000|100%| O|  |TAMS 0x0000000086100000, 0x0000000086000000| Untracked 
|  97|0x0000000086100000, 0x0000000086200000, 0x0000000086200000|100%| O|  |TAMS 0x0000000086200000, 0x0000000086100000| Untracked 
|  98|0x0000000086200000, 0x0000000086300000, 0x0000000086300000|100%| O|  |TAMS 0x0000000086300000, 0x0000000086200000| Untracked 
|  99|0x0000000086300000, 0x0000000086400000, 0x0000000086400000|100%| O|  |TAMS 0x0000000086400000, 0x0000000086300000| Untracked 
| 100|0x0000000086400000, 0x0000000086500000, 0x0000000086500000|100%| O|  |TAMS 0x0000000086500000, 0x0000000086400000| Untracked 
| 101|0x0000000086500000, 0x0000000086500000, 0x0000000086600000|  0%| F|  |TAMS 0x0000000086500000, 0x0000000086500000| Untracked 
| 102|0x0000000086600000, 0x0000000086700000, 0x0000000086700000|100%| O|  |TAMS 0x0000000086700000, 0x0000000086600000| Untracked 
| 103|0x0000000086700000, 0x0000000086800000, 0x0000000086800000|100%| O|  |TAMS 0x0000000086800000, 0x0000000086700000| Untracked 
| 104|0x0000000086800000, 0x0000000086800000, 0x0000000086900000|  0%| F|  |TAMS 0x0000000086800000, 0x0000000086800000| Untracked 
| 105|0x0000000086900000, 0x0000000086900000, 0x0000000086a00000|  0%| F|  |TAMS 0x0000000086900000, 0x0000000086900000| Untracked 
| 106|0x0000000086a00000, 0x0000000086b00000, 0x0000000086b00000|100%| O|  |TAMS 0x0000000086b00000, 0x0000000086a00000| Untracked 
| 107|0x0000000086b00000, 0x0000000086b00000, 0x0000000086c00000|  0%| F|  |TAMS 0x0000000086b00000, 0x0000000086b00000| Untracked 
| 108|0x0000000086c00000, 0x0000000086d00000, 0x0000000086d00000|100%| O|  |TAMS 0x0000000086d00000, 0x0000000086c00000| Untracked 
| 109|0x0000000086d00000, 0x0000000086d00000, 0x0000000086e00000|  0%| F|  |TAMS 0x0000000086d00000, 0x0000000086d00000| Untracked 
| 110|0x0000000086e00000, 0x0000000086f00000, 0x0000000086f00000|100%| O|  |TAMS 0x0000000086f00000, 0x0000000086e00000| Untracked 
| 111|0x0000000086f00000, 0x0000000086f00000, 0x0000000087000000|  0%| F|  |TAMS 0x0000000086f00000, 0x0000000086f00000| Untracked 
| 112|0x0000000087000000, 0x0000000087000000, 0x0000000087100000|  0%| F|  |TAMS 0x0000000087000000, 0x0000000087000000| Untracked 
| 113|0x0000000087100000, 0x0000000087100000, 0x0000000087200000|  0%| F|  |TAMS 0x0000000087100000, 0x0000000087100000| Untracked 
| 114|0x0000000087200000, 0x0000000087200000, 0x0000000087300000|  0%| F|  |TAMS 0x0000000087200000, 0x0000000087200000| Untracked 
| 115|0x0000000087300000, 0x0000000087300000, 0x0000000087400000|  0%| F|  |TAMS 0x0000000087300000, 0x0000000087300000| Untracked 
| 116|0x0000000087400000, 0x0000000087400000, 0x0000000087500000|  0%| F|  |TAMS 0x0000000087400000, 0x0000000087400000| Untracked 
| 117|0x0000000087500000, 0x0000000087500000, 0x0000000087600000|  0%| F|  |TAMS 0x0000000087500000, 0x0000000087500000| Untracked 
| 118|0x0000000087600000, 0x0000000087600000, 0x0000000087700000|  0%| F|  |TAMS 0x0000000087600000, 0x0000000087600000| Untracked 
| 119|0x0000000087700000, 0x0000000087700000, 0x0000000087800000|  0%| F|  |TAMS 0x0000000087700000, 0x0000000087700000| Untracked 
| 120|0x0000000087800000, 0x0000000087800000, 0x0000000087900000|  0%| F|  |TAMS 0x0000000087800000, 0x0000000087800000| Untracked 
| 121|0x0000000087900000, 0x0000000087a00000, 0x0000000087a00000|100%| O|  |TAMS 0x0000000087a00000, 0x0000000087900000| Untracked 
| 122|0x0000000087a00000, 0x0000000087a00000, 0x0000000087b00000|  0%| F|  |TAMS 0x0000000087a00000, 0x0000000087a00000| Untracked 
| 123|0x0000000087b00000, 0x0000000087c00000, 0x0000000087c00000|100%| O|  |TAMS 0x0000000087c00000, 0x0000000087b00000| Untracked 
| 124|0x0000000087c00000, 0x0000000087c00000, 0x0000000087d00000|  0%| F|  |TAMS 0x0000000087c00000, 0x0000000087c00000| Untracked 
| 125|0x0000000087d00000, 0x0000000087d00000, 0x0000000087e00000|  0%| F|  |TAMS 0x0000000087d00000, 0x0000000087d00000| Untracked 
| 126|0x0000000087e00000, 0x0000000087f00000, 0x0000000087f00000|100%| O|  |TAMS 0x0000000087f00000, 0x0000000087e00000| Untracked 
| 127|0x0000000087f00000, 0x0000000087f00000, 0x0000000088000000|  0%| F|  |TAMS 0x0000000087f00000, 0x0000000087f00000| Untracked 
| 128|0x0000000088000000, 0x0000000088000000, 0x0000000088100000|  0%| F|  |TAMS 0x0000000088000000, 0x0000000088000000| Untracked 
| 129|0x0000000088100000, 0x0000000088100000, 0x0000000088200000|  0%| F|  |TAMS 0x0000000088100000, 0x0000000088100000| Untracked 
| 130|0x0000000088200000, 0x0000000088200000, 0x0000000088300000|  0%| F|  |TAMS 0x0000000088200000, 0x0000000088200000| Untracked 
| 131|0x0000000088300000, 0x0000000088300000, 0x0000000088400000|  0%| F|  |TAMS 0x0000000088300000, 0x0000000088300000| Untracked 
| 132|0x0000000088400000, 0x0000000088500000, 0x0000000088500000|100%| O|  |TAMS 0x0000000088500000, 0x0000000088400000| Untracked 
| 133|0x0000000088500000, 0x0000000088600000, 0x0000000088600000|100%| O|  |TAMS 0x0000000088600000, 0x0000000088500000| Untracked 
| 134|0x0000000088600000, 0x0000000088600000, 0x0000000088700000|  0%| F|  |TAMS 0x0000000088600000, 0x0000000088600000| Untracked 
| 135|0x0000000088700000, 0x0000000088700000, 0x0000000088800000|  0%| F|  |TAMS 0x0000000088700000, 0x0000000088700000| Untracked 
| 136|0x0000000088800000, 0x0000000088800000, 0x0000000088900000|  0%| F|  |TAMS 0x0000000088800000, 0x0000000088800000| Untracked 
| 137|0x0000000088900000, 0x0000000088900000, 0x0000000088a00000|  0%| F|  |TAMS 0x0000000088900000, 0x0000000088900000| Untracked 
| 138|0x0000000088a00000, 0x0000000088a00000, 0x0000000088b00000|  0%| F|  |TAMS 0x0000000088a00000, 0x0000000088a00000| Untracked 
| 139|0x0000000088b00000, 0x0000000088b00000, 0x0000000088c00000|  0%| F|  |TAMS 0x0000000088b00000, 0x0000000088b00000| Untracked 
| 140|0x0000000088c00000, 0x0000000088c00000, 0x0000000088d00000|  0%| F|  |TAMS 0x0000000088c00000, 0x0000000088c00000| Untracked 
| 141|0x0000000088d00000, 0x0000000088d00000, 0x0000000088e00000|  0%| F|  |TAMS 0x0000000088d00000, 0x0000000088d00000| Untracked 
| 142|0x0000000088e00000, 0x0000000088e00000, 0x0000000088f00000|  0%| F|  |TAMS 0x0000000088e00000, 0x0000000088e00000| Untracked 
| 143|0x0000000088f00000, 0x0000000088f00000, 0x0000000089000000|  0%| F|  |TAMS 0x0000000088f00000, 0x0000000088f00000| Untracked 
| 144|0x0000000089000000, 0x0000000089000000, 0x0000000089100000|  0%| F|  |TAMS 0x0000000089000000, 0x0000000089000000| Untracked 
| 145|0x0000000089100000, 0x0000000089100000, 0x0000000089200000|  0%| F|  |TAMS 0x0000000089100000, 0x0000000089100000| Untracked 
| 146|0x0000000089200000, 0x0000000089200000, 0x0000000089300000|  0%| F|  |TAMS 0x0000000089200000, 0x0000000089200000| Untracked 
| 147|0x0000000089300000, 0x0000000089300000, 0x0000000089400000|  0%| F|  |TAMS 0x0000000089300000, 0x0000000089300000| Untracked 
| 148|0x0000000089400000, 0x0000000089400000, 0x0000000089500000|  0%| F|  |TAMS 0x0000000089400000, 0x0000000089400000| Untracked 
| 149|0x0000000089500000, 0x0000000089500000, 0x0000000089600000|  0%| F|  |TAMS 0x0000000089500000, 0x0000000089500000| Untracked 
| 150|0x0000000089600000, 0x0000000089600000, 0x0000000089700000|  0%| F|  |TAMS 0x0000000089600000, 0x0000000089600000| Untracked 
| 151|0x0000000089700000, 0x0000000089700000, 0x0000000089800000|  0%| F|  |TAMS 0x0000000089700000, 0x0000000089700000| Untracked 
| 152|0x0000000089800000, 0x0000000089800000, 0x0000000089900000|  0%| F|  |TAMS 0x0000000089800000, 0x0000000089800000| Untracked 
| 153|0x0000000089900000, 0x0000000089900000, 0x0000000089a00000|  0%| F|  |TAMS 0x0000000089900000, 0x0000000089900000| Untracked 
| 154|0x0000000089a00000, 0x0000000089a00000, 0x0000000089b00000|  0%| F|  |TAMS 0x0000000089a00000, 0x0000000089a00000| Untracked 
| 155|0x0000000089b00000, 0x0000000089b00000, 0x0000000089c00000|  0%| F|  |TAMS 0x0000000089b00000, 0x0000000089b00000| Untracked 
| 156|0x0000000089c00000, 0x0000000089c00000, 0x0000000089d00000|  0%| F|  |TAMS 0x0000000089c00000, 0x0000000089c00000| Untracked 
| 157|0x0000000089d00000, 0x0000000089d00000, 0x0000000089e00000|  0%| F|  |TAMS 0x0000000089d00000, 0x0000000089d00000| Untracked 
| 158|0x0000000089e00000, 0x0000000089e00000, 0x0000000089f00000|  0%| F|  |TAMS 0x0000000089e00000, 0x0000000089e00000| Untracked 
| 159|0x0000000089f00000, 0x0000000089f00000, 0x000000008a000000|  0%| F|  |TAMS 0x0000000089f00000, 0x0000000089f00000| Untracked 
| 160|0x000000008a000000, 0x000000008a000000, 0x000000008a100000|  0%| F|  |TAMS 0x000000008a000000, 0x000000008a000000| Untracked 
| 161|0x000000008a100000, 0x000000008a100000, 0x000000008a200000|  0%| F|  |TAMS 0x000000008a100000, 0x000000008a100000| Untracked 
| 162|0x000000008a200000, 0x000000008a200000, 0x000000008a300000|  0%| F|  |TAMS 0x000000008a200000, 0x000000008a200000| Untracked 
| 163|0x000000008a300000, 0x000000008a300000, 0x000000008a400000|  0%| F|  |TAMS 0x000000008a300000, 0x000000008a300000| Untracked 
| 164|0x000000008a400000, 0x000000008a400000, 0x000000008a500000|  0%| F|  |TAMS 0x000000008a400000, 0x000000008a400000| Untracked 
| 165|0x000000008a500000, 0x000000008a500000, 0x000000008a600000|  0%| F|  |TAMS 0x000000008a500000, 0x000000008a500000| Untracked 
| 166|0x000000008a600000, 0x000000008a600000, 0x000000008a700000|  0%| F|  |TAMS 0x000000008a600000, 0x000000008a600000| Untracked 
| 167|0x000000008a700000, 0x000000008a700000, 0x000000008a800000|  0%| F|  |TAMS 0x000000008a700000, 0x000000008a700000| Untracked 
| 168|0x000000008a800000, 0x000000008a800000, 0x000000008a900000|  0%| F|  |TAMS 0x000000008a800000, 0x000000008a800000| Untracked 
| 169|0x000000008a900000, 0x000000008a900000, 0x000000008aa00000|  0%| F|  |TAMS 0x000000008a900000, 0x000000008a900000| Untracked 
| 170|0x000000008aa00000, 0x000000008aa00000, 0x000000008ab00000|  0%| F|  |TAMS 0x000000008aa00000, 0x000000008aa00000| Untracked 
| 171|0x000000008ab00000, 0x000000008ab00000, 0x000000008ac00000|  0%| F|  |TAMS 0x000000008ab00000, 0x000000008ab00000| Untracked 
| 172|0x000000008ac00000, 0x000000008ac00000, 0x000000008ad00000|  0%| F|  |TAMS 0x000000008ac00000, 0x000000008ac00000| Untracked 
| 173|0x000000008ad00000, 0x000000008ad00000, 0x000000008ae00000|  0%| F|  |TAMS 0x000000008ad00000, 0x000000008ad00000| Untracked 
| 174|0x000000008ae00000, 0x000000008ae00000, 0x000000008af00000|  0%| F|  |TAMS 0x000000008ae00000, 0x000000008ae00000| Untracked 
| 175|0x000000008af00000, 0x000000008af00000, 0x000000008b000000|  0%| F|  |TAMS 0x000000008af00000, 0x000000008af00000| Untracked 
| 176|0x000000008b000000, 0x000000008b000000, 0x000000008b100000|  0%| F|  |TAMS 0x000000008b000000, 0x000000008b000000| Untracked 
| 177|0x000000008b100000, 0x000000008b100000, 0x000000008b200000|  0%| F|  |TAMS 0x000000008b100000, 0x000000008b100000| Untracked 
| 178|0x000000008b200000, 0x000000008b200000, 0x000000008b300000|  0%| F|  |TAMS 0x000000008b200000, 0x000000008b200000| Untracked 
| 179|0x000000008b300000, 0x000000008b300000, 0x000000008b400000|  0%| F|  |TAMS 0x000000008b300000, 0x000000008b300000| Untracked 
| 180|0x000000008b400000, 0x000000008b400000, 0x000000008b500000|  0%| F|  |TAMS 0x000000008b400000, 0x000000008b400000| Untracked 
| 181|0x000000008b500000, 0x000000008b500000, 0x000000008b600000|  0%| F|  |TAMS 0x000000008b500000, 0x000000008b500000| Untracked 
| 182|0x000000008b600000, 0x000000008b600000, 0x000000008b700000|  0%| F|  |TAMS 0x000000008b600000, 0x000000008b600000| Untracked 
| 183|0x000000008b700000, 0x000000008b700000, 0x000000008b800000|  0%| F|  |TAMS 0x000000008b700000, 0x000000008b700000| Untracked 
| 184|0x000000008b800000, 0x000000008b800000, 0x000000008b900000|  0%| F|  |TAMS 0x000000008b800000, 0x000000008b800000| Untracked 
| 185|0x000000008b900000, 0x000000008b900000, 0x000000008ba00000|  0%| F|  |TAMS 0x000000008b900000, 0x000000008b900000| Untracked 
| 186|0x000000008ba00000, 0x000000008ba00000, 0x000000008bb00000|  0%| F|  |TAMS 0x000000008ba00000, 0x000000008ba00000| Untracked 
| 187|0x000000008bb00000, 0x000000008bb00000, 0x000000008bc00000|  0%| F|  |TAMS 0x000000008bb00000, 0x000000008bb00000| Untracked 
| 188|0x000000008bc00000, 0x000000008bc00000, 0x000000008bd00000|  0%| F|  |TAMS 0x000000008bc00000, 0x000000008bc00000| Untracked 
| 189|0x000000008bd00000, 0x000000008bd00000, 0x000000008be00000|  0%| F|  |TAMS 0x000000008bd00000, 0x000000008bd00000| Untracked 
| 190|0x000000008be00000, 0x000000008be00000, 0x000000008bf00000|  0%| F|  |TAMS 0x000000008be00000, 0x000000008be00000| Untracked 
| 191|0x000000008bf00000, 0x000000008bf00000, 0x000000008c000000|  0%| F|  |TAMS 0x000000008bf00000, 0x000000008bf00000| Untracked 
| 192|0x000000008c000000, 0x000000008c000000, 0x000000008c100000|  0%| F|  |TAMS 0x000000008c000000, 0x000000008c000000| Untracked 
| 193|0x000000008c100000, 0x000000008c100000, 0x000000008c200000|  0%| F|  |TAMS 0x000000008c100000, 0x000000008c100000| Untracked 
| 194|0x000000008c200000, 0x000000008c200000, 0x000000008c300000|  0%| F|  |TAMS 0x000000008c200000, 0x000000008c200000| Untracked 
| 195|0x000000008c300000, 0x000000008c300000, 0x000000008c400000|  0%| F|  |TAMS 0x000000008c300000, 0x000000008c300000| Untracked 
| 196|0x000000008c400000, 0x000000008c400000, 0x000000008c500000|  0%| F|  |TAMS 0x000000008c400000, 0x000000008c400000| Untracked 
| 197|0x000000008c500000, 0x000000008c600000, 0x000000008c600000|100%| E|  |TAMS 0x000000008c500000, 0x000000008c500000| Complete 
| 198|0x000000008c600000, 0x000000008c700000, 0x000000008c700000|100%| E|CS|TAMS 0x000000008c600000, 0x000000008c600000| Complete 
| 199|0x000000008c700000, 0x000000008c800000, 0x000000008c800000|100%| E|CS|TAMS 0x000000008c700000, 0x000000008c700000| Complete 
| 200|0x000000008c800000, 0x000000008c900000, 0x000000008c900000|100%| E|CS|TAMS 0x000000008c800000, 0x000000008c800000| Complete 
| 201|0x000000008c900000, 0x000000008ca00000, 0x000000008ca00000|100%| E|CS|TAMS 0x000000008c900000, 0x000000008c900000| Complete 
| 202|0x000000008ca00000, 0x000000008cb00000, 0x000000008cb00000|100%| E|CS|TAMS 0x000000008ca00000, 0x000000008ca00000| Complete 
| 203|0x000000008cb00000, 0x000000008cc00000, 0x000000008cc00000|100%| E|  |TAMS 0x000000008cb00000, 0x000000008cb00000| Complete 
| 204|0x000000008cc00000, 0x000000008cd00000, 0x000000008cd00000|100%| E|CS|TAMS 0x000000008cc00000, 0x000000008cc00000| Complete 
| 205|0x000000008cd00000, 0x000000008ce00000, 0x000000008ce00000|100%| E|CS|TAMS 0x000000008cd00000, 0x000000008cd00000| Complete 
| 206|0x000000008ce00000, 0x000000008cf00000, 0x000000008cf00000|100%| E|CS|TAMS 0x000000008ce00000, 0x000000008ce00000| Complete 
| 207|0x000000008cf00000, 0x000000008d000000, 0x000000008d000000|100%| E|CS|TAMS 0x000000008cf00000, 0x000000008cf00000| Complete 
| 208|0x000000008d000000, 0x000000008d100000, 0x000000008d100000|100%| E|CS|TAMS 0x000000008d000000, 0x000000008d000000| Complete 
| 209|0x000000008d100000, 0x000000008d200000, 0x000000008d200000|100%| E|CS|TAMS 0x000000008d100000, 0x000000008d100000| Complete 
| 210|0x000000008d200000, 0x000000008d300000, 0x000000008d300000|100%| E|CS|TAMS 0x000000008d200000, 0x000000008d200000| Complete 
| 211|0x000000008d300000, 0x000000008d400000, 0x000000008d400000|100%| E|CS|TAMS 0x000000008d300000, 0x000000008d300000| Complete 
| 212|0x000000008d400000, 0x000000008d500000, 0x000000008d500000|100%| E|CS|TAMS 0x000000008d400000, 0x000000008d400000| Complete 
| 213|0x000000008d500000, 0x000000008d600000, 0x000000008d600000|100%| E|CS|TAMS 0x000000008d500000, 0x000000008d500000| Complete 
| 214|0x000000008d600000, 0x000000008d700000, 0x000000008d700000|100%| E|CS|TAMS 0x000000008d600000, 0x000000008d600000| Complete 
| 215|0x000000008d700000, 0x000000008d800000, 0x000000008d800000|100%| E|CS|TAMS 0x000000008d700000, 0x000000008d700000| Complete 
| 216|0x000000008d800000, 0x000000008d900000, 0x000000008d900000|100%| E|CS|TAMS 0x000000008d800000, 0x000000008d800000| Complete 
| 217|0x000000008d900000, 0x000000008da00000, 0x000000008da00000|100%| E|CS|TAMS 0x000000008d900000, 0x000000008d900000| Complete 
| 218|0x000000008da00000, 0x000000008db00000, 0x000000008db00000|100%| E|CS|TAMS 0x000000008da00000, 0x000000008da00000| Complete 
| 219|0x000000008db00000, 0x000000008dc00000, 0x000000008dc00000|100%| E|CS|TAMS 0x000000008db00000, 0x000000008db00000| Complete 
| 220|0x000000008dc00000, 0x000000008dd00000, 0x000000008dd00000|100%| E|CS|TAMS 0x000000008dc00000, 0x000000008dc00000| Complete 
| 221|0x000000008dd00000, 0x000000008de00000, 0x000000008de00000|100%| E|CS|TAMS 0x000000008dd00000, 0x000000008dd00000| Complete 
| 222|0x000000008de00000, 0x000000008df00000, 0x000000008df00000|100%| E|CS|TAMS 0x000000008de00000, 0x000000008de00000| Complete 
| 223|0x000000008df00000, 0x000000008e000000, 0x000000008e000000|100%| E|CS|TAMS 0x000000008df00000, 0x000000008df00000| Complete 
| 224|0x000000008e000000, 0x000000008e100000, 0x000000008e100000|100%| E|CS|TAMS 0x000000008e000000, 0x000000008e000000| Complete 
| 225|0x000000008e100000, 0x000000008e200000, 0x000000008e200000|100%| E|CS|TAMS 0x000000008e100000, 0x000000008e100000| Complete 
| 226|0x000000008e200000, 0x000000008e300000, 0x000000008e300000|100%| E|CS|TAMS 0x000000008e200000, 0x000000008e200000| Complete 
| 227|0x000000008e300000, 0x000000008e400000, 0x000000008e400000|100%| E|CS|TAMS 0x000000008e300000, 0x000000008e300000| Complete 
| 228|0x000000008e400000, 0x000000008e500000, 0x000000008e500000|100%| E|CS|TAMS 0x000000008e400000, 0x000000008e400000| Complete 
| 229|0x000000008e500000, 0x000000008e600000, 0x000000008e600000|100%| E|CS|TAMS 0x000000008e500000, 0x000000008e500000| Complete 
| 230|0x000000008e600000, 0x000000008e700000, 0x000000008e700000|100%| E|CS|TAMS 0x000000008e600000, 0x000000008e600000| Complete 
| 231|0x000000008e700000, 0x000000008e800000, 0x000000008e800000|100%| E|CS|TAMS 0x000000008e700000, 0x000000008e700000| Complete 
| 232|0x000000008e800000, 0x000000008e900000, 0x000000008e900000|100%| E|CS|TAMS 0x000000008e800000, 0x000000008e800000| Complete 
| 233|0x000000008e900000, 0x000000008ea00000, 0x000000008ea00000|100%| E|CS|TAMS 0x000000008e900000, 0x000000008e900000| Complete 
| 234|0x000000008ea00000, 0x000000008eb00000, 0x000000008eb00000|100%| E|CS|TAMS 0x000000008ea00000, 0x000000008ea00000| Complete 
| 235|0x000000008eb00000, 0x000000008ec00000, 0x000000008ec00000|100%| E|CS|TAMS 0x000000008eb00000, 0x000000008eb00000| Complete 
| 236|0x000000008ec00000, 0x000000008ed00000, 0x000000008ed00000|100%| E|CS|TAMS 0x000000008ec00000, 0x000000008ec00000| Complete 
| 237|0x000000008ed00000, 0x000000008ee00000, 0x000000008ee00000|100%| E|CS|TAMS 0x000000008ed00000, 0x000000008ed00000| Complete 
| 238|0x000000008ee00000, 0x000000008ef00000, 0x000000008ef00000|100%| E|CS|TAMS 0x000000008ee00000, 0x000000008ee00000| Complete 
| 239|0x000000008ef00000, 0x000000008f000000, 0x000000008f000000|100%| E|CS|TAMS 0x000000008ef00000, 0x000000008ef00000| Complete 
| 240|0x000000008f000000, 0x000000008f100000, 0x000000008f100000|100%| E|CS|TAMS 0x000000008f000000, 0x000000008f000000| Complete 
| 241|0x000000008f100000, 0x000000008f200000, 0x000000008f200000|100%| E|CS|TAMS 0x000000008f100000, 0x000000008f100000| Complete 
| 242|0x000000008f200000, 0x000000008f300000, 0x000000008f300000|100%| E|CS|TAMS 0x000000008f200000, 0x000000008f200000| Complete 
| 243|0x000000008f300000, 0x000000008f400000, 0x000000008f400000|100%| E|CS|TAMS 0x000000008f300000, 0x000000008f300000| Complete 
| 244|0x000000008f400000, 0x000000008f500000, 0x000000008f500000|100%| E|CS|TAMS 0x000000008f400000, 0x000000008f400000| Complete 
| 245|0x000000008f500000, 0x000000008f5b9070, 0x000000008f600000| 72%| S|CS|TAMS 0x000000008f500000, 0x000000008f500000| Complete 
| 246|0x000000008f600000, 0x000000008f700000, 0x000000008f700000|100%| S|CS|TAMS 0x000000008f600000, 0x000000008f600000| Complete 
| 247|0x000000008f700000, 0x000000008f800000, 0x000000008f800000|100%| E|CS|TAMS 0x000000008f700000, 0x000000008f700000| Complete 
| 248|0x000000008f800000, 0x000000008f900000, 0x000000008f900000|100%| E|CS|TAMS 0x000000008f800000, 0x000000008f800000| Complete 
| 249|0x000000008f900000, 0x000000008fa00000, 0x000000008fa00000|100%| E|CS|TAMS 0x000000008f900000, 0x000000008f900000| Complete 
| 250|0x000000008fa00000, 0x000000008fb00000, 0x000000008fb00000|100%| E|CS|TAMS 0x000000008fa00000, 0x000000008fa00000| Complete 
| 251|0x000000008fb00000, 0x000000008fc00000, 0x000000008fc00000|100%| E|CS|TAMS 0x000000008fb00000, 0x000000008fb00000| Complete 
| 252|0x000000008fc00000, 0x000000008fd00000, 0x000000008fd00000|100%| E|CS|TAMS 0x000000008fc00000, 0x000000008fc00000| Complete 
| 253|0x000000008fd00000, 0x000000008fe00000, 0x000000008fe00000|100%| E|CS|TAMS 0x000000008fd00000, 0x000000008fd00000| Complete 
| 254|0x000000008fe00000, 0x000000008ff00000, 0x000000008ff00000|100%| E|CS|TAMS 0x000000008fe00000, 0x000000008fe00000| Complete 
| 255|0x000000008ff00000, 0x0000000090000000, 0x0000000090000000|100%| E|CS|TAMS 0x000000008ff00000, 0x000000008ff00000| Complete 

Card table byte_map: [0x0000018daee00000,0x0000018daf200000] _byte_map_base: 0x0000018daea00000

Marking Bits (Prev, Next): (CMBitMap*) 0x0000018d9a33b178, (CMBitMap*) 0x0000018d9a33b1b0
 Prev Bits: [0x0000018daf600000, 0x0000018db1600000)
 Next Bits: [0x0000018db1600000, 0x0000018db3600000)

Polling page: 0x0000018d9a3e0000

Metaspace:

Usage:
  Non-class:    125.44 MB capacity,   122.29 MB ( 97%) used,     2.55 MB (  2%) free+waste,   614.38 KB ( <1%) overhead. 
      Class:     18.29 MB capacity,    16.46 MB ( 90%) used,     1.57 MB (  9%) free+waste,   263.56 KB (  1%) overhead. 
       Both:    143.72 MB capacity,   138.75 MB ( 97%) used,     4.12 MB (  3%) free+waste,   877.94 KB ( <1%) overhead. 

Virtual space:
  Non-class space:      126.00 MB reserved,     125.58 MB (>99%) committed 
      Class space:        1.00 GB reserved,      18.32 MB (  2%) committed 
             Both:        1.12 GB reserved,     143.90 MB ( 13%) committed 

Chunk freelists:
   Non-Class:  15.00 KB
       Class:  0 bytes
        Both:  15.00 KB

MaxMetaspaceSize: 17179869184.00 GB
CompressedClassSpaceSize: 1.00 GB
Initial GC threshold: 20.80 MB
Current GC threshold: 239.84 MB
CDS: off

CodeHeap 'non-profiled nmethods': size=120064Kb used=22937Kb max_used=22937Kb free=97126Kb
 bounds [0x0000018da70b0000, 0x0000018da8720000, 0x0000018dae5f0000]
CodeHeap 'profiled nmethods': size=120000Kb used=63793Kb max_used=64598Kb free=56206Kb
 bounds [0x0000018d9fb80000, 0x0000018da3ab0000, 0x0000018da70b0000]
CodeHeap 'non-nmethods': size=5696Kb used=2457Kb max_used=2525Kb free=3238Kb
 bounds [0x0000018d9f5f0000, 0x0000018d9f880000, 0x0000018d9fb80000]
 total_blobs=28577 nmethods=27582 adapters=907
 compilation: enabled
              stopped_count=0, restarted_count=0
 full_count=0

Compilation events (20 events):
Event: 11729.042 Thread 0x0000018db5a47800 nmethod 33857 0x0000018da870bc10 code [0x0000018da870bda0, 0x0000018da870bdf8]
Event: 11729.139 Thread 0x0000018db5a4d000 33858       3       org.gradle.api.internal.artifacts.ivyservice.moduleconverter.DefaultRootComponentMetadataBuilder::getRootComponentMetadata (79 bytes)
Event: 11729.141 Thread 0x0000018db5a4d000 nmethod 33858 0x0000018da0f0a590 code [0x0000018da0f0a840, 0x0000018da0f0b658]
Event: 11729.158 Thread 0x0000018db5a47800 33859       4       org.gradle.api.internal.artifacts.ivyservice.ivyresolve.RepositoryChainComponentMetaDataResolver::resolveModule (280 bytes)
Event: 11729.397 Thread 0x0000018db5a47800 nmethod 33859 0x0000018da870bf10 code [0x0000018da870c2a0, 0x0000018da870eaa0]
Event: 11729.398 Thread 0x0000018db5a47800 33861       4       org.gradle.api.internal.artifacts.ivyservice.resolveengine.graph.CompositeDependencyArtifactsVisitor::visitNode (40 bytes)
Event: 11729.408 Thread 0x0000018db5a47800 nmethod 33861 0x0000018da8710c10 code [0x0000018da8710de0, 0x0000018da87110f8]
Event: 11729.408 Thread 0x0000018db5a47800 33860       4       org.gradle.api.internal.artifacts.ivyservice.ivyresolve.RepositoryChainComponentMetaDataResolver::findBestMatch (66 bytes)
Event: 11729.460 Thread 0x0000018db5a47800 nmethod 33860 0x0000018da8711410 code [0x0000018da8711640, 0x0000018da87124b8]
Event: 11735.604 Thread 0x0000018db5a47800 33862       4       sun.nio.fs.WindowsChannelFactory::newFileChannel (130 bytes)
Event: 11735.619 Thread 0x0000018db5a47800 nmethod 33862 0x0000018da8713210 code [0x0000018da8713400, 0x0000018da87137f8]
Event: 11735.689 Thread 0x0000018db5a4d000 33863       3       sun.nio.ch.Util::free (13 bytes)
Event: 11735.690 Thread 0x0000018db5a4d000 nmethod 33863 0x0000018da1a76110 code [0x0000018da1a76320, 0x0000018da1a76828]
Event: 11735.713 Thread 0x0000018db5a47800 33864   !   4       sun.nio.ch.FileChannelImpl::write (266 bytes)
Event: 11735.753 Thread 0x0000018db5a47800 nmethod 33864 0x0000018da8713b90 code [0x0000018da8713da0, 0x0000018da8715150]
Event: 11735.753 Thread 0x0000018db5a47800 33865       4       org.objectweb.asm.Label::resolve (219 bytes)
Event: 11735.760 Thread 0x0000018db5a47800 nmethod 33865 0x0000018da8715c90 code [0x0000018da8715e20, 0x0000018da8716098]
Event: 11735.760 Thread 0x0000018db5a47800 33866       4       org.objectweb.asm.MethodWriter::visitEnd (1 bytes)
Event: 11735.761 Thread 0x0000018db5a47800 nmethod 33866 0x0000018da8716290 code [0x0000018da8716420, 0x0000018da8716478]
Event: 11735.820 Thread 0x0000018db5a47800 33867 %     4       org.gradle.internal.normalization.java.impl.ApiMemberWriter::writeClass @ 131 (275 bytes)

GC Heap History (20 events):
Event: 10228.643 GC heap before
{Heap before GC invocations=244 (full 0):
 garbage-first heap   total 262144K, used 125070K [0x0000000080000000, 0x0000000100000000)
  region size 1024K, 12 young (12288K), 6 survivors (6144K)
 Metaspace       used 141954K, capacity 146916K, committed 147100K, reserved 1177600K
  class space    used 16847K, capacity 18712K, committed 18764K, reserved 1048576K
}
Event: 10228.691 GC heap after
{Heap after GC invocations=245 (full 0):
 garbage-first heap   total 262144K, used 122605K [0x0000000080000000, 0x0000000100000000)
  region size 1024K, 2 young (2048K), 2 survivors (2048K)
 Metaspace       used 141954K, capacity 146916K, committed 147100K, reserved 1177600K
  class space    used 16847K, capacity 18712K, committed 18764K, reserved 1048576K
}
Event: 10229.066 GC heap before
{Heap before GC invocations=245 (full 0):
 garbage-first heap   total 262144K, used 150253K [0x0000000080000000, 0x0000000100000000)
  region size 1024K, 31 young (31744K), 2 survivors (2048K)
 Metaspace       used 141954K, capacity 146916K, committed 147100K, reserved 1177600K
  class space    used 16847K, capacity 18712K, committed 18764K, reserved 1048576K
}
Event: 10229.159 GC heap after
{Heap after GC invocations=246 (full 0):
 garbage-first heap   total 262144K, used 139776K [0x0000000080000000, 0x0000000100000000)
  region size 1024K, 8 young (8192K), 8 survivors (8192K)
 Metaspace       used 141954K, capacity 146916K, committed 147100K, reserved 1177600K
  class space    used 16847K, capacity 18712K, committed 18764K, reserved 1048576K
}
Event: 10240.200 GC heap before
{Heap before GC invocations=247 (full 0):
 garbage-first heap   total 262144K, used 194048K [0x0000000080000000, 0x0000000100000000)
  region size 1024K, 51 young (52224K), 8 survivors (8192K)
 Metaspace       used 141974K, capacity 146992K, committed 147100K, reserved 1177600K
  class space    used 16848K, capacity 18714K, committed 18764K, reserved 1048576K
}
Event: 10240.296 GC heap after
{Heap after GC invocations=248 (full 0):
 garbage-first heap   total 262144K, used 137216K [0x0000000080000000, 0x0000000100000000)
  region size 1024K, 6 young (6144K), 6 survivors (6144K)
 Metaspace       used 141974K, capacity 146992K, committed 147100K, reserved 1177600K
  class space    used 16848K, capacity 18714K, committed 18764K, reserved 1048576K
}
Event: 10240.344 GC heap before
{Heap before GC invocations=248 (full 0):
 garbage-first heap   total 262144K, used 143360K [0x0000000080000000, 0x0000000100000000)
  region size 1024K, 12 young (12288K), 6 survivors (6144K)
 Metaspace       used 141974K, capacity 146992K, committed 147100K, reserved 1177600K
  class space    used 16848K, capacity 18714K, committed 18764K, reserved 1048576K
}
Event: 10240.395 GC heap after
{Heap after GC invocations=249 (full 0):
 garbage-first heap   total 262144K, used 121344K [0x0000000080000000, 0x0000000100000000)
  region size 1024K, 2 young (2048K), 2 survivors (2048K)
 Metaspace       used 141974K, capacity 146992K, committed 147100K, reserved 1177600K
  class space    used 16848K, capacity 18714K, committed 18764K, reserved 1048576K
}
Event: 10241.171 GC heap before
{Heap before GC invocations=249 (full 0):
 garbage-first heap   total 262144K, used 154112K [0x0000000080000000, 0x0000000100000000)
  region size 1024K, 35 young (35840K), 2 survivors (2048K)
 Metaspace       used 141990K, capacity 147003K, committed 147100K, reserved 1177600K
  class space    used 16849K, capacity 18715K, committed 18764K, reserved 1048576K
}
Event: 10241.188 GC heap after
{Heap after GC invocations=250 (full 0):
 garbage-first heap   total 262144K, used 121190K [0x0000000080000000, 0x0000000100000000)
  region size 1024K, 2 young (2048K), 2 survivors (2048K)
 Metaspace       used 141990K, capacity 147003K, committed 147100K, reserved 1177600K
  class space    used 16849K, capacity 18715K, committed 18764K, reserved 1048576K
}
Event: 11718.809 GC heap before
{Heap before GC invocations=251 (full 0):
 garbage-first heap   total 262144K, used 177510K [0x0000000080000000, 0x0000000100000000)
  region size 1024K, 60 young (61440K), 2 survivors (2048K)
 Metaspace       used 142017K, capacity 147067K, committed 147356K, reserved 1177600K
  class space    used 16849K, capacity 18715K, committed 18764K, reserved 1048576K
}
Event: 11719.072 GC heap after
{Heap after GC invocations=252 (full 0):
 garbage-first heap   total 262144K, used 108203K [0x0000000080000000, 0x0000000100000000)
  region size 1024K, 5 young (5120K), 5 survivors (5120K)
 Metaspace       used 142017K, capacity 147067K, committed 147356K, reserved 1177600K
  class space    used 16849K, capacity 18715K, committed 18764K, reserved 1048576K
}
Event: 11720.665 GC heap before
{Heap before GC invocations=252 (full 0):
 garbage-first heap   total 262144K, used 115371K [0x0000000080000000, 0x0000000100000000)
  region size 1024K, 12 young (12288K), 5 survivors (5120K)
 Metaspace       used 142027K, capacity 147131K, committed 147356K, reserved 1177600K
  class space    used 16849K, capacity 18715K, committed 18764K, reserved 1048576K
}
Event: 11720.774 GC heap after
{Heap after GC invocations=253 (full 0):
 garbage-first heap   total 262144K, used 101314K [0x0000000080000000, 0x0000000100000000)
  region size 1024K, 2 young (2048K), 2 survivors (2048K)
 Metaspace       used 142027K, capacity 147131K, committed 147356K, reserved 1177600K
  class space    used 16849K, capacity 18715K, committed 18764K, reserved 1048576K
}
Event: 11721.239 GC heap before
{Heap before GC invocations=253 (full 0):
 garbage-first heap   total 262144K, used 107458K [0x0000000080000000, 0x0000000100000000)
  region size 1024K, 9 young (9216K), 2 survivors (2048K)
 Metaspace       used 142034K, capacity 147131K, committed 147356K, reserved 1177600K
  class space    used 16850K, capacity 18715K, committed 18764K, reserved 1048576K
}
Event: 11721.284 GC heap after
{Heap after GC invocations=254 (full 0):
 garbage-first heap   total 262144K, used 101845K [0x0000000080000000, 0x0000000100000000)
  region size 1024K, 2 young (2048K), 2 survivors (2048K)
 Metaspace       used 142034K, capacity 147131K, committed 147356K, reserved 1177600K
  class space    used 16850K, capacity 18715K, committed 18764K, reserved 1048576K
}
Event: 11728.230 GC heap before
{Heap before GC invocations=255 (full 0):
 garbage-first heap   total 262144K, used 180693K [0x0000000080000000, 0x0000000100000000)
  region size 1024K, 63 young (64512K), 2 survivors (2048K)
 Metaspace       used 142031K, capacity 147113K, committed 147356K, reserved 1177600K
  class space    used 16848K, capacity 18712K, committed 18764K, reserved 1048576K
}
Event: 11728.282 GC heap after
{Heap after GC invocations=256 (full 0):
 garbage-first heap   total 262144K, used 100665K [0x0000000080000000, 0x0000000100000000)
  region size 1024K, 3 young (3072K), 3 survivors (3072K)
 Metaspace       used 142031K, capacity 147113K, committed 147356K, reserved 1177600K
  class space    used 16848K, capacity 18712K, committed 18764K, reserved 1048576K
}
Event: 11728.904 GC heap before
{Heap before GC invocations=256 (full 0):
 garbage-first heap   total 262144K, used 108857K [0x0000000080000000, 0x0000000100000000)
  region size 1024K, 12 young (12288K), 3 survivors (3072K)
 Metaspace       used 142055K, capacity 147144K, committed 147356K, reserved 1177600K
  class space    used 16852K, capacity 18719K, committed 18764K, reserved 1048576K
}
Event: 11728.937 GC heap after
{Heap after GC invocations=257 (full 0):
 garbage-first heap   total 262144K, used 92686K [0x0000000080000000, 0x0000000100000000)
  region size 1024K, 2 young (2048K), 2 survivors (2048K)
 Metaspace       used 142055K, capacity 147144K, committed 147356K, reserved 1177600K
  class space    used 16852K, capacity 18719K, committed 18764K, reserved 1048576K
}

Deoptimization events (20 events):
Event: 10066.675 Thread 0x0000018db71a5800 DEOPT PACKING pc=0x0000018da01157e1 sp=0x000000527cdfcb00
Event: 10066.675 Thread 0x0000018db71a5800 DEOPT UNPACKING pc=0x0000018d9f63a93f sp=0x000000527cdfc028 mode 0
Event: 10066.692 Thread 0x0000018db71a5800 DEOPT PACKING pc=0x0000018da214cb5e sp=0x000000527cdfc9c0
Event: 10066.692 Thread 0x0000018db71a5800 DEOPT UNPACKING pc=0x0000018d9f63a93f sp=0x000000527cdfbfa8 mode 0
Event: 10066.697 Thread 0x0000018db71a5800 DEOPT PACKING pc=0x0000018da214cb5e sp=0x000000527cdfc9c0
Event: 10066.697 Thread 0x0000018db71a5800 DEOPT UNPACKING pc=0x0000018d9f63a93f sp=0x000000527cdfbfa8 mode 0
Event: 10228.951 Thread 0x0000018db71a0000 DEOPT PACKING pc=0x0000018da391302b sp=0x000000527cbf9b20
Event: 10228.952 Thread 0x0000018db71a0000 DEOPT UNPACKING pc=0x0000018d9f63a93f sp=0x000000527cbf92d8 mode 0
Event: 10229.035 Thread 0x0000018db71a0000 DEOPT PACKING pc=0x0000018da282ac4d sp=0x000000527cbf9e90
Event: 10229.035 Thread 0x0000018db71a0000 DEOPT UNPACKING pc=0x0000018d9f63a93f sp=0x000000527cbf9400 mode 0
Event: 10231.260 Thread 0x0000018dbd08c800 DEOPT PACKING pc=0x0000018da06976bd sp=0x00000052799fe910
Event: 10231.260 Thread 0x0000018dbd08c800 DEOPT UNPACKING pc=0x0000018d9f63a93f sp=0x00000052799fddd0 mode 0
Event: 11718.496 Thread 0x0000018db8852800 Uncommon trap: trap_request=0xfffffff4 fr.pc=0x0000018da869230c relative=0x000000000000014c
Event: 11718.497 Thread 0x0000018db8852800 Uncommon trap: reason=null_check action=make_not_entrant pc=0x0000018da869230c method=org.gradle.api.internal.collections.CollectionFilter.filter(Ljava/lang/Object;)Ljava/lang/Object; @ 5 c2
Event: 11718.497 Thread 0x0000018db8852800 DEOPT PACKING pc=0x0000018da869230c sp=0x0000005278df97d0
Event: 11718.509 Thread 0x0000018db8852800 DEOPT UNPACKING pc=0x0000018d9f63a1a9 sp=0x0000005278df9770 mode 2
Event: 11726.767 Thread 0x0000018db766e800 DEOPT PACKING pc=0x0000018da391302b sp=0x000000527ccf9bc0
Event: 11726.768 Thread 0x0000018db766e800 DEOPT UNPACKING pc=0x0000018d9f63a93f sp=0x000000527ccf9378 mode 0
Event: 11726.909 Thread 0x0000018db766e800 DEOPT PACKING pc=0x0000018da282ac4d sp=0x000000527ccf9f30
Event: 11726.909 Thread 0x0000018db766e800 DEOPT UNPACKING pc=0x0000018d9f63a93f sp=0x000000527ccf94a0 mode 0

Classes redefined (0 events):
No events

Internal exceptions (20 events):
Event: 10227.277 Thread 0x0000018dc0157800 Exception <a 'sun/nio/fs/WindowsException'{0x000000008cfe3e50}> (0x000000008cfe3e50) thrown at [./src/hotspot/share/prims/jni.cpp, line 616]
Event: 10227.277 Thread 0x0000018dc0157800 Exception <a 'sun/nio/fs/WindowsException'{0x000000008cfe50d0}> (0x000000008cfe50d0) thrown at [./src/hotspot/share/prims/jni.cpp, line 616]
Event: 10227.854 Thread 0x0000018dc0157800 Exception <a 'sun/nio/fs/WindowsException'{0x000000008cb8d7c0}> (0x000000008cb8d7c0) thrown at [./src/hotspot/share/prims/jni.cpp, line 616]
Event: 10240.414 Thread 0x0000018db719f000 Exception <a 'sun/nio/fs/WindowsException'{0x000000008f7452c0}> (0x000000008f7452c0) thrown at [./src/hotspot/share/prims/jni.cpp, line 616]
Event: 10240.414 Thread 0x0000018db719f000 Exception <a 'sun/nio/fs/WindowsException'{0x000000008f7453a8}> (0x000000008f7453a8) thrown at [./src/hotspot/share/prims/jni.cpp, line 616]
Event: 10241.965 Thread 0x0000018db884b000 Exception <a 'sun/nio/fs/WindowsException'{0x000000008fea5d60}> (0x000000008fea5d60) thrown at [./src/hotspot/share/prims/jni.cpp, line 616]
Event: 10241.969 Thread 0x0000018dc0157800 Exception <a 'sun/nio/fs/WindowsException'{0x000000008fe689a8}> (0x000000008fe689a8) thrown at [./src/hotspot/share/prims/jni.cpp, line 616]
Event: 10241.969 Thread 0x0000018dc0157800 Exception <a 'sun/nio/fs/WindowsException'{0x000000008fe68a28}> (0x000000008fe68a28) thrown at [./src/hotspot/share/prims/jni.cpp, line 616]
Event: 10241.970 Thread 0x0000018dc0157800 Exception <a 'sun/nio/fs/WindowsException'{0x000000008fe6a388}> (0x000000008fe6a388) thrown at [./src/hotspot/share/prims/jni.cpp, line 616]
Event: 11717.767 Thread 0x0000018db8852800 Exception <a 'sun/nio/fs/WindowsException'{0x000000008c8ddbd0}> (0x000000008c8ddbd0) thrown at [./src/hotspot/share/prims/jni.cpp, line 616]
Event: 11718.496 Thread 0x0000018db8852800 Implicit null exception at 0x0000018da86921f7 to 0x0000018da86922fc
Event: 11718.744 Thread 0x0000018db8852800 Exception <a 'java/lang/NoClassDefFoundError'{0x000000008c4598e0}: org/jetbrains/kotlin/gradle/plugin/KotlinBasePluginWrapper> (0x000000008c4598e0) thrown at [./src/hotspot/share/oops/constantPool.cpp, line 775]
Event: 11719.380 Thread 0x0000018db8852800 Exception <a 'sun/nio/fs/WindowsException'{0x000000008ffdbaa8}> (0x000000008ffdbaa8) thrown at [./src/hotspot/share/prims/jni.cpp, line 616]
Event: 11719.593 Thread 0x0000018db8852800 Exception <a 'sun/nio/fs/WindowsException'{0x000000008fe80458}> (0x000000008fe80458) thrown at [./src/hotspot/share/prims/jni.cpp, line 616]
Event: 11719.598 Thread 0x0000018db8852800 Exception <a 'sun/nio/fs/WindowsException'{0x000000008fe81900}> (0x000000008fe81900) thrown at [./src/hotspot/share/prims/jni.cpp, line 616]
Event: 11719.598 Thread 0x0000018db8852800 Exception <a 'sun/nio/fs/WindowsException'{0x000000008fe82b80}> (0x000000008fe82b80) thrown at [./src/hotspot/share/prims/jni.cpp, line 616]
Event: 11719.598 Thread 0x0000018db8852800 Exception <a 'sun/nio/fs/WindowsException'{0x000000008fe83e00}> (0x000000008fe83e00) thrown at [./src/hotspot/share/prims/jni.cpp, line 616]
Event: 11720.172 Thread 0x0000018db8852800 Exception <a 'sun/nio/fs/WindowsException'{0x000000008fa310a0}> (0x000000008fa310a0) thrown at [./src/hotspot/share/prims/jni.cpp, line 616]
Event: 11735.681 Thread 0x0000018db766d800 Exception <a 'sun/nio/fs/WindowsException'{0x000000008da61478}> (0x000000008da61478) thrown at [./src/hotspot/share/prims/jni.cpp, line 616]
Event: 11735.682 Thread 0x0000018db766d800 Exception <a 'sun/nio/fs/WindowsException'{0x000000008da61560}> (0x000000008da61560) thrown at [./src/hotspot/share/prims/jni.cpp, line 616]

Events (20 events):
Event: 11729.149 Executing VM operation: RevokeBias done
Event: 11729.150 Executing VM operation: RevokeBias
Event: 11729.150 Executing VM operation: RevokeBias done
Event: 11729.150 Executing VM operation: RevokeBias
Event: 11729.150 Executing VM operation: RevokeBias done
Event: 11729.150 Executing VM operation: RevokeBias
Event: 11729.151 Executing VM operation: RevokeBias done
Event: 11729.151 Executing VM operation: RevokeBias
Event: 11729.151 Executing VM operation: RevokeBias done
Event: 11729.151 Executing VM operation: BulkRevokeBias
Event: 11729.153 Executing VM operation: BulkRevokeBias done
Event: 11729.186 Executing VM operation: RevokeBias
Event: 11729.187 Executing VM operation: RevokeBias done
Event: 11729.202 Executing VM operation: RevokeBias
Event: 11729.202 Executing VM operation: RevokeBias done
Event: 11729.230 Thread 0x0000018db7670000 Thread added: 0x0000018db7670000
Event: 11729.262 Thread 0x0000018db7674000 Thread added: 0x0000018db7674000
Event: 11729.265 Thread 0x0000018dc0158800 Thread added: 0x0000018dc0158800
Event: 11735.810 Executing VM operation: RevokeBias
Event: 11735.810 Executing VM operation: RevokeBias done


Dynamic libraries:
0x00007ff673a30000 - 0x00007ff673a3a000 	C:\Program Files\Android\Android Studio\jre\bin\java.exe
0x00007ffed54d0000 - 0x00007ffed56c8000 	C:\Windows\SYSTEM32\ntdll.dll
0x00007ffed4a40000 - 0x00007ffed4aff000 	C:\Windows\System32\KERNEL32.DLL
0x00007ffed3130000 - 0x00007ffed3402000 	C:\Windows\System32\KERNELBASE.dll
0x00007ffed3410000 - 0x00007ffed3510000 	C:\Windows\System32\ucrtbase.dll
0x00007ffec54b0000 - 0x00007ffec54c9000 	C:\Program Files\Android\Android Studio\jre\bin\jli.dll
0x00007ffec53f0000 - 0x00007ffec5407000 	C:\Program Files\Android\Android Studio\jre\bin\VCRUNTIME140.dll
0x00007ffed4b60000 - 0x00007ffed4d01000 	C:\Windows\System32\USER32.dll
0x00007ffed2c50000 - 0x00007ffed2c72000 	C:\Windows\System32\win32u.dll
0x00007ffed4470000 - 0x00007ffed449b000 	C:\Windows\System32\GDI32.dll
0x00007ffed2e90000 - 0x00007ffed2f9f000 	C:\Windows\System32\gdi32full.dll
0x00007ffed2df0000 - 0x00007ffed2e8d000 	C:\Windows\System32\msvcp_win.dll
0x00007ffed1ee0000 - 0x00007ffed217a000 	C:\Windows\WinSxS\amd64_microsoft.windows.common-controls_6595b64144ccf1df_6.0.19041.1110_none_60b5254171f9507e\COMCTL32.dll
0x00007ffed5300000 - 0x00007ffed539e000 	C:\Windows\System32\msvcrt.dll
0x00007ffed5450000 - 0x00007ffed5482000 	C:\Windows\System32\IMM32.DLL
0x00007ffeaea00000 - 0x00007ffeaea9d000 	C:\Program Files\Android\Android Studio\jre\bin\msvcp140.dll
0x00007ffe96640000 - 0x00007ffe97142000 	C:\Program Files\Android\Android Studio\jre\bin\server\jvm.dll
0x00007ffed44a0000 - 0x00007ffed454e000 	C:\Windows\System32\ADVAPI32.dll
0x00007ffed4d10000 - 0x00007ffed4dac000 	C:\Windows\System32\sechost.dll
0x00007ffed4190000 - 0x00007ffed42b5000 	C:\Windows\System32\RPCRT4.dll
0x00007ffed4050000 - 0x00007ffed4058000 	C:\Windows\System32\PSAPI.DLL
0x00007ffed2380000 - 0x00007ffed2389000 	C:\Windows\SYSTEM32\WSOCK32.dll
0x00007ffec1c20000 - 0x00007ffec1c2a000 	C:\Windows\SYSTEM32\VERSION.dll
0x00007ffebc180000 - 0x00007ffebc1a7000 	C:\Windows\SYSTEM32\WINMM.dll
0x00007ffed3720000 - 0x00007ffed378b000 	C:\Windows\System32\WS2_32.dll
0x00007ffecfc80000 - 0x00007ffecfc92000 	C:\Windows\SYSTEM32\kernel.appcore.dll
0x00007ffed0590000 - 0x00007ffed05a1000 	C:\Program Files\Android\Android Studio\jre\bin\verify.dll
0x00007ffed23a0000 - 0x00007ffed2584000 	C:\Windows\SYSTEM32\DBGHELP.DLL
0x00007ffed22e0000 - 0x00007ffed2315000 	C:\Windows\SYSTEM32\dbgcore.DLL
0x00007ffed2bc0000 - 0x00007ffed2c42000 	C:\Windows\System32\bcryptPrimitives.dll
0x00007ffecc030000 - 0x00007ffecc059000 	C:\Program Files\Android\Android Studio\jre\bin\java.dll
0x00007ffed0370000 - 0x00007ffed037b000 	C:\Program Files\Android\Android Studio\jre\bin\jimage.dll
0x00007ffed0200000 - 0x00007ffed0218000 	C:\Program Files\Android\Android Studio\jre\bin\zip.dll
0x00007ffed37a0000 - 0x00007ffed3ee4000 	C:\Windows\System32\SHELL32.dll
0x00007ffed0610000 - 0x00007ffed0da2000 	C:\Windows\SYSTEM32\windows.storage.dll
0x00007ffed46e0000 - 0x00007ffed4a35000 	C:\Windows\System32\combase.dll
0x00007ffed1eb0000 - 0x00007ffed1ee0000 	C:\Windows\SYSTEM32\Wldp.dll
0x00007ffed3f20000 - 0x00007ffed3fcd000 	C:\Windows\System32\SHCORE.dll
0x00007ffed4550000 - 0x00007ffed45a5000 	C:\Windows\System32\shlwapi.dll
0x00007ffed2b00000 - 0x00007ffed2b1f000 	C:\Windows\SYSTEM32\profapi.dll
0x00007ffecff70000 - 0x00007ffecff8a000 	C:\Program Files\Android\Android Studio\jre\bin\net.dll
0x00007ffec4ec0000 - 0x00007ffec4fcc000 	C:\Windows\SYSTEM32\WINHTTP.dll
0x00007ffed1db0000 - 0x00007ffed1e1a000 	C:\Windows\system32\mswsock.dll
0x00007ffecc000000 - 0x00007ffecc014000 	C:\Program Files\Android\Android Studio\jre\bin\nio.dll
0x00007ffec54d0000 - 0x00007ffec54f7000 	C:\Users\dell\.gradle\native\68d5fa5c4cc2d200863cafc0d521ce42e7d3e7ee720ec0a83991735586a16f82\windows-amd64\native-platform.dll
0x00007ffeab4c0000 - 0x00007ffeab604000 	C:\Users\dell\.gradle\native\e376f236ea51e6404a007f0833ffe2c6e607c4080706a723a18a27aeea778392\windows-amd64\native-platform-file-events.dll
0x00007ffed0350000 - 0x00007ffed035a000 	C:\Program Files\Android\Android Studio\jre\bin\management.dll
0x00007ffecac50000 - 0x00007ffecac5d000 	C:\Program Files\Android\Android Studio\jre\bin\management_ext.dll
0x00007ffed2870000 - 0x00007ffed2888000 	C:\Windows\SYSTEM32\CRYPTSP.dll
0x00007ffed1590000 - 0x00007ffed15c4000 	C:\Windows\system32\rsaenh.dll
0x00007ffed3100000 - 0x00007ffed3127000 	C:\Windows\System32\bcrypt.dll
0x00007ffed2ac0000 - 0x00007ffed2aee000 	C:\Windows\SYSTEM32\USERENV.dll
0x00007ffed1cf0000 - 0x00007ffed1cfc000 	C:\Windows\SYSTEM32\CRYPTBASE.dll
0x00007ffed1900000 - 0x00007ffed193b000 	C:\Windows\SYSTEM32\IPHLPAPI.DLL
0x00007ffed3790000 - 0x00007ffed3798000 	C:\Windows\System32\NSI.dll
0x00007ffec5fd0000 - 0x00007ffec5fe7000 	C:\Windows\SYSTEM32\dhcpcsvc6.DLL
0x00007ffec7f20000 - 0x00007ffec7f3d000 	C:\Windows\SYSTEM32\dhcpcsvc.DLL
0x00007ffed1940000 - 0x00007ffed1a0a000 	C:\Windows\SYSTEM32\DNSAPI.dll
0x00007ffed2830000 - 0x00007ffed2863000 	C:\Windows\SYSTEM32\ntmarta.dll
0x00007ffec7620000 - 0x00007ffec7647000 	C:\Program Files\Android\Android Studio\jre\bin\sunec.dll

dbghelp: loaded successfully - version: 4.0.5 - missing functions: none
symbol engine: initialized successfully - sym options: 0x614 - pdb path: .;C:\Program Files\Android\Android Studio\jre\bin;C:\Windows\SYSTEM32;C:\Windows\WinSxS\amd64_microsoft.windows.common-controls_6595b64144ccf1df_6.0.19041.1110_none_60b5254171f9507e;C:\Program Files\Android\Android Studio\jre\bin\server;C:\Users\dell\.gradle\native\68d5fa5c4cc2d200863cafc0d521ce42e7d3e7ee720ec0a83991735586a16f82\windows-amd64;C:\Users\dell\.gradle\native\e376f236ea51e6404a007f0833ffe2c6e607c4080706a723a18a27aeea778392\windows-amd64

VM Arguments:
jvm_args: --add-opens=java.base/java.util=ALL-UNNAMED --add-opens=java.base/java.lang=ALL-UNNAMED --add-opens=java.base/java.lang.invoke=ALL-UNNAMED --add-opens=java.prefs/java.util.prefs=ALL-UNNAMED --add-opens=java.base/java.nio.charset=ALL-UNNAMED --add-opens=java.base/java.net=ALL-UNNAMED --add-opens=java.base/java.util.concurrent.atomic=ALL-UNNAMED -Xmx2048m -Dfile.encoding=UTF-8 -Duser.country=US -Duser.language=en -Duser.variant 
java_command: org.gradle.launcher.daemon.bootstrap.GradleDaemon 7.6
java_class_path (initial): C:\Users\dell\.gradle\wrapper\dists\gradle-7.6-bin\9l9tetv7ltxvx3i8an4pb86ye\gradle-7.6\lib\gradle-launcher-7.6.jar
Launcher Type: SUN_STANDARD

[Global flags]
     intx CICompilerCount                          = 2                                         {product} {ergonomic}
     uint ConcGCThreads                            = 1                                         {product} {ergonomic}
     uint G1ConcRefinementThreads                  = 2                                         {product} {ergonomic}
   size_t G1HeapRegionSize                         = 1048576                                   {product} {ergonomic}
    uintx GCDrainStackTargetSize                   = 64                                        {product} {ergonomic}
   size_t InitialHeapSize                          = 67108864                                  {product} {ergonomic}
   size_t MarkStackSize                            = 4194304                                   {product} {ergonomic}
   size_t MaxHeapSize                              = 2147483648                                {product} {command line}
   size_t MaxNewSize                               = 1287651328                                {product} {ergonomic}
   size_t MinHeapDeltaBytes                        = 1048576                                   {product} {ergonomic}
    uintx NonNMethodCodeHeapSize                   = 5825164                                {pd product} {ergonomic}
    uintx NonProfiledCodeHeapSize                  = 122916538                              {pd product} {ergonomic}
    uintx ProfiledCodeHeapSize                     = 122916538                              {pd product} {ergonomic}
    uintx ReservedCodeCacheSize                    = 251658240                              {pd product} {ergonomic}
     bool SegmentedCodeCache                       = true                                      {product} {ergonomic}
     bool UseCompressedClassPointers               = true                                 {lp64_product} {ergonomic}
     bool UseCompressedOops                        = true                                 {lp64_product} {ergonomic}
     bool UseG1GC                                  = true                                      {product} {ergonomic}
     bool UseLargePagesIndividualAllocation        = false                                  {pd product} {ergonomic}

Logging:
Log output configuration:
 #0: stdout all=warning uptime,level,tags
 #1: stderr all=off uptime,level,tags

Environment Variables:
JAVA_HOME=C:\Program Files\Java\jdk-18.0.1.1
PATH=C:\app\dell\product\11.2.0\dbhome_1\bin;C:\Program Files\Common Files\Oracle\Java\javapath;C:\Program Files (x86)\Common Files\Oracle\Java\javapath;C:\Windows\system32;C:\Windows;C:\Windows\System32\Wbem;C:\Windows\System32\WindowsPowerShell\v1.0\;C:\Windows\System32\OpenSSH\;C:\Program Files\Java\jdk-18.0.1.1\bin;C:\Program Files\Java\jre1.8.0_333\bin;C:\Program Files\dotnet\;C:\Program Files\Git\cmd;C:\Program Files\nodejs\;C:\Users\dell\AppData\Local\Programs\Python\Python38\Scripts\;C:\Users\dell\AppData\Local\Programs\Python\Python38\;C:\Users\dell\AppData\Local\Microsoft\WindowsApps;C:\Users\dell\AppData\Local\Programs\Microsoft VS Code\bin;C:\Users\dell\.dotnet\tools;C:\src\flutter\bin;C:\Users\dell\AppData\Local\Programs\MiKTeX\miktex\bin\x64\;C:\Users\dell\AppData\Roaming\npm
USERNAME=dell
OS=Windows_NT
PROCESSOR_IDENTIFIER=Intel64 Family 6 Model 58 Stepping 9, GenuineIntel



---------------  S Y S T E M  ---------------

OS: Windows 10 , 64 bit Build 19041 (10.0.19041.2364)
OS uptime: 4 days 16:42 hours

CPU:total 2 (initial active 2) (2 cores per cpu, 1 threads per core) family 6 model 58 stepping 9 microcode 0x21, cmov, cx8, fxsr, mmx, sse, sse2, sse3, ssse3, sse4.1, sse4.2, popcnt, clmul, erms, tsc, tscinvbit, tscinv

Memory: 4k page, system-wide physical 3999M (461M free)
TotalPageFile size 11426M (AvailPageFile size 2371M)
current process WorkingSet (physical memory assigned to process): 468M, peak: 522M
current process commit charge ("private bytes"): 665M, peak: 675M

vm_info: OpenJDK 64-Bit Server VM (11.0.13+0-b1751.21-8125866) for windows-amd64 JRE (11.0.13+0-b1751.21-8125866), built on Feb  2 2022 03:00:22 by "builder" with MS VC++ 14.0 (VS2015)

END.
