#
# A fatal error has been detected by the Java Runtime Environment:
#
#  EXCEPTION_ACCESS_VIOLATION (0xc0000005) at pc=0x00007ffc90da88a6, pid=10196, tid=6984
#
# JRE version: OpenJDK Runtime Environment (11.0.15) (build 11.0.15+0-b2043.56-8887301)
# Java VM: OpenJDK 64-Bit Server VM (11.0.15+0-b2043.56-8887301, mixed mode, tiered, compressed oops, g1 gc, windows-amd64)
# Problematic frame:
# V  [jvm.dll+0x1a88a6]
#
# No core dump will be written. Minidumps are not enabled by default on client versions of Windows
#
# If you would like to submit a bug report, please visit:
#   https://bugreport.java.com/bugreport/crash.jsp
#

---------------  S U M M A R Y ------------

Command Line: --add-opens=java.base/java.util=ALL-UNNAMED --add-opens=java.base/java.lang=ALL-UNNAMED --add-opens=java.base/java.lang.invoke=ALL-UNNAMED --add-opens=java.prefs/java.util.prefs=ALL-UNNAMED --add-opens=java.base/java.nio.charset=ALL-UNNAMED --add-opens=java.base/java.net=ALL-UNNAMED --add-opens=java.base/java.util.concurrent.atomic=ALL-UNNAMED -Xmx2048m -Dfile.encoding=UTF-8 -Duser.country=US -Duser.language=en -Duser.variant org.gradle.launcher.daemon.bootstrap.GradleDaemon 7.6

Host: Intel(R) Celeron(R) CPU 1007U @ 1.50GHz, 2 cores, 3G,  Windows 10 , 64 bit Build 19041 (10.0.19041.2364)
Time: Sun Jan 22 22:00:50 2023 Pakistan Standard Time elapsed time: 2838.928108 seconds (0d 0h 47m 18s)

---------------  T H R E A D  ---------------

Current thread (0x00000275611ff000):  ConcurrentGCThread "G1 Conc#0" [stack: 0x000000c97f700000,0x000000c97f800000] [id=6984]

Stack: [0x000000c97f700000,0x000000c97f800000],  sp=0x000000c97f7ff468,  free space=1021k
Native frames: (J=compiled Java code, j=interpreted, Vv=VM code, C=native code)
V  [jvm.dll+0x1a88a6]


siginfo: EXCEPTION_ACCESS_VIOLATION (0xc0000005), reading address 0x00000003e9114070


Register to memory mapping:

RIP=0x00007ffc90da88a6 jvm.dll
RAX=0x2001000800200080 is an unknown value
RBX=0x2001000800200080 is an unknown value
RCX=0x0000000084053ca0 is pointing into object: [Ljava.lang.Class; 
{0x0000000084053c90} - klass: 'java/lang/Class'[]
 - length: 2
RDX=0x0000000084053ca0 is pointing into object: [Ljava.lang.Class; 
{0x0000000084053c90} - klass: 'java/lang/Class'[]
 - length: 2
RSP=0x000000c97f7ff468 points into unknown readable memory: 0x00007ffc90f0055d | 5d 05 f0 90 fc 7f 00 00
RBP=0x0 is NULL
RSI=0x0000000000100001 is an unknown value
RDI=0x0000000084053ca0 is pointing into object: [Ljava.lang.Class; 
{0x0000000084053c90} - klass: 'java/lang/Class'[]
 - length: 2
R8 =0x2001000800200080 is an unknown value
R9 =0x00000003e9114068 is an unknown value
R10=0x000002757f18d8e0 points into unknown readable memory: 0x00007ffc914e7c40 | 40 7c 4e 91 fc 7f 00 00
R11=0x000000c97f7ff408 points into unknown readable memory: 0x0000000000000000 | 00 00 00 00 00 00 00 00
R12=0x0 is NULL
R13=0x0 is NULL
R14=0x00000275745e14f0 points into unknown readable memory: 0x2001000800300080 | 80 00 30 00 08 00 01 20
R15=0x00000275611f3270 points into unknown readable memory: 0x00000275611fc000 | 00 c0 1f 61 75 02 00 00


Registers:
RAX=0x2001000800200080, RBX=0x2001000800200080, RCX=0x0000000084053ca0, RDX=0x0000000084053ca0
RSP=0x000000c97f7ff468, RBP=0x0000000000000000, RSI=0x0000000000100001, RDI=0x0000000084053ca0
R8 =0x2001000800200080, R9 =0x00000003e9114068, R10=0x000002757f18d8e0, R11=0x000000c97f7ff408
R12=0x0000000000000000, R13=0x0000000000000000, R14=0x00000275745e14f0, R15=0x00000275611f3270
RIP=0x00007ffc90da88a6, EFLAGS=0x0000000000010202

Top of Stack: (sp=0x000000c97f7ff468)
0x000000c97f7ff468:   00007ffc90f0055d 0000000084052708
0x000000c97f7ff478:   0000000000000000 0000000084052730
0x000000c97f7ff488:   00000275612009e0 00000275611ffa01
0x000000c97f7ff498:   00000275612009e0 0000000084053ca0
0x000000c97f7ff4a8:   00007ffc90f00342 00000275612008a0
0x000000c97f7ff4b8:   00000000840528bc 00000275611f3288
0x000000c97f7ff4c8:   000000c97f7ff640 000000c97f7ff640
0x000000c97f7ff4d8:   00007ffc90ef814d 000000000000002a
0x000000c97f7ff4e8:   0000000084052894 00000275611ffa01
0x000000c97f7ff4f8:   00000275611f3288 000000010006da00
0x000000c97f7ff508:   00007ffc90ef7811 000000000000002a
0x000000c97f7ff518:   0000000084052770 000000c97f7ff640
0x000000c97f7ff528:   0000000084052708 00000275612008a0
0x000000c97f7ff538:   00007ffc90f0be0e 0000000084052770
0x000000c97f7ff548:   000000c97f7ff600 000000c97f7ff600
0x000000c97f7ff558:   000000000080990c 0000000000820000 

Instructions: (pc=0x00007ffc90da88a6)
0x00007ffc90da87a6:   eb 04 48 8b 43 08 81 78 08 00 00 00 c0 0f 83 81
0x00007ffc90da87b6:   00 00 00 48 8b 4f 38 48 8b d3 48 8b 01 ff 50 20
0x00007ffc90da87c6:   84 c0 75 70 38 05 d1 e7 93 00 74 15 8b 53 08 8b
0x00007ffc90da87d6:   0d 7d 2f 8f 00 48 d3 e2 48 03 15 6b 2f 8f 00 eb
0x00007ffc90da87e6:   04 48 8b 53 08 48 8b cb 48 89 5c 24 20 e8 a8 00
0x00007ffc90da87f6:   00 00 80 7f 30 00 48 63 c8 48 89 4c 24 28 74 1c
0x00007ffc90da8806:   0f 10 44 24 20 0f 11 86 98 03 00 00 48 8b 5c 24
0x00007ffc90da8816:   40 48 8b 74 24 48 48 83 c4 30 5f c3 48 8b 07 48
0x00007ffc90da8826:   8d 54 24 20 48 89 4c 24 28 48 8b cf 48 89 5c 24
0x00007ffc90da8836:   20 ff 50 38 48 8b 5c 24 40 48 8b 74 24 48 48 83
0x00007ffc90da8846:   c4 30 5f c3 cc cc cc cc cc cc 48 8b 49 38 48 8b
0x00007ffc90da8856:   01 48 ff 60 28 cc cc cc cc cc 80 3d 3a e7 93 00
0x00007ffc90da8866:   00 48 8b c1 74 1b 8b 51 08 8b 0d e3 2e 8f 00 48
0x00007ffc90da8876:   d3 e2 48 8b c8 48 03 15 ce 2e 8f 00 e9 19 00 00
0x00007ffc90da8886:   00 48 8b 51 08 48 8b c8 e9 0d 00 00 00 cc cc cc
0x00007ffc90da8896:   cc cc cc cc cc cc cc cc cc cc 4c 8b ca 48 8b d1
0x00007ffc90da88a6:   45 8b 41 08 45 85 c0 7e 0e 41 f6 c0 01 75 56 41
0x00007ffc90da88b6:   c1 f8 03 41 8b c0 c3 79 4c 80 3d db e6 93 00 00
0x00007ffc90da88c6:   b8 0c 00 00 00 b9 10 00 00 00 0f 45 c8 8b 05 9b
0x00007ffc90da88d6:   5e 8d 00 ff c8 4c 63 c8 48 63 14 11 41 8b c8 83
0x00007ffc90da88e6:   e1 3f 48 d3 e2 41 8b c8 48 c1 f9 10 0f b6 c1 49
0x00007ffc90da88f6:   8d 0c 11 49 f7 d1 48 03 c1 49 c1 e9 03 48 c1 e8
0x00007ffc90da8906:   03 41 23 c1 c3 49 8b 01 49 8b c9 48 ff a0 10 01
0x00007ffc90da8916:   00 00 cc cc cc cc cc cc cc cc 48 8b c2 c3 cc cc
0x00007ffc90da8926:   cc cc cc cc cc cc cc cc cc cc 48 83 ec 38 48 8b
0x00007ffc90da8936:   c1 48 8b 49 38 80 79 08 00 74 05 90 48 8b 48 38
0x00007ffc90da8946:   0f 10 02 48 8d 54 24 20 0f 29 44 24 20 e8 28 f0
0x00007ffc90da8956:   ff ff 48 83 c4 38 c3 cc cc cc 48 83 ec 38 0f 10
0x00007ffc90da8966:   02 48 8b 01 48 8d 54 24 20 0f 29 44 24 20 ff 50
0x00007ffc90da8976:   38 48 83 c4 38 c3 cc cc cc cc 48 89 5c 24 08 55
0x00007ffc90da8986:   56 57 41 54 41 55 41 56 41 57 48 8d 6c 24 e0 48
0x00007ffc90da8996:   81 ec 20 01 00 00 48 8b 05 85 b6 90 00 48 33 c4 


Stack slot to memory mapping:
stack at sp + 0 slots: 0x00007ffc90f0055d jvm.dll
stack at sp + 1 slots: 0x0000000084052708 is an oop: java.lang.ref.SoftReference 
{0x0000000084052708} - klass: 'java/lang/ref/SoftReference'
stack at sp + 2 slots: 0x0 is NULL
stack at sp + 3 slots: 0x0000000084052730 is an oop: java.lang.Class$ReflectionData 
{0x0000000084052730} - klass: 'java/lang/Class$ReflectionData'
stack at sp + 4 slots: 0x00000275612009e0 points into unknown readable memory: 0x00007ffc91521ba0 | a0 1b 52 91 fc 7f 00 00
stack at sp + 5 slots: 0x00000275611ffa01 points into unknown readable memory: 00 00 00 00 00 00 00
stack at sp + 6 slots: 0x00000275612009e0 points into unknown readable memory: 0x00007ffc91521ba0 | a0 1b 52 91 fc 7f 00 00
stack at sp + 7 slots: 0x0000000084053ca0 is pointing into object: [Ljava.lang.Class; 
{0x0000000084053c90} - klass: 'java/lang/Class'[]
 - length: 2


---------------  P R O C E S S  ---------------

Threads class SMR info:
_java_thread_list=0x0000027504455a40, length=72, elements={
0x00000275611b3000, 0x000002757a8c6000, 0x000002757a8cf000, 0x000002757a920800,
0x000002757a921800, 0x000002757a926000, 0x000002757a92b000, 0x000002757a938800,
0x000002757a942000, 0x000002757b395000, 0x000002757c64c800, 0x000002757b31e800,
0x000002757b5d6800, 0x000002757ce1a800, 0x000002757ce1d000, 0x000002757ce1b800,
0x000002757ce1c800, 0x000002757df6e800, 0x000002757df71000, 0x000002757df72000,
0x000002757df6c000, 0x000002757df76000, 0x000002757daf9800, 0x000002757daf7800,
0x0000027501f33000, 0x000002757dafb800, 0x000002757daf5000, 0x0000027503f91000,
0x000002757df6e000, 0x000002757dafb000, 0x000002757df78800, 0x000002757df6d000,
0x000002757df74800, 0x000002757df75000, 0x000002757df6f800, 0x000002757df70000,
0x000002757df77800, 0x000002757df77000, 0x000002757df79000, 0x000002757df7b000,
0x000002757df7a000, 0x0000027503f8e800, 0x0000027503f8d000, 0x0000027503f92000,
0x0000027503f92800, 0x0000027503f93800, 0x0000027503f8e000, 0x0000027503f94800,
0x0000027503f95000, 0x0000027503f8f800, 0x0000027503f96000, 0x0000027503f90000,
0x0000027503f9b000, 0x0000027503f98800, 0x0000027503f9a000, 0x0000027503f97000,
0x0000027503f97800, 0x0000027503f99000, 0x0000027503f9b800, 0x000002757daf0800,
0x000002757daf7000, 0x000002757daf1000, 0x000002757daf2800, 0x000002757daf3800,
0x000002757daf2000, 0x000002757daf8800, 0x000002757daf6000, 0x000002757dafa000,
0x000002757daf4800, 0x000002757dafc800, 0x000002757daff000, 0x000002757dafd800
}

Java Threads: ( => current thread )
  0x00000275611b3000 JavaThread "main" [_thread_blocked, id=12104, stack(0x000000c97f400000,0x000000c97f500000)]
  0x000002757a8c6000 JavaThread "Reference Handler" daemon [_thread_blocked, id=9880, stack(0x000000c97fb00000,0x000000c97fc00000)]
  0x000002757a8cf000 JavaThread "Finalizer" daemon [_thread_blocked, id=2648, stack(0x000000c97fc00000,0x000000c97fd00000)]
  0x000002757a920800 JavaThread "Signal Dispatcher" daemon [_thread_blocked, id=712, stack(0x000000c97fd00000,0x000000c97fe00000)]
  0x000002757a921800 JavaThread "Attach Listener" daemon [_thread_blocked, id=644, stack(0x000000c97fe00000,0x000000c97ff00000)]
  0x000002757a926000 JavaThread "Service Thread" daemon [_thread_blocked, id=6188, stack(0x000000c97ff00000,0x000000c980000000)]
  0x000002757a92b000 JavaThread "C2 CompilerThread0" daemon [_thread_blocked, id=9904, stack(0x000000c900000000,0x000000c900100000)]
  0x000002757a938800 JavaThread "C1 CompilerThread0" daemon [_thread_blocked, id=12600, stack(0x000000c900100000,0x000000c900200000)]
  0x000002757a942000 JavaThread "Sweeper thread" daemon [_thread_blocked, id=10264, stack(0x000000c900200000,0x000000c900300000)]
  0x000002757b395000 JavaThread "Common-Cleaner" daemon [_thread_blocked, id=12988, stack(0x000000c900300000,0x000000c900400000)]
  0x000002757c64c800 JavaThread "Daemon health stats" [_thread_blocked, id=2992, stack(0x000000c900600000,0x000000c900700000)]
  0x000002757b31e800 JavaThread "Incoming local TCP Connector on port 53424" [_thread_in_native, id=12452, stack(0x000000c900700000,0x000000c900800000)]
  0x000002757b5d6800 JavaThread "Daemon periodic checks" [_thread_blocked, id=11600, stack(0x000000c900900000,0x000000c900a00000)]
  0x000002757ce1a800 JavaThread "Cache worker for journal cache (C:\Users\dell\.gradle\caches\journal-1)" [_thread_blocked, id=10728, stack(0x000000c901000000,0x000000c901100000)]
  0x000002757ce1d000 JavaThread "File lock request listener" [_thread_in_native, id=9656, stack(0x000000c901100000,0x000000c901200000)]
  0x000002757ce1b800 JavaThread "Cache worker for file hash cache (C:\Users\dell\.gradle\caches\7.6\fileHashes)" [_thread_blocked, id=11996, stack(0x000000c901200000,0x000000c901300000)]
  0x000002757ce1c800 JavaThread "File watcher server" daemon [_thread_in_native, id=5288, stack(0x000000c901300000,0x000000c901400000)]
  0x000002757df6e800 JavaThread "File watcher consumer" daemon [_thread_blocked, id=6860, stack(0x000000c901400000,0x000000c901500000)]
  0x000002757df71000 JavaThread "Cache worker for file content cache (C:\Users\dell\.gradle\caches\7.6\fileContent)" [_thread_blocked, id=7976, stack(0x000000c901700000,0x000000c901800000)]
  0x000002757df72000 JavaThread "Cache worker for execution history cache (C:\Users\dell\.gradle\caches\7.6\executionHistory)" [_thread_blocked, id=9324, stack(0x000000c901a00000,0x000000c901b00000)]
  0x000002757df6c000 JavaThread "jar transforms" [_thread_blocked, id=5976, stack(0x000000c901b00000,0x000000c901c00000)]
  0x000002757df76000 JavaThread "jar transforms Thread 2" [_thread_blocked, id=7844, stack(0x000000c901c00000,0x000000c901d00000)]
  0x000002757daf9800 JavaThread "Memory manager" [_thread_blocked, id=12880, stack(0x000000c903700000,0x000000c903800000)]
  0x000002757daf7800 JavaThread "pool-3-thread-1" [_thread_blocked, id=11420, stack(0x000000c903800000,0x000000c903900000)]
  0x0000027501f33000 JavaThread "Cache worker for Java compile cache (C:\Users\dell\.gradle\caches\7.6\javaCompile)" [_thread_blocked, id=1244, stack(0x000000c904200000,0x000000c904300000)]
  0x000002757dafb800 JavaThread "pool-8-thread-1" [_thread_blocked, id=8592, stack(0x000000c903600000,0x000000c903700000)]
  0x000002757daf5000 JavaThread "pool-11-thread-1" [_thread_blocked, id=1284, stack(0x000000c903400000,0x000000c903500000)]
  0x0000027503f91000 JavaThread "pool-15-thread-1" [_thread_blocked, id=7968, stack(0x000000c903900000,0x000000c903a00000)]
  0x000002757df6e000 JavaThread "pool-19-thread-1" [_thread_blocked, id=3732, stack(0x000000c903500000,0x000000c903600000)]
  0x000002757dafb000 JavaThread "pool-23-thread-1" [_thread_blocked, id=7592, stack(0x000000c903a00000,0x000000c903b00000)]
  0x000002757df78800 JavaThread "ForkJoinPool.commonPool-worker-3" daemon [_thread_blocked, id=11496, stack(0x000000c904600000,0x000000c904700000)]
  0x000002757df6d000 JavaThread "Daemon Thread 7" [_thread_blocked, id=8604, stack(0x000000c900800000,0x000000c900900000)]
  0x000002757df74800 JavaThread "Handler for socket connection from /127.0.0.1:53424 to /127.0.0.1:55183" [_thread_in_native, id=8264, stack(0x000000c900a00000,0x000000c900b00000)]
  0x000002757df75000 JavaThread "Cancel handler" [_thread_blocked, id=9732, stack(0x000000c900b00000,0x000000c900c00000)]
  0x000002757df6f800 JavaThread "Daemon worker Thread 7" [_thread_blocked, id=7024, stack(0x000000c900c00000,0x000000c900d00000)]
  0x000002757df70000 JavaThread "Asynchronous log dispatcher for DefaultDaemonConnection: socket connection from /127.0.0.1:53424 to /127.0.0.1:55183" [_thread_blocked, id=7076, stack(0x000000c900d00000,0x000000c900e00000)]
  0x000002757df77800 JavaThread "Stdin handler" [_thread_blocked, id=9396, stack(0x000000c900e00000,0x000000c900f00000)]
  0x000002757df77000 JavaThread "Daemon client event forwarder" [_thread_blocked, id=11444, stack(0x000000c900f00000,0x000000c901000000)]
  0x000002757df79000 JavaThread "Cache worker for checksums cache (C:\Users\dell\AndroidStudioProjects\TAXGO\.gradle\7.6\checksums)" [_thread_blocked, id=9332, stack(0x000000c901500000,0x000000c901600000)]
  0x000002757df7b000 JavaThread "Cache worker for cache directory md-rule (C:\Users\dell\.gradle\caches\7.6\md-rule)" [_thread_blocked, id=10968, stack(0x000000c901600000,0x000000c901700000)]
  0x000002757df7a000 JavaThread "Cache worker for file hash cache (C:\Users\dell\AndroidStudioProjects\TAXGO\.gradle\7.6\fileHashes)" [_thread_blocked, id=3928, stack(0x000000c901800000,0x000000c901900000)]
  0x0000027503f8e800 JavaThread "Cache worker for cache directory md-supplier (C:\Users\dell\.gradle\caches\7.6\md-supplier)" [_thread_blocked, id=9644, stack(0x000000c901900000,0x000000c901a00000)]
  0x0000027503f8d000 JavaThread "Cache worker for dependencies-accessors (C:\Users\dell\AndroidStudioProjects\TAXGO\.gradle\7.6\dependencies-accessors)" [_thread_blocked, id=12780, stack(0x000000c901d00000,0x000000c901e00000)]
  0x0000027503f92000 JavaThread "Cache worker for Build Output Cleanup Cache (C:\Users\dell\AndroidStudioProjects\TAXGO\.gradle\buildOutputCleanup)" [_thread_blocked, id=12016, stack(0x000000c901e00000,0x000000c901f00000)]
  0x0000027503f92800 JavaThread "Unconstrained build operations" [_thread_blocked, id=720, stack(0x000000c901f00000,0x000000c902000000)]
  0x0000027503f93800 JavaThread "Unconstrained build operations Thread 2" [_thread_blocked, id=11524, stack(0x000000c902000000,0x000000c902100000)]
  0x0000027503f8e000 JavaThread "Unconstrained build operations Thread 3" [_thread_blocked, id=3008, stack(0x000000c902100000,0x000000c902200000)]
  0x0000027503f94800 JavaThread "Unconstrained build operations Thread 4" [_thread_blocked, id=10124, stack(0x000000c902200000,0x000000c902300000)]
  0x0000027503f95000 JavaThread "Unconstrained build operations Thread 5" [_thread_blocked, id=13240, stack(0x000000c902300000,0x000000c902400000)]
  0x0000027503f8f800 JavaThread "Unconstrained build operations Thread 6" [_thread_blocked, id=11156, stack(0x000000c902400000,0x000000c902500000)]
  0x0000027503f96000 JavaThread "Unconstrained build operations Thread 7" [_thread_blocked, id=6420, stack(0x000000c902500000,0x000000c902600000)]
  0x0000027503f90000 JavaThread "Unconstrained build operations Thread 8" [_thread_blocked, id=8632, stack(0x000000c902600000,0x000000c902700000)]
  0x0000027503f9b000 JavaThread "Unconstrained build operations Thread 9" [_thread_blocked, id=9548, stack(0x000000c902700000,0x000000c902800000)]
  0x0000027503f98800 JavaThread "Unconstrained build operations Thread 10" [_thread_blocked, id=8408, stack(0x000000c902800000,0x000000c902900000)]
  0x0000027503f9a000 JavaThread "Unconstrained build operations Thread 11" [_thread_blocked, id=3216, stack(0x000000c902900000,0x000000c902a00000)]
  0x0000027503f97000 JavaThread "Unconstrained build operations Thread 12" [_thread_blocked, id=9940, stack(0x000000c902a00000,0x000000c902b00000)]
  0x0000027503f97800 JavaThread "Unconstrained build operations Thread 13" [_thread_blocked, id=812, stack(0x000000c902b00000,0x000000c902c00000)]
  0x0000027503f99000 JavaThread "Unconstrained build operations Thread 14" [_thread_blocked, id=6840, stack(0x000000c902c00000,0x000000c902d00000)]
  0x0000027503f9b800 JavaThread "Unconstrained build operations Thread 15" [_thread_blocked, id=10080, stack(0x000000c902d00000,0x000000c902e00000)]
  0x000002757daf0800 JavaThread "Unconstrained build operations Thread 16" [_thread_blocked, id=7400, stack(0x000000c902e00000,0x000000c902f00000)]
  0x000002757daf7000 JavaThread "Unconstrained build operations Thread 17" [_thread_blocked, id=6372, stack(0x000000c902f00000,0x000000c903000000)]
  0x000002757daf1000 JavaThread "Unconstrained build operations Thread 18" [_thread_blocked, id=5992, stack(0x000000c903000000,0x000000c903100000)]
  0x000002757daf2800 JavaThread "Unconstrained build operations Thread 19" [_thread_blocked, id=7256, stack(0x000000c903100000,0x000000c903200000)]
  0x000002757daf3800 JavaThread "Unconstrained build operations Thread 20" [_thread_blocked, id=11148, stack(0x000000c903200000,0x000000c903300000)]
  0x000002757daf2000 JavaThread "build event listener" [_thread_blocked, id=6964, stack(0x000000c903300000,0x000000c903400000)]
  0x000002757daf8800 JavaThread "pool-27-thread-1" [_thread_blocked, id=11572, stack(0x000000c903b00000,0x000000c903c00000)]
  0x000002757daf6000 JavaThread "build event listener" [_thread_blocked, id=1112, stack(0x000000c903c00000,0x000000c903d00000)]
  0x000002757dafa000 JavaThread "included builds" [_thread_blocked, id=8760, stack(0x000000c903d00000,0x000000c903e00000)]
  0x000002757daf4800 JavaThread "Execution worker" [_thread_in_native, id=5080, stack(0x000000c903e00000,0x000000c903f00000)]
  0x000002757dafc800 JavaThread "Cache worker for execution history cache (C:\Users\dell\AndroidStudioProjects\TAXGO\.gradle\7.6\executionHistory)" [_thread_blocked, id=6312, stack(0x000000c903f00000,0x000000c904000000)]
  0x000002757daff000 JavaThread "Build operations" [_thread_blocked, id=13156, stack(0x000000c904000000,0x000000c904100000)]
  0x000002757dafd800 JavaThread "Build operations Thread 2" [_thread_blocked, id=11316, stack(0x000000c904100000,0x000000c904200000)]

Other Threads:
  0x000002757a8c4000 VMThread "VM Thread" [stack: 0x000000c97fa00000,0x000000c97fb00000] [id=12768]
  0x000002757b39e800 WatcherThread [stack: 0x000000c900400000,0x000000c900500000] [id=5060]
  0x00000275611cc800 GCTaskThread "GC Thread#0" [stack: 0x000000c97f500000,0x000000c97f600000] [id=9588]
  0x000002757b451000 GCTaskThread "GC Thread#1" [stack: 0x000000c900500000,0x000000c900600000] [id=11332]
  0x00000275611fc000 ConcurrentGCThread "G1 Main Marker" [stack: 0x000000c97f600000,0x000000c97f700000] [id=724]
=>0x00000275611ff000 ConcurrentGCThread "G1 Conc#0" [stack: 0x000000c97f700000,0x000000c97f800000] [id=6984]
  0x000002756124e000 ConcurrentGCThread "G1 Refine#0" [stack: 0x000000c97f800000,0x000000c97f900000] [id=2008]
  0x000002756124f000 ConcurrentGCThread "G1 Young RemSet Sampling" [stack: 0x000000c97f900000,0x000000c97fa00000] [id=11636]

Threads with active compile tasks:

VM state:not at safepoint (normal execution)

VM Mutex/Monitor currently owned by a thread: None

Heap address: 0x0000000080000000, size: 2048 MB, Compressed Oops mode: 32-bit
Narrow klass base: 0x0000000000000000, Narrow klass shift: 3
Compressed class space size: 1073741824 Address: 0x0000000100000000

Heap:
 garbage-first heap   total 287744K, used 136192K [0x0000000080000000, 0x0000000100000000)
  region size 1024K, 16 young (16384K), 5 survivors (5120K)
 Metaspace       used 140863K, capacity 144607K, committed 145840K, reserved 1175552K
  class space    used 17108K, capacity 18521K, committed 18944K, reserved 1048576K
Heap Regions: E=young(eden), S=young(survivor), O=old, HS=humongous(starts), HC=humongous(continues), CS=collection set, F=free, A=archive, TAMS=top-at-mark-start (previous, next)
|   0|0x0000000080000000, 0x0000000080100000, 0x0000000080100000|100%| O|  |TAMS 0x0000000080100000, 0x0000000080100000| Untracked 
|   1|0x0000000080100000, 0x0000000080200000, 0x0000000080200000|100%|HS|  |TAMS 0x0000000080200000, 0x0000000080200000| Complete 
|   2|0x0000000080200000, 0x0000000080300000, 0x0000000080300000|100%|HC|  |TAMS 0x0000000080300000, 0x0000000080300000| Complete 
|   3|0x0000000080300000, 0x0000000080400000, 0x0000000080400000|100%|HC|  |TAMS 0x0000000080400000, 0x0000000080400000| Complete 
|   4|0x0000000080400000, 0x0000000080500000, 0x0000000080500000|100%| O|  |TAMS 0x0000000080500000, 0x0000000080500000| Untracked 
|   5|0x0000000080500000, 0x0000000080600000, 0x0000000080600000|100%| O|  |TAMS 0x0000000080600000, 0x0000000080600000| Untracked 
|   6|0x0000000080600000, 0x0000000080700000, 0x0000000080700000|100%| O|  |TAMS 0x0000000080700000, 0x0000000080700000| Untracked 
|   7|0x0000000080700000, 0x0000000080800000, 0x0000000080800000|100%| O|  |TAMS 0x0000000080800000, 0x0000000080800000| Untracked 
|   8|0x0000000080800000, 0x0000000080900000, 0x0000000080900000|100%| O|  |TAMS 0x0000000080900000, 0x0000000080900000| Untracked 
|   9|0x0000000080900000, 0x0000000080a00000, 0x0000000080a00000|100%| O|  |TAMS 0x0000000080a00000, 0x0000000080a00000| Untracked 
|  10|0x0000000080a00000, 0x0000000080b00000, 0x0000000080b00000|100%| O|  |TAMS 0x0000000080b00000, 0x0000000080b00000| Untracked 
|  11|0x0000000080b00000, 0x0000000080c00000, 0x0000000080c00000|100%| O|  |TAMS 0x0000000080c00000, 0x0000000080c00000| Untracked 
|  12|0x0000000080c00000, 0x0000000080d00000, 0x0000000080d00000|100%| O|  |TAMS 0x0000000080d00000, 0x0000000080d00000| Untracked 
|  13|0x0000000080d00000, 0x0000000080e00000, 0x0000000080e00000|100%| O|  |TAMS 0x0000000080e00000, 0x0000000080e00000| Untracked 
|  14|0x0000000080e00000, 0x0000000080f00000, 0x0000000080f00000|100%| O|  |TAMS 0x0000000080f00000, 0x0000000080f00000| Untracked 
|  15|0x0000000080f00000, 0x0000000081000000, 0x0000000081000000|100%| O|  |TAMS 0x0000000081000000, 0x0000000081000000| Untracked 
|  16|0x0000000081000000, 0x0000000081100000, 0x0000000081100000|100%| O|  |TAMS 0x0000000081100000, 0x0000000081100000| Untracked 
|  17|0x0000000081100000, 0x0000000081200000, 0x0000000081200000|100%| O|  |TAMS 0x0000000081200000, 0x0000000081200000| Untracked 
|  18|0x0000000081200000, 0x0000000081300000, 0x0000000081300000|100%| O|  |TAMS 0x0000000081300000, 0x0000000081300000| Untracked 
|  19|0x0000000081300000, 0x0000000081400000, 0x0000000081400000|100%| O|  |TAMS 0x0000000081400000, 0x0000000081400000| Untracked 
|  20|0x0000000081400000, 0x0000000081500000, 0x0000000081500000|100%| O|  |TAMS 0x0000000081500000, 0x0000000081500000| Untracked 
|  21|0x0000000081500000, 0x0000000081600000, 0x0000000081600000|100%| O|  |TAMS 0x0000000081600000, 0x0000000081600000| Untracked 
|  22|0x0000000081600000, 0x0000000081700000, 0x0000000081700000|100%| O|  |TAMS 0x0000000081700000, 0x0000000081700000| Untracked 
|  23|0x0000000081700000, 0x0000000081800000, 0x0000000081800000|100%| O|  |TAMS 0x0000000081800000, 0x0000000081800000| Untracked 
|  24|0x0000000081800000, 0x0000000081900000, 0x0000000081900000|100%| O|  |TAMS 0x0000000081900000, 0x0000000081900000| Untracked 
|  25|0x0000000081900000, 0x0000000081a00000, 0x0000000081a00000|100%| O|  |TAMS 0x0000000081a00000, 0x0000000081a00000| Untracked 
|  26|0x0000000081a00000, 0x0000000081b00000, 0x0000000081b00000|100%| O|  |TAMS 0x0000000081b00000, 0x0000000081b00000| Untracked 
|  27|0x0000000081b00000, 0x0000000081c00000, 0x0000000081c00000|100%| O|  |TAMS 0x0000000081b00000, 0x0000000081c00000| Untracked 
|  28|0x0000000081c00000, 0x0000000081d00000, 0x0000000081d00000|100%| O|  |TAMS 0x0000000081d00000, 0x0000000081d00000| Untracked 
|  29|0x0000000081d00000, 0x0000000081e00000, 0x0000000081e00000|100%| O|  |TAMS 0x0000000081e00000, 0x0000000081e00000| Untracked 
|  30|0x0000000081e00000, 0x0000000081f00000, 0x0000000081f00000|100%| O|  |TAMS 0x0000000081f00000, 0x0000000081f00000| Untracked 
|  31|0x0000000081f00000, 0x0000000082000000, 0x0000000082000000|100%| O|  |TAMS 0x0000000082000000, 0x0000000082000000| Untracked 
|  32|0x0000000082000000, 0x0000000082100000, 0x0000000082100000|100%| O|  |TAMS 0x0000000082000000, 0x0000000082100000| Untracked 
|  33|0x0000000082100000, 0x0000000082200000, 0x0000000082200000|100%| O|  |TAMS 0x0000000082200000, 0x0000000082200000| Untracked 
|  34|0x0000000082200000, 0x0000000082300000, 0x0000000082300000|100%| O|  |TAMS 0x0000000082300000, 0x0000000082300000| Untracked 
|  35|0x0000000082300000, 0x0000000082400000, 0x0000000082400000|100%| O|  |TAMS 0x0000000082400000, 0x0000000082400000| Untracked 
|  36|0x0000000082400000, 0x0000000082500000, 0x0000000082500000|100%|HS|  |TAMS 0x0000000082500000, 0x0000000082500000| Complete 
|  37|0x0000000082500000, 0x0000000082600000, 0x0000000082600000|100%|HS|  |TAMS 0x0000000082600000, 0x0000000082600000| Complete 
|  38|0x0000000082600000, 0x0000000082700000, 0x0000000082700000|100%| O|  |TAMS 0x0000000082700000, 0x0000000082700000| Untracked 
|  39|0x0000000082700000, 0x0000000082800000, 0x0000000082800000|100%| O|  |TAMS 0x0000000082800000, 0x0000000082800000| Untracked 
|  40|0x0000000082800000, 0x0000000082900000, 0x0000000082900000|100%| O|  |TAMS 0x0000000082900000, 0x0000000082900000| Untracked 
|  41|0x0000000082900000, 0x0000000082a00000, 0x0000000082a00000|100%| O|  |TAMS 0x0000000082a00000, 0x0000000082a00000| Untracked 
|  42|0x0000000082a00000, 0x0000000082b00000, 0x0000000082b00000|100%| O|  |TAMS 0x0000000082a00000, 0x0000000082b00000| Untracked 
|  43|0x0000000082b00000, 0x0000000082c00000, 0x0000000082c00000|100%| O|  |TAMS 0x0000000082c00000, 0x0000000082c00000| Untracked 
|  44|0x0000000082c00000, 0x0000000082d00000, 0x0000000082d00000|100%| O|  |TAMS 0x0000000082d00000, 0x0000000082d00000| Untracked 
|  45|0x0000000082d00000, 0x0000000082e00000, 0x0000000082e00000|100%| O|  |TAMS 0x0000000082e00000, 0x0000000082e00000| Untracked 
|  46|0x0000000082e00000, 0x0000000082f00000, 0x0000000082f00000|100%| O|  |TAMS 0x0000000082f00000, 0x0000000082f00000| Untracked 
|  47|0x0000000082f00000, 0x0000000083000000, 0x0000000083000000|100%| O|  |TAMS 0x0000000083000000, 0x0000000083000000| Untracked 
|  48|0x0000000083000000, 0x0000000083100000, 0x0000000083100000|100%| O|  |TAMS 0x0000000083100000, 0x0000000083100000| Untracked 
|  49|0x0000000083100000, 0x0000000083200000, 0x0000000083200000|100%| O|  |TAMS 0x0000000083100000, 0x0000000083200000| Untracked 
|  50|0x0000000083200000, 0x0000000083300000, 0x0000000083300000|100%| O|  |TAMS 0x0000000083200000, 0x0000000083300000| Untracked 
|  51|0x0000000083300000, 0x0000000083300000, 0x0000000083400000|  0%| F|  |TAMS 0x0000000083300000, 0x0000000083300000| Untracked 
|  52|0x0000000083400000, 0x0000000083500000, 0x0000000083500000|100%| O|  |TAMS 0x0000000083500000, 0x0000000083500000| Untracked 
|  53|0x0000000083500000, 0x0000000083600000, 0x0000000083600000|100%| O|  |TAMS 0x0000000083600000, 0x0000000083600000| Untracked 
|  54|0x0000000083600000, 0x0000000083700000, 0x0000000083700000|100%| O|  |TAMS 0x0000000083600000, 0x0000000083700000| Untracked 
|  55|0x0000000083700000, 0x0000000083700000, 0x0000000083800000|  0%| F|  |TAMS 0x0000000083700000, 0x0000000083700000| Untracked 
|  56|0x0000000083800000, 0x0000000083900000, 0x0000000083900000|100%| O|  |TAMS 0x0000000083800000, 0x0000000083900000| Untracked 
|  57|0x0000000083900000, 0x0000000083a00000, 0x0000000083a00000|100%| O|  |TAMS 0x0000000083a00000, 0x0000000083a00000| Untracked 
|  58|0x0000000083a00000, 0x0000000083b00000, 0x0000000083b00000|100%| O|  |TAMS 0x0000000083b00000, 0x0000000083b00000| Untracked 
|  59|0x0000000083b00000, 0x0000000083c00000, 0x0000000083c00000|100%| O|  |TAMS 0x0000000083c00000, 0x0000000083c00000| Untracked 
|  60|0x0000000083c00000, 0x0000000083d00000, 0x0000000083d00000|100%| O|  |TAMS 0x0000000083c00000, 0x0000000083d00000| Untracked 
|  61|0x0000000083d00000, 0x0000000083e00000, 0x0000000083e00000|100%| O|  |TAMS 0x0000000083e00000, 0x0000000083e00000| Untracked 
|  62|0x0000000083e00000, 0x0000000083e00000, 0x0000000083f00000|  0%| F|  |TAMS 0x0000000083e00000, 0x0000000083e00000| Untracked 
|  63|0x0000000083f00000, 0x0000000084000000, 0x0000000084000000|100%| O|  |TAMS 0x0000000084000000, 0x0000000084000000| Untracked 
|  64|0x0000000084000000, 0x0000000084100000, 0x0000000084100000|100%| O|  |TAMS 0x0000000084100000, 0x0000000084100000| Untracked 
|  65|0x0000000084100000, 0x0000000084200000, 0x0000000084200000|100%| O|  |TAMS 0x0000000084200000, 0x0000000084200000| Untracked 
|  66|0x0000000084200000, 0x0000000084300000, 0x0000000084300000|100%|HS|  |TAMS 0x0000000084200000, 0x0000000084200000| Complete 
|  67|0x0000000084300000, 0x0000000084400000, 0x0000000084400000|100%|HC|  |TAMS 0x0000000084300000, 0x0000000084300000| Complete 
|  68|0x0000000084400000, 0x0000000084500000, 0x0000000084500000|100%| O|  |TAMS 0x0000000084400000, 0x0000000084500000| Untracked 
|  69|0x0000000084500000, 0x0000000084600000, 0x0000000084600000|100%| O|  |TAMS 0x0000000084600000, 0x0000000084600000| Untracked 
|  70|0x0000000084600000, 0x0000000084700000, 0x0000000084700000|100%| O|  |TAMS 0x0000000084700000, 0x0000000084700000| Untracked 
|  71|0x0000000084700000, 0x0000000084800000, 0x0000000084800000|100%| O|  |TAMS 0x0000000084800000, 0x0000000084800000| Untracked 
|  72|0x0000000084800000, 0x0000000084900000, 0x0000000084900000|100%| O|  |TAMS 0x0000000084900000, 0x0000000084900000| Untracked 
|  73|0x0000000084900000, 0x0000000084a00000, 0x0000000084a00000|100%| O|  |TAMS 0x0000000084a00000, 0x0000000084a00000| Untracked 
|  74|0x0000000084a00000, 0x0000000084b00000, 0x0000000084b00000|100%| O|  |TAMS 0x0000000084b00000, 0x0000000084b00000| Untracked 
|  75|0x0000000084b00000, 0x0000000084c00000, 0x0000000084c00000|100%| O|  |TAMS 0x0000000084c00000, 0x0000000084c00000| Untracked 
|  76|0x0000000084c00000, 0x0000000084d00000, 0x0000000084d00000|100%| O|  |TAMS 0x0000000084d00000, 0x0000000084d00000| Untracked 
|  77|0x0000000084d00000, 0x0000000084e00000, 0x0000000084e00000|100%| O|  |TAMS 0x0000000084e00000, 0x0000000084e00000| Untracked 
|  78|0x0000000084e00000, 0x0000000084e00000, 0x0000000084f00000|  0%| F|  |TAMS 0x0000000084e00000, 0x0000000084e00000| Untracked 
|  79|0x0000000084f00000, 0x0000000084f00000, 0x0000000085000000|  0%| F|  |TAMS 0x0000000084f00000, 0x0000000084f00000| Untracked 
|  80|0x0000000085000000, 0x0000000085100000, 0x0000000085100000|100%| O|  |TAMS 0x0000000085100000, 0x0000000085100000| Untracked 
|  81|0x0000000085100000, 0x0000000085200000, 0x0000000085200000|100%| O|  |TAMS 0x0000000085200000, 0x0000000085200000| Untracked 
|  82|0x0000000085200000, 0x0000000085300000, 0x0000000085300000|100%| O|  |TAMS 0x0000000085300000, 0x0000000085300000| Untracked 
|  83|0x0000000085300000, 0x0000000085400000, 0x0000000085400000|100%| O|  |TAMS 0x0000000085400000, 0x0000000085400000| Untracked 
|  84|0x0000000085400000, 0x0000000085500000, 0x0000000085500000|100%| O|  |TAMS 0x0000000085500000, 0x0000000085500000| Untracked 
|  85|0x0000000085500000, 0x0000000085600000, 0x0000000085600000|100%| O|  |TAMS 0x0000000085600000, 0x0000000085600000| Untracked 
|  86|0x0000000085600000, 0x0000000085700000, 0x0000000085700000|100%| O|  |TAMS 0x0000000085700000, 0x0000000085700000| Untracked 
|  87|0x0000000085700000, 0x0000000085700000, 0x0000000085800000|  0%| F|  |TAMS 0x0000000085700000, 0x0000000085700000| Untracked 
|  88|0x0000000085800000, 0x0000000085900000, 0x0000000085900000|100%| O|  |TAMS 0x0000000085900000, 0x0000000085900000| Untracked 
|  89|0x0000000085900000, 0x0000000085900000, 0x0000000085a00000|  0%| F|  |TAMS 0x0000000085900000, 0x0000000085900000| Untracked 
|  90|0x0000000085a00000, 0x0000000085a00000, 0x0000000085b00000|  0%| F|  |TAMS 0x0000000085a00000, 0x0000000085a00000| Untracked 
|  91|0x0000000085b00000, 0x0000000085c00000, 0x0000000085c00000|100%| O|  |TAMS 0x0000000085c00000, 0x0000000085c00000| Untracked 
|  92|0x0000000085c00000, 0x0000000085d00000, 0x0000000085d00000|100%| O|  |TAMS 0x0000000085d00000, 0x0000000085d00000| Untracked 
|  93|0x0000000085d00000, 0x0000000085d00000, 0x0000000085e00000|  0%| F|  |TAMS 0x0000000085d00000, 0x0000000085d00000| Untracked 
|  94|0x0000000085e00000, 0x0000000085f00000, 0x0000000085f00000|100%| O|  |TAMS 0x0000000085f00000, 0x0000000085f00000| Untracked 
|  95|0x0000000085f00000, 0x0000000086000000, 0x0000000086000000|100%| O|  |TAMS 0x0000000086000000, 0x0000000086000000| Untracked 
|  96|0x0000000086000000, 0x0000000086100000, 0x0000000086100000|100%| O|  |TAMS 0x0000000086100000, 0x0000000086100000| Untracked 
|  97|0x0000000086100000, 0x0000000086200000, 0x0000000086200000|100%| O|  |TAMS 0x0000000086200000, 0x0000000086200000| Untracked 
|  98|0x0000000086200000, 0x0000000086300000, 0x0000000086300000|100%| O|  |TAMS 0x0000000086300000, 0x0000000086300000| Untracked 
|  99|0x0000000086300000, 0x0000000086300000, 0x0000000086400000|  0%| F|  |TAMS 0x0000000086300000, 0x0000000086300000| Untracked 
| 100|0x0000000086400000, 0x0000000086500000, 0x0000000086500000|100%| O|  |TAMS 0x0000000086500000, 0x0000000086500000| Untracked 
| 101|0x0000000086500000, 0x0000000086600000, 0x0000000086600000|100%| O|  |TAMS 0x0000000086600000, 0x0000000086600000| Untracked 
| 102|0x0000000086600000, 0x0000000086700000, 0x0000000086700000|100%| O|  |TAMS 0x0000000086700000, 0x0000000086700000| Untracked 
| 103|0x0000000086700000, 0x0000000086800000, 0x0000000086800000|100%| O|  |TAMS 0x0000000086800000, 0x0000000086800000| Untracked 
| 104|0x0000000086800000, 0x0000000086900000, 0x0000000086900000|100%| O|  |TAMS 0x0000000086900000, 0x0000000086900000| Untracked 
| 105|0x0000000086900000, 0x0000000086a00000, 0x0000000086a00000|100%| O|  |TAMS 0x0000000086a00000, 0x0000000086a00000| Untracked 
| 106|0x0000000086a00000, 0x0000000086a00000, 0x0000000086b00000|  0%| F|  |TAMS 0x0000000086a00000, 0x0000000086a00000| Untracked 
| 107|0x0000000086b00000, 0x0000000086c00000, 0x0000000086c00000|100%|HS|  |TAMS 0x0000000086c00000, 0x0000000086c00000| Complete 
| 108|0x0000000086c00000, 0x0000000086d00000, 0x0000000086d00000|100%|HC|  |TAMS 0x0000000086d00000, 0x0000000086d00000| Complete 
| 109|0x0000000086d00000, 0x0000000086e00000, 0x0000000086e00000|100%| O|  |TAMS 0x0000000086e00000, 0x0000000086e00000| Untracked 
| 110|0x0000000086e00000, 0x0000000086e00000, 0x0000000086f00000|  0%| F|  |TAMS 0x0000000086e00000, 0x0000000086e00000| Untracked 
| 111|0x0000000086f00000, 0x0000000087000000, 0x0000000087000000|100%| O|  |TAMS 0x0000000087000000, 0x0000000087000000| Untracked 
| 112|0x0000000087000000, 0x0000000087100000, 0x0000000087100000|100%| O|  |TAMS 0x0000000087100000, 0x0000000087100000| Untracked 
| 113|0x0000000087100000, 0x0000000087200000, 0x0000000087200000|100%| O|  |TAMS 0x0000000087200000, 0x0000000087200000| Untracked 
| 114|0x0000000087200000, 0x0000000087300000, 0x0000000087300000|100%| O|  |TAMS 0x0000000087300000, 0x0000000087300000| Untracked 
| 115|0x0000000087300000, 0x0000000087300000, 0x0000000087400000|  0%| F|  |TAMS 0x0000000087300000, 0x0000000087300000| Untracked 
| 116|0x0000000087400000, 0x0000000087500000, 0x0000000087500000|100%| O|  |TAMS 0x0000000087500000, 0x0000000087500000| Untracked 
| 117|0x0000000087500000, 0x0000000087600000, 0x0000000087600000|100%| O|  |TAMS 0x0000000087600000, 0x0000000087600000| Untracked 
| 118|0x0000000087600000, 0x0000000087600000, 0x0000000087700000|  0%| F|  |TAMS 0x0000000087600000, 0x0000000087600000| Untracked 
| 119|0x0000000087700000, 0x0000000087800000, 0x0000000087800000|100%| O|  |TAMS 0x0000000087800000, 0x0000000087800000| Untracked 
| 120|0x0000000087800000, 0x0000000087900000, 0x0000000087900000|100%| O|  |TAMS 0x0000000087900000, 0x0000000087900000| Untracked 
| 121|0x0000000087900000, 0x0000000087a00000, 0x0000000087a00000|100%| O|  |TAMS 0x0000000087a00000, 0x0000000087a00000| Untracked 
| 122|0x0000000087a00000, 0x0000000087b00000, 0x0000000087b00000|100%| O|  |TAMS 0x0000000087b00000, 0x0000000087b00000| Untracked 
| 123|0x0000000087b00000, 0x0000000087c00000, 0x0000000087c00000|100%| O|  |TAMS 0x0000000087c00000, 0x0000000087c00000| Untracked 
| 124|0x0000000087c00000, 0x0000000087d00000, 0x0000000087d00000|100%| O|  |TAMS 0x0000000087d00000, 0x0000000087d00000| Untracked 
| 125|0x0000000087d00000, 0x0000000087d00000, 0x0000000087e00000|  0%| F|  |TAMS 0x0000000087d00000, 0x0000000087d00000| Untracked 
| 126|0x0000000087e00000, 0x0000000087f00000, 0x0000000087f00000|100%| O|  |TAMS 0x0000000087f00000, 0x0000000087f00000| Untracked 
| 127|0x0000000087f00000, 0x0000000088000000, 0x0000000088000000|100%| O|  |TAMS 0x0000000088000000, 0x0000000088000000| Untracked 
| 128|0x0000000088000000, 0x0000000088100000, 0x0000000088100000|100%| O|  |TAMS 0x0000000088100000, 0x0000000088100000| Untracked 
| 129|0x0000000088100000, 0x0000000088100000, 0x0000000088200000|  0%| F|  |TAMS 0x0000000088100000, 0x0000000088100000| Untracked 
| 130|0x0000000088200000, 0x0000000088300000, 0x0000000088300000|100%| O|  |TAMS 0x0000000088300000, 0x0000000088300000| Untracked 
| 131|0x0000000088300000, 0x0000000088400000, 0x0000000088400000|100%| O|  |TAMS 0x0000000088400000, 0x0000000088400000| Untracked 
| 132|0x0000000088400000, 0x0000000088400000, 0x0000000088500000|  0%| F|  |TAMS 0x0000000088400000, 0x0000000088400000| Untracked 
| 133|0x0000000088500000, 0x0000000088500000, 0x0000000088600000|  0%| F|  |TAMS 0x0000000088500000, 0x0000000088500000| Untracked 
| 134|0x0000000088600000, 0x0000000088700000, 0x0000000088700000|100%| O|  |TAMS 0x0000000088700000, 0x0000000088700000| Untracked 
| 135|0x0000000088700000, 0x0000000088700000, 0x0000000088800000|  0%| F|  |TAMS 0x0000000088700000, 0x0000000088700000| Untracked 
| 136|0x0000000088800000, 0x0000000088800000, 0x0000000088900000|  0%| F|  |TAMS 0x0000000088800000, 0x0000000088800000| Untracked 
| 137|0x0000000088900000, 0x0000000088a00000, 0x0000000088a00000|100%| O|  |TAMS 0x0000000088a00000, 0x0000000088a00000| Untracked 
| 138|0x0000000088a00000, 0x0000000088a00000, 0x0000000088b00000|  0%| F|  |TAMS 0x0000000088a00000, 0x0000000088a00000| Untracked 
| 139|0x0000000088b00000, 0x0000000088b00000, 0x0000000088c00000|  0%| F|  |TAMS 0x0000000088b00000, 0x0000000088b00000| Untracked 
| 140|0x0000000088c00000, 0x0000000088c00000, 0x0000000088d00000|  0%| F|  |TAMS 0x0000000088c00000, 0x0000000088c00000| Untracked 
| 141|0x0000000088d00000, 0x0000000088d00000, 0x0000000088e00000|  0%| F|  |TAMS 0x0000000088d00000, 0x0000000088d00000| Untracked 
| 142|0x0000000088e00000, 0x0000000088e00000, 0x0000000088f00000|  0%| F|  |TAMS 0x0000000088e00000, 0x0000000088e00000| Untracked 
| 143|0x0000000088f00000, 0x0000000088f00000, 0x0000000089000000|  0%| F|  |TAMS 0x0000000088f00000, 0x0000000088f00000| Untracked 
| 144|0x0000000089000000, 0x0000000089000000, 0x0000000089100000|  0%| F|  |TAMS 0x0000000089000000, 0x0000000089000000| Untracked 
| 145|0x0000000089100000, 0x0000000089100000, 0x0000000089200000|  0%| F|  |TAMS 0x0000000089100000, 0x0000000089100000| Untracked 
| 146|0x0000000089200000, 0x0000000089200000, 0x0000000089300000|  0%| F|  |TAMS 0x0000000089200000, 0x0000000089200000| Untracked 
| 147|0x0000000089300000, 0x0000000089300000, 0x0000000089400000|  0%| F|  |TAMS 0x0000000089300000, 0x0000000089300000| Untracked 
| 148|0x0000000089400000, 0x0000000089400000, 0x0000000089500000|  0%| F|  |TAMS 0x0000000089400000, 0x0000000089400000| Untracked 
| 149|0x0000000089500000, 0x0000000089500000, 0x0000000089600000|  0%| F|  |TAMS 0x0000000089500000, 0x0000000089500000| Untracked 
| 150|0x0000000089600000, 0x0000000089600000, 0x0000000089700000|  0%| F|  |TAMS 0x0000000089600000, 0x0000000089600000| Untracked 
| 151|0x0000000089700000, 0x0000000089700000, 0x0000000089800000|  0%| F|  |TAMS 0x0000000089700000, 0x0000000089700000| Untracked 
| 152|0x0000000089800000, 0x0000000089800000, 0x0000000089900000|  0%| F|  |TAMS 0x0000000089800000, 0x0000000089800000| Untracked 
| 153|0x0000000089900000, 0x0000000089900000, 0x0000000089a00000|  0%| F|  |TAMS 0x0000000089900000, 0x0000000089900000| Untracked 
| 154|0x0000000089a00000, 0x0000000089a00000, 0x0000000089b00000|  0%| F|  |TAMS 0x0000000089a00000, 0x0000000089a00000| Untracked 
| 155|0x0000000089b00000, 0x0000000089b00000, 0x0000000089c00000|  0%| F|  |TAMS 0x0000000089b00000, 0x0000000089b00000| Untracked 
| 156|0x0000000089c00000, 0x0000000089c00000, 0x0000000089d00000|  0%| F|  |TAMS 0x0000000089c00000, 0x0000000089c00000| Untracked 
| 157|0x0000000089d00000, 0x0000000089d00000, 0x0000000089e00000|  0%| F|  |TAMS 0x0000000089d00000, 0x0000000089d00000| Untracked 
| 158|0x0000000089e00000, 0x0000000089e00000, 0x0000000089f00000|  0%| F|  |TAMS 0x0000000089e00000, 0x0000000089e00000| Untracked 
| 159|0x0000000089f00000, 0x0000000089f00000, 0x000000008a000000|  0%| F|  |TAMS 0x0000000089f00000, 0x0000000089f00000| Untracked 
| 160|0x000000008a000000, 0x000000008a000000, 0x000000008a100000|  0%| F|  |TAMS 0x000000008a000000, 0x000000008a000000| Untracked 
| 161|0x000000008a100000, 0x000000008a100000, 0x000000008a200000|  0%| F|  |TAMS 0x000000008a100000, 0x000000008a100000| Untracked 
| 162|0x000000008a200000, 0x000000008a200000, 0x000000008a300000|  0%| F|  |TAMS 0x000000008a200000, 0x000000008a200000| Untracked 
| 163|0x000000008a300000, 0x000000008a300000, 0x000000008a400000|  0%| F|  |TAMS 0x000000008a300000, 0x000000008a300000| Untracked 
| 164|0x000000008a400000, 0x000000008a400000, 0x000000008a500000|  0%| F|  |TAMS 0x000000008a400000, 0x000000008a400000| Untracked 
| 165|0x000000008a500000, 0x000000008a500000, 0x000000008a600000|  0%| F|  |TAMS 0x000000008a500000, 0x000000008a500000| Untracked 
| 166|0x000000008a600000, 0x000000008a600000, 0x000000008a700000|  0%| F|  |TAMS 0x000000008a600000, 0x000000008a600000| Untracked 
| 167|0x000000008a700000, 0x000000008a700000, 0x000000008a800000|  0%| F|  |TAMS 0x000000008a700000, 0x000000008a700000| Untracked 
| 168|0x000000008a800000, 0x000000008a800000, 0x000000008a900000|  0%| F|  |TAMS 0x000000008a800000, 0x000000008a800000| Untracked 
| 169|0x000000008a900000, 0x000000008a900000, 0x000000008aa00000|  0%| F|  |TAMS 0x000000008a900000, 0x000000008a900000| Untracked 
| 170|0x000000008aa00000, 0x000000008aa00000, 0x000000008ab00000|  0%| F|  |TAMS 0x000000008aa00000, 0x000000008aa00000| Untracked 
| 171|0x000000008ab00000, 0x000000008ab00000, 0x000000008ac00000|  0%| F|  |TAMS 0x000000008ab00000, 0x000000008ab00000| Untracked 
| 172|0x000000008ac00000, 0x000000008ac00000, 0x000000008ad00000|  0%| F|  |TAMS 0x000000008ac00000, 0x000000008ac00000| Untracked 
| 173|0x000000008ad00000, 0x000000008ad00000, 0x000000008ae00000|  0%| F|  |TAMS 0x000000008ad00000, 0x000000008ad00000| Untracked 
| 174|0x000000008ae00000, 0x000000008ae00000, 0x000000008af00000|  0%| F|  |TAMS 0x000000008ae00000, 0x000000008ae00000| Untracked 
| 175|0x000000008af00000, 0x000000008af00000, 0x000000008b000000|  0%| F|  |TAMS 0x000000008af00000, 0x000000008af00000| Untracked 
| 176|0x000000008b000000, 0x000000008b000000, 0x000000008b100000|  0%| F|  |TAMS 0x000000008b000000, 0x000000008b000000| Untracked 
| 177|0x000000008b100000, 0x000000008b100000, 0x000000008b200000|  0%| F|  |TAMS 0x000000008b100000, 0x000000008b100000| Untracked 
| 178|0x000000008b200000, 0x000000008b200000, 0x000000008b300000|  0%| F|  |TAMS 0x000000008b200000, 0x000000008b200000| Untracked 
| 179|0x000000008b300000, 0x000000008b300000, 0x000000008b400000|  0%| F|  |TAMS 0x000000008b300000, 0x000000008b300000| Untracked 
| 180|0x000000008b400000, 0x000000008b400000, 0x000000008b500000|  0%| F|  |TAMS 0x000000008b400000, 0x000000008b400000| Untracked 
| 181|0x000000008b500000, 0x000000008b500000, 0x000000008b600000|  0%| F|  |TAMS 0x000000008b500000, 0x000000008b500000| Untracked 
| 182|0x000000008b600000, 0x000000008b600000, 0x000000008b700000|  0%| F|  |TAMS 0x000000008b600000, 0x000000008b600000| Untracked 
| 183|0x000000008b700000, 0x000000008b700000, 0x000000008b800000|  0%| F|  |TAMS 0x000000008b700000, 0x000000008b700000| Untracked 
| 184|0x000000008b800000, 0x000000008b800000, 0x000000008b900000|  0%| F|  |TAMS 0x000000008b800000, 0x000000008b800000| Untracked 
| 185|0x000000008b900000, 0x000000008b900000, 0x000000008ba00000|  0%| F|  |TAMS 0x000000008b900000, 0x000000008b900000| Untracked 
| 186|0x000000008ba00000, 0x000000008ba00000, 0x000000008bb00000|  0%| F|  |TAMS 0x000000008ba00000, 0x000000008ba00000| Untracked 
| 187|0x000000008bb00000, 0x000000008bb00000, 0x000000008bc00000|  0%| F|  |TAMS 0x000000008bb00000, 0x000000008bb00000| Untracked 
| 188|0x000000008bc00000, 0x000000008bc00000, 0x000000008bd00000|  0%| F|  |TAMS 0x000000008bc00000, 0x000000008bc00000| Untracked 
| 189|0x000000008bd00000, 0x000000008bd00000, 0x000000008be00000|  0%| F|  |TAMS 0x000000008bd00000, 0x000000008bd00000| Untracked 
| 190|0x000000008be00000, 0x000000008be00000, 0x000000008bf00000|  0%| F|  |TAMS 0x000000008be00000, 0x000000008be00000| Untracked 
| 191|0x000000008bf00000, 0x000000008bf00000, 0x000000008c000000|  0%| F|  |TAMS 0x000000008bf00000, 0x000000008bf00000| Untracked 
| 192|0x000000008c000000, 0x000000008c000000, 0x000000008c100000|  0%| F|  |TAMS 0x000000008c000000, 0x000000008c000000| Untracked 
| 193|0x000000008c100000, 0x000000008c100000, 0x000000008c200000|  0%| F|  |TAMS 0x000000008c100000, 0x000000008c100000| Untracked 
| 194|0x000000008c200000, 0x000000008c200000, 0x000000008c300000|  0%| F|  |TAMS 0x000000008c200000, 0x000000008c200000| Untracked 
| 195|0x000000008c300000, 0x000000008c300000, 0x000000008c400000|  0%| F|  |TAMS 0x000000008c300000, 0x000000008c300000| Untracked 
| 196|0x000000008c400000, 0x000000008c400000, 0x000000008c500000|  0%| F|  |TAMS 0x000000008c400000, 0x000000008c400000| Untracked 
| 197|0x000000008c500000, 0x000000008c500000, 0x000000008c600000|  0%| F|  |TAMS 0x000000008c500000, 0x000000008c500000| Untracked 
| 198|0x000000008c600000, 0x000000008c600000, 0x000000008c700000|  0%| F|  |TAMS 0x000000008c600000, 0x000000008c600000| Untracked 
| 199|0x000000008c700000, 0x000000008c700000, 0x000000008c800000|  0%| F|  |TAMS 0x000000008c700000, 0x000000008c700000| Untracked 
| 200|0x000000008c800000, 0x000000008c800000, 0x000000008c900000|  0%| F|  |TAMS 0x000000008c800000, 0x000000008c800000| Untracked 
| 201|0x000000008c900000, 0x000000008c900000, 0x000000008ca00000|  0%| F|  |TAMS 0x000000008c900000, 0x000000008c900000| Untracked 
| 202|0x000000008ca00000, 0x000000008ca00000, 0x000000008cb00000|  0%| F|  |TAMS 0x000000008ca00000, 0x000000008ca00000| Untracked 
| 203|0x000000008cb00000, 0x000000008cb00000, 0x000000008cc00000|  0%| F|  |TAMS 0x000000008cb00000, 0x000000008cb00000| Untracked 
| 204|0x000000008cc00000, 0x000000008cc00000, 0x000000008cd00000|  0%| F|  |TAMS 0x000000008cc00000, 0x000000008cc00000| Untracked 
| 205|0x000000008cd00000, 0x000000008cd00000, 0x000000008ce00000|  0%| F|  |TAMS 0x000000008cd00000, 0x000000008cd00000| Untracked 
| 206|0x000000008ce00000, 0x000000008ce00000, 0x000000008cf00000|  0%| F|  |TAMS 0x000000008ce00000, 0x000000008ce00000| Untracked 
| 207|0x000000008cf00000, 0x000000008cf00000, 0x000000008d000000|  0%| F|  |TAMS 0x000000008cf00000, 0x000000008cf00000| Untracked 
| 208|0x000000008d000000, 0x000000008d000000, 0x000000008d100000|  0%| F|  |TAMS 0x000000008d000000, 0x000000008d000000| Untracked 
| 209|0x000000008d100000, 0x000000008d100000, 0x000000008d200000|  0%| F|  |TAMS 0x000000008d100000, 0x000000008d100000| Untracked 
| 210|0x000000008d200000, 0x000000008d200000, 0x000000008d300000|  0%| F|  |TAMS 0x000000008d200000, 0x000000008d200000| Untracked 
| 211|0x000000008d300000, 0x000000008d300000, 0x000000008d400000|  0%| F|  |TAMS 0x000000008d300000, 0x000000008d300000| Untracked 
| 212|0x000000008d400000, 0x000000008d400000, 0x000000008d500000|  0%| F|  |TAMS 0x000000008d400000, 0x000000008d400000| Untracked 
| 213|0x000000008d500000, 0x000000008d500000, 0x000000008d600000|  0%| F|  |TAMS 0x000000008d500000, 0x000000008d500000| Untracked 
| 214|0x000000008d600000, 0x000000008d600000, 0x000000008d700000|  0%| F|  |TAMS 0x000000008d600000, 0x000000008d600000| Untracked 
| 215|0x000000008d700000, 0x000000008d700000, 0x000000008d800000|  0%| F|  |TAMS 0x000000008d700000, 0x000000008d700000| Untracked 
| 216|0x000000008d800000, 0x000000008d800000, 0x000000008d900000|  0%| F|  |TAMS 0x000000008d800000, 0x000000008d800000| Untracked 
| 217|0x000000008d900000, 0x000000008d900000, 0x000000008da00000|  0%| F|  |TAMS 0x000000008d900000, 0x000000008d900000| Untracked 
| 218|0x000000008da00000, 0x000000008da00000, 0x000000008db00000|  0%| F|  |TAMS 0x000000008da00000, 0x000000008da00000| Untracked 
| 219|0x000000008db00000, 0x000000008db00000, 0x000000008dc00000|  0%| F|  |TAMS 0x000000008db00000, 0x000000008db00000| Untracked 
| 220|0x000000008dc00000, 0x000000008dc00000, 0x000000008dd00000|  0%| F|  |TAMS 0x000000008dc00000, 0x000000008dc00000| Untracked 
| 221|0x000000008dd00000, 0x000000008dd00000, 0x000000008de00000|  0%| F|  |TAMS 0x000000008dd00000, 0x000000008dd00000| Untracked 
| 222|0x000000008de00000, 0x000000008de00000, 0x000000008df00000|  0%| F|  |TAMS 0x000000008de00000, 0x000000008de00000| Untracked 
| 223|0x000000008df00000, 0x000000008df00000, 0x000000008e000000|  0%| F|  |TAMS 0x000000008df00000, 0x000000008df00000| Untracked 
| 224|0x000000008e000000, 0x000000008e000000, 0x000000008e100000|  0%| F|  |TAMS 0x000000008e000000, 0x000000008e000000| Untracked 
| 225|0x000000008e100000, 0x000000008e100000, 0x000000008e200000|  0%| F|  |TAMS 0x000000008e100000, 0x000000008e100000| Untracked 
| 226|0x000000008e200000, 0x000000008e200000, 0x000000008e300000|  0%| F|  |TAMS 0x000000008e200000, 0x000000008e200000| Untracked 
| 227|0x000000008e300000, 0x000000008e300000, 0x000000008e400000|  0%| F|  |TAMS 0x000000008e300000, 0x000000008e300000| Untracked 
| 228|0x000000008e400000, 0x000000008e400000, 0x000000008e500000|  0%| F|  |TAMS 0x000000008e400000, 0x000000008e400000| Untracked 
| 229|0x000000008e500000, 0x000000008e500000, 0x000000008e600000|  0%| F|  |TAMS 0x000000008e500000, 0x000000008e500000| Untracked 
| 230|0x000000008e600000, 0x000000008e600000, 0x000000008e700000|  0%| F|  |TAMS 0x000000008e600000, 0x000000008e600000| Untracked 
| 231|0x000000008e700000, 0x000000008e700000, 0x000000008e800000|  0%| F|  |TAMS 0x000000008e700000, 0x000000008e700000| Untracked 
| 232|0x000000008e800000, 0x000000008e800000, 0x000000008e900000|  0%| F|  |TAMS 0x000000008e800000, 0x000000008e800000| Untracked 
| 233|0x000000008e900000, 0x000000008e900000, 0x000000008ea00000|  0%| F|  |TAMS 0x000000008e900000, 0x000000008e900000| Untracked 
| 234|0x000000008ea00000, 0x000000008ea00000, 0x000000008eb00000|  0%| F|  |TAMS 0x000000008ea00000, 0x000000008ea00000| Untracked 
| 235|0x000000008eb00000, 0x000000008eb00000, 0x000000008ec00000|  0%| F|  |TAMS 0x000000008eb00000, 0x000000008eb00000| Untracked 
| 236|0x000000008ec00000, 0x000000008ec00000, 0x000000008ed00000|  0%| F|  |TAMS 0x000000008ec00000, 0x000000008ec00000| Untracked 
| 237|0x000000008ed00000, 0x000000008ed00000, 0x000000008ee00000|  0%| F|  |TAMS 0x000000008ed00000, 0x000000008ed00000| Untracked 
| 238|0x000000008ee00000, 0x000000008ee00000, 0x000000008ef00000|  0%| F|  |TAMS 0x000000008ee00000, 0x000000008ee00000| Untracked 
| 239|0x000000008ef00000, 0x000000008ef00000, 0x000000008f000000|  0%| F|  |TAMS 0x000000008ef00000, 0x000000008ef00000| Untracked 
| 240|0x000000008f000000, 0x000000008f100000, 0x000000008f100000|100%| S|CS|TAMS 0x000000008f000000, 0x000000008f000000| Complete 
| 241|0x000000008f100000, 0x000000008f200000, 0x000000008f200000|100%| S|CS|TAMS 0x000000008f100000, 0x000000008f100000| Complete 
| 242|0x000000008f200000, 0x000000008f300000, 0x000000008f300000|100%| S|CS|TAMS 0x000000008f200000, 0x000000008f200000| Complete 
| 243|0x000000008f300000, 0x000000008f400000, 0x000000008f400000|100%| S|CS|TAMS 0x000000008f300000, 0x000000008f300000| Complete 
| 244|0x000000008f400000, 0x000000008f500000, 0x000000008f500000|100%| S|CS|TAMS 0x000000008f400000, 0x000000008f400000| Complete 
| 245|0x000000008f500000, 0x000000008f500000, 0x000000008f600000|  0%| F|  |TAMS 0x000000008f500000, 0x000000008f500000| Untracked 
| 246|0x000000008f600000, 0x000000008f600000, 0x000000008f700000|  0%| F|  |TAMS 0x000000008f600000, 0x000000008f600000| Untracked 
| 247|0x000000008f700000, 0x000000008f700000, 0x000000008f800000|  0%| F|  |TAMS 0x000000008f700000, 0x000000008f700000| Untracked 
| 248|0x000000008f800000, 0x000000008f800000, 0x000000008f900000|  0%| F|  |TAMS 0x000000008f800000, 0x000000008f800000| Untracked 
| 249|0x000000008f900000, 0x000000008f900000, 0x000000008fa00000|  0%| F|  |TAMS 0x000000008f900000, 0x000000008f900000| Untracked 
| 250|0x000000008fa00000, 0x000000008fa00000, 0x000000008fb00000|  0%| F|  |TAMS 0x000000008fa00000, 0x000000008fa00000| Untracked 
| 251|0x000000008fb00000, 0x000000008fb00000, 0x000000008fc00000|  0%| F|  |TAMS 0x000000008fb00000, 0x000000008fb00000| Untracked 
| 252|0x000000008fc00000, 0x000000008fc00000, 0x000000008fd00000|  0%| F|  |TAMS 0x000000008fc00000, 0x000000008fc00000| Untracked 
| 253|0x000000008fd00000, 0x000000008fd00000, 0x000000008fe00000|  0%| F|  |TAMS 0x000000008fd00000, 0x000000008fd00000| Untracked 
| 254|0x000000008fe00000, 0x000000008fe00000, 0x000000008ff00000|  0%| F|  |TAMS 0x000000008fe00000, 0x000000008fe00000| Untracked 
| 255|0x000000008ff00000, 0x000000008ff00000, 0x0000000090000000|  0%| F|  |TAMS 0x000000008ff00000, 0x000000008ff00000| Untracked 
| 256|0x0000000090000000, 0x0000000090000000, 0x0000000090100000|  0%| F|  |TAMS 0x0000000090000000, 0x0000000090000000| Untracked 
| 257|0x0000000090100000, 0x0000000090100000, 0x0000000090200000|  0%| F|  |TAMS 0x0000000090100000, 0x0000000090100000| Untracked 
| 258|0x0000000090200000, 0x0000000090200000, 0x0000000090300000|  0%| F|  |TAMS 0x0000000090200000, 0x0000000090200000| Untracked 
| 259|0x0000000090300000, 0x0000000090300000, 0x0000000090400000|  0%| F|  |TAMS 0x0000000090300000, 0x0000000090300000| Untracked 
| 260|0x0000000090400000, 0x0000000090400000, 0x0000000090500000|  0%| F|  |TAMS 0x0000000090400000, 0x0000000090400000| Untracked 
| 261|0x0000000090500000, 0x0000000090500000, 0x0000000090600000|  0%| F|  |TAMS 0x0000000090500000, 0x0000000090500000| Untracked 
| 262|0x0000000090600000, 0x0000000090600000, 0x0000000090700000|  0%| F|  |TAMS 0x0000000090600000, 0x0000000090600000| Untracked 
| 263|0x0000000090700000, 0x0000000090700000, 0x0000000090800000|  0%| F|  |TAMS 0x0000000090700000, 0x0000000090700000| Untracked 
| 264|0x0000000090800000, 0x0000000090800000, 0x0000000090900000|  0%| F|  |TAMS 0x0000000090800000, 0x0000000090800000| Untracked 
| 265|0x0000000090900000, 0x0000000090900000, 0x0000000090a00000|  0%| F|  |TAMS 0x0000000090900000, 0x0000000090900000| Untracked 
| 266|0x0000000090a00000, 0x0000000090a00000, 0x0000000090b00000|  0%| F|  |TAMS 0x0000000090a00000, 0x0000000090a00000| Untracked 
| 267|0x0000000090b00000, 0x0000000090b00000, 0x0000000090c00000|  0%| F|  |TAMS 0x0000000090b00000, 0x0000000090b00000| Untracked 
| 268|0x0000000090c00000, 0x0000000090c00000, 0x0000000090d00000|  0%| F|  |TAMS 0x0000000090c00000, 0x0000000090c00000| Untracked 
| 269|0x0000000090d00000, 0x0000000090d00000, 0x0000000090e00000|  0%| F|  |TAMS 0x0000000090d00000, 0x0000000090d00000| Untracked 
| 270|0x0000000090e00000, 0x0000000090e6fdc0, 0x0000000090f00000| 43%| E|  |TAMS 0x0000000090e00000, 0x0000000090e00000| Complete 
| 271|0x0000000090f00000, 0x0000000091000000, 0x0000000091000000|100%| E|CS|TAMS 0x0000000090f00000, 0x0000000090f00000| Complete 
| 272|0x0000000091000000, 0x0000000091100000, 0x0000000091100000|100%| E|CS|TAMS 0x0000000091000000, 0x0000000091000000| Complete 
| 273|0x0000000091100000, 0x0000000091200000, 0x0000000091200000|100%| E|CS|TAMS 0x0000000091100000, 0x0000000091100000| Complete 
| 274|0x0000000091200000, 0x0000000091300000, 0x0000000091300000|100%| E|CS|TAMS 0x0000000091200000, 0x0000000091200000| Complete 
| 275|0x0000000091300000, 0x0000000091400000, 0x0000000091400000|100%| E|CS|TAMS 0x0000000091300000, 0x0000000091300000| Complete 
| 276|0x0000000091400000, 0x0000000091500000, 0x0000000091500000|100%| E|CS|TAMS 0x0000000091400000, 0x0000000091400000| Complete 
| 277|0x0000000091500000, 0x0000000091600000, 0x0000000091600000|100%| E|CS|TAMS 0x0000000091500000, 0x0000000091500000| Complete 
| 278|0x0000000091600000, 0x0000000091700000, 0x0000000091700000|100%| E|CS|TAMS 0x0000000091600000, 0x0000000091600000| Complete 
| 279|0x0000000091700000, 0x0000000091800000, 0x0000000091800000|100%| E|CS|TAMS 0x0000000091700000, 0x0000000091700000| Complete 
| 280|0x0000000091800000, 0x0000000091900000, 0x0000000091900000|100%| E|CS|TAMS 0x0000000091800000, 0x0000000091800000| Complete 

Card table byte_map: [0x0000027573ce0000,0x00000275740e0000] _byte_map_base: 0x00000275738e0000

Marking Bits (Prev, Next): (CMBitMap*) 0x00000275611f32c0, (CMBitMap*) 0x00000275611f3288
 Prev Bits: [0x00000275764e0000, 0x00000275784e0000)
 Next Bits: [0x00000275744e0000, 0x00000275764e0000)

Polling page: 0x000002755f180000

Metaspace:

Usage:
  Non-class:    123.13 MB capacity,   120.85 MB ( 98%) used,     1.79 MB (  1%) free+waste,   498.56 KB ( <1%) overhead. 
      Class:     18.09 MB capacity,    16.71 MB ( 92%) used,     1.17 MB (  6%) free+waste,   209.81 KB (  1%) overhead. 
       Both:    141.22 MB capacity,   137.56 MB ( 97%) used,     2.96 MB (  2%) free+waste,   708.38 KB ( <1%) overhead. 

Virtual space:
  Non-class space:      124.00 MB reserved,     123.92 MB (>99%) committed 
      Class space:        1.00 GB reserved,      18.50 MB (  2%) committed 
             Both:        1.12 GB reserved,     142.42 MB ( 12%) committed 

Chunk freelists:
   Non-Class:  746.00 KB
       Class:  369.00 KB
        Both:  1.09 MB

MaxMetaspaceSize: 17179869184.00 GB
CompressedClassSpaceSize: 1.00 GB
Initial GC threshold: 20.80 MB
Current GC threshold: 237.37 MB
CDS: off

CodeHeap 'non-profiled nmethods': size=120064Kb used=16845Kb max_used=16845Kb free=103218Kb
 bounds [0x000002756c7a0000, 0x000002756d820000, 0x0000027573ce0000]
CodeHeap 'profiled nmethods': size=120000Kb used=54849Kb max_used=56627Kb free=65150Kb
 bounds [0x0000027565270000, 0x00000275689d0000, 0x000002756c7a0000]
CodeHeap 'non-nmethods': size=5696Kb used=2484Kb max_used=2552Kb free=3212Kb
 bounds [0x0000027564ce0000, 0x0000027564f80000, 0x0000027565270000]
 total_blobs=24562 nmethods=23532 adapters=941
 compilation: enabled
              stopped_count=0, restarted_count=0
 full_count=0

Compilation events (20 events):
Event: 2838.461 Thread 0x000002757a938800 27106       3       com.sun.tools.javac.parser.JavacParser::newOpStack (36 bytes)
Event: 2838.463 Thread 0x000002757a938800 nmethod 27106 0x000002756714f790 code [0x000002756714f9a0, 0x0000027567150138]
Event: 2838.466 Thread 0x000002757a938800 27107       3       com.sun.tools.javac.code.Preview::isPreview (5 bytes)
Event: 2838.466 Thread 0x000002757a938800 nmethod 27107 0x000002756708e190 code [0x000002756708e340, 0x000002756708e438]
Event: 2838.467 Thread 0x000002757a92b000 27108       4       com.sun.tools.javac.parser.JavacParser::term1 (40 bytes)
Event: 2838.471 Thread 0x000002757a938800 27109   !   3       com.sun.tools.javac.api.MultiTaskListener::started (86 bytes)
Event: 2838.472 Thread 0x000002757a938800 nmethod 27109 0x0000027567146d90 code [0x0000027567146fa0, 0x0000027567147398]
Event: 2838.472 Thread 0x000002757a938800 27110       3       org.gradle.internal.compiler.java.listeners.classnames.ClassNameCollector::started (1 bytes)
Event: 2838.472 Thread 0x000002757a938800 nmethod 27110 0x00000275670b0610 code [0x00000275670b07c0, 0x00000275670b08b8]
Event: 2838.472 Thread 0x000002757a938800 27111       3       org.gradle.internal.compiler.java.listeners.constants.ConstantsCollector::started (1 bytes)
Event: 2838.473 Thread 0x000002757a938800 nmethod 27111 0x00000275670f0e10 code [0x00000275670f0fc0, 0x00000275670f10b8]
Event: 2838.486 Thread 0x000002757a938800 27113   !   3       com.sun.tools.javac.api.MultiTaskListener::finished (86 bytes)
Event: 2838.487 Thread 0x000002757a938800 nmethod 27113 0x000002756729a690 code [0x000002756729a8a0, 0x000002756729ac98]
Event: 2838.488 Thread 0x000002757a938800 27114       3       org.gradle.internal.compiler.java.listeners.classnames.ClassNameCollector::finished (56 bytes)
Event: 2838.490 Thread 0x000002757a938800 nmethod 27114 0x00000275673b2510 code [0x00000275673b2760, 0x00000275673b2f68]
Event: 2838.490 Thread 0x000002757a938800 27115       3       org.gradle.internal.compiler.java.listeners.constants.ConstantsCollector::finished (61 bytes)
Event: 2838.494 Thread 0x000002757a938800 nmethod 27115 0x00000275677a6710 code [0x00000275677a6960, 0x00000275677a72d8]
Event: 2838.595 Thread 0x000002757a92b000 nmethod 27108 0x000002756d09df90 code [0x000002756d09e480, 0x000002756d0a0380]
Event: 2838.595 Thread 0x000002757a92b000 27112       4       com.sun.tools.javac.tree.JCTree$JCAssign::getTag (4 bytes)
Event: 2838.596 Thread 0x000002757a92b000 nmethod 27112 0x000002756d0dd510 code [0x000002756d0dd6a0, 0x000002756d0dd718]

GC Heap History (20 events):
Event: 2589.969 GC heap before
{Heap before GC invocations=122 (full 0):
 garbage-first heap   total 287744K, used 140200K [0x0000000080000000, 0x0000000100000000)
  region size 1024K, 14 young (14336K), 2 survivors (2048K)
 Metaspace       used 140400K, capacity 144099K, committed 145328K, reserved 1175552K
  class space    used 17099K, capacity 18511K, committed 18944K, reserved 1048576K
}
Event: 2590.068 GC heap after
{Heap after GC invocations=123 (full 0):
 garbage-first heap   total 287744K, used 126528K [0x0000000080000000, 0x0000000100000000)
  region size 1024K, 2 young (2048K), 2 survivors (2048K)
 Metaspace       used 140400K, capacity 144099K, committed 145328K, reserved 1175552K
  class space    used 17099K, capacity 18511K, committed 18944K, reserved 1048576K
}
Event: 2590.415 GC heap before
{Heap before GC invocations=123 (full 0):
 garbage-first heap   total 287744K, used 138816K [0x0000000080000000, 0x0000000100000000)
  region size 1024K, 14 young (14336K), 2 survivors (2048K)
 Metaspace       used 140412K, capacity 144099K, committed 145328K, reserved 1175552K
  class space    used 17099K, capacity 18511K, committed 18944K, reserved 1048576K
}
Event: 2590.503 GC heap after
{Heap after GC invocations=124 (full 0):
 garbage-first heap   total 287744K, used 127488K [0x0000000080000000, 0x0000000100000000)
  region size 1024K, 2 young (2048K), 2 survivors (2048K)
 Metaspace       used 140412K, capacity 144099K, committed 145328K, reserved 1175552K
  class space    used 17099K, capacity 18511K, committed 18944K, reserved 1048576K
}
Event: 2591.737 GC heap before
{Heap before GC invocations=124 (full 0):
 garbage-first heap   total 287744K, used 152064K [0x0000000080000000, 0x0000000100000000)
  region size 1024K, 28 young (28672K), 2 survivors (2048K)
 Metaspace       used 140480K, capacity 144233K, committed 145584K, reserved 1175552K
  class space    used 17099K, capacity 18512K, committed 18944K, reserved 1048576K
}
Event: 2591.779 GC heap after
{Heap after GC invocations=125 (full 0):
 garbage-first heap   total 287744K, used 129127K [0x0000000080000000, 0x0000000100000000)
  region size 1024K, 4 young (4096K), 4 survivors (4096K)
 Metaspace       used 140480K, capacity 144233K, committed 145584K, reserved 1175552K
  class space    used 17099K, capacity 18512K, committed 18944K, reserved 1048576K
}
Event: 2593.512 GC heap before
{Heap before GC invocations=126 (full 0):
 garbage-first heap   total 287744K, used 169063K [0x0000000080000000, 0x0000000100000000)
  region size 1024K, 41 young (41984K), 4 survivors (4096K)
 Metaspace       used 140546K, capacity 144371K, committed 145584K, reserved 1175552K
  class space    used 17102K, capacity 18513K, committed 18944K, reserved 1048576K
}
Event: 2593.597 GC heap after
{Heap after GC invocations=127 (full 0):
 garbage-first heap   total 287744K, used 135703K [0x0000000080000000, 0x0000000100000000)
  region size 1024K, 6 young (6144K), 6 survivors (6144K)
 Metaspace       used 140546K, capacity 144371K, committed 145584K, reserved 1175552K
  class space    used 17102K, capacity 18513K, committed 18944K, reserved 1048576K
}
Event: 2594.475 GC heap before
{Heap before GC invocations=127 (full 0):
 garbage-first heap   total 287744K, used 143895K [0x0000000080000000, 0x0000000100000000)
  region size 1024K, 14 young (14336K), 6 survivors (6144K)
 Metaspace       used 140566K, capacity 144375K, committed 145584K, reserved 1175552K
  class space    used 17102K, capacity 18513K, committed 18944K, reserved 1048576K
}
Event: 2594.577 GC heap after
{Heap after GC invocations=128 (full 0):
 garbage-first heap   total 287744K, used 124286K [0x0000000080000000, 0x0000000100000000)
  region size 1024K, 1 young (1024K), 1 survivors (1024K)
 Metaspace       used 140566K, capacity 144375K, committed 145584K, reserved 1175552K
  class space    used 17102K, capacity 18513K, committed 18944K, reserved 1048576K
}
Event: 2594.976 GC heap before
{Heap before GC invocations=128 (full 0):
 garbage-first heap   total 287744K, used 137598K [0x0000000080000000, 0x0000000100000000)
  region size 1024K, 14 young (14336K), 1 survivors (1024K)
 Metaspace       used 140583K, capacity 144376K, committed 145584K, reserved 1175552K
  class space    used 17102K, capacity 18513K, committed 18944K, reserved 1048576K
}
Event: 2595.013 GC heap after
{Heap after GC invocations=129 (full 0):
 garbage-first heap   total 287744K, used 122461K [0x0000000080000000, 0x0000000100000000)
  region size 1024K, 1 young (1024K), 1 survivors (1024K)
 Metaspace       used 140583K, capacity 144376K, committed 145584K, reserved 1175552K
  class space    used 17102K, capacity 18513K, committed 18944K, reserved 1048576K
}
Event: 2596.683 GC heap before
{Heap before GC invocations=129 (full 0):
 garbage-first heap   total 287744K, used 165469K [0x0000000080000000, 0x0000000100000000)
  region size 1024K, 44 young (45056K), 1 survivors (1024K)
 Metaspace       used 140632K, capacity 144453K, committed 145840K, reserved 1175552K
  class space    used 17105K, capacity 18517K, committed 18944K, reserved 1048576K
}
Event: 2596.698 GC heap after
{Heap after GC invocations=130 (full 0):
 garbage-first heap   total 287744K, used 124672K [0x0000000080000000, 0x0000000100000000)
  region size 1024K, 3 young (3072K), 3 survivors (3072K)
 Metaspace       used 140632K, capacity 144453K, committed 145840K, reserved 1175552K
  class space    used 17105K, capacity 18517K, committed 18944K, reserved 1048576K
}
Event: 2829.031 GC heap before
{Heap before GC invocations=131 (full 0):
 garbage-first heap   total 287744K, used 205568K [0x0000000080000000, 0x0000000100000000)
  region size 1024K, 59 young (60416K), 3 survivors (3072K)
 Metaspace       used 140734K, capacity 144533K, committed 145840K, reserved 1175552K
  class space    used 17107K, capacity 18520K, committed 18944K, reserved 1048576K
}
Event: 2829.386 GC heap after
{Heap after GC invocations=132 (full 0):
 garbage-first heap   total 287744K, used 124487K [0x0000000080000000, 0x0000000100000000)
  region size 1024K, 3 young (3072K), 3 survivors (3072K)
 Metaspace       used 140734K, capacity 144533K, committed 145840K, reserved 1175552K
  class space    used 17107K, capacity 18520K, committed 18944K, reserved 1048576K
}
Event: 2833.018 GC heap before
{Heap before GC invocations=132 (full 0):
 garbage-first heap   total 287744K, used 135751K [0x0000000080000000, 0x0000000100000000)
  region size 1024K, 14 young (14336K), 3 survivors (3072K)
 Metaspace       used 140759K, capacity 144533K, committed 145840K, reserved 1175552K
  class space    used 17108K, capacity 18520K, committed 18944K, reserved 1048576K
}
Event: 2833.569 GC heap after
{Heap after GC invocations=133 (full 0):
 garbage-first heap   total 287744K, used 117799K [0x0000000080000000, 0x0000000100000000)
  region size 1024K, 2 young (2048K), 2 survivors (2048K)
 Metaspace       used 140759K, capacity 144533K, committed 145840K, reserved 1175552K
  class space    used 17108K, capacity 18520K, committed 18944K, reserved 1048576K
}
Event: 2838.289 GC heap before
{Heap before GC invocations=133 (full 0):
 garbage-first heap   total 287744K, used 151591K [0x0000000080000000, 0x0000000100000000)
  region size 1024K, 36 young (36864K), 2 survivors (2048K)
 Metaspace       used 140851K, capacity 144607K, committed 145840K, reserved 1175552K
  class space    used 17108K, capacity 18521K, committed 18944K, reserved 1048576K
}
Event: 2838.374 GC heap after
{Heap after GC invocations=134 (full 0):
 garbage-first heap   total 287744K, used 123904K [0x0000000080000000, 0x0000000100000000)
  region size 1024K, 5 young (5120K), 5 survivors (5120K)
 Metaspace       used 140851K, capacity 144607K, committed 145840K, reserved 1175552K
  class space    used 17108K, capacity 18521K, committed 18944K, reserved 1048576K
}

Deoptimization events (20 events):
Event: 2598.632 Thread 0x000002757df75000 Uncommon trap: trap_request=0xffffffdc fr.pc=0x000002756d7ee140 relative=0x0000000000002720
Event: 2598.632 Thread 0x000002757df75000 Uncommon trap: reason=class_check action=make_not_entrant pc=0x000002756d7ee140 method=java.util.ArrayList$SubList.toArray([Ljava/lang/Object;)[Ljava/lang/Object; @ 37 c2
Event: 2598.632 Thread 0x000002757df75000 DEOPT PACKING pc=0x000002756d7ee140 sp=0x000000c9041fcc50
Event: 2598.632 Thread 0x000002757df75000 DEOPT UNPACKING pc=0x0000027564d2a1a9 sp=0x000000c9041fcbc8 mode 2
Event: 2598.646 Thread 0x000002757df75000 DEOPT PACKING pc=0x0000027567cd6fb6 sp=0x000000c9041fcbf0
Event: 2598.646 Thread 0x000002757df75000 DEOPT UNPACKING pc=0x0000027564d2a93f sp=0x000000c9041fc0e8 mode 0
Event: 2828.674 Thread 0x000002757df6f800 DEOPT PACKING pc=0x0000027567febb9f sp=0x000000c900cf8720
Event: 2828.677 Thread 0x000002757df6f800 DEOPT UNPACKING pc=0x0000027564d2a93f sp=0x000000c900cf7ab8 mode 0
Event: 2831.376 Thread 0x000002757df6f800 Uncommon trap: trap_request=0xffffff4d fr.pc=0x000002756ca5d698 relative=0x0000000000002a38
Event: 2831.376 Thread 0x000002757df6f800 Uncommon trap: reason=unstable_if action=reinterpret pc=0x000002756ca5d698 method=java.lang.ref.SoftReference.get()Ljava/lang/Object; @ 6 c2
Event: 2831.377 Thread 0x000002757df6f800 DEOPT PACKING pc=0x000002756ca5d698 sp=0x000000c900cf3070
Event: 2831.377 Thread 0x000002757df6f800 DEOPT UNPACKING pc=0x0000027564d2a1a9 sp=0x000000c900cf2fa8 mode 2
Event: 2833.939 Thread 0x000002757df6f800 DEOPT PACKING pc=0x0000027567f9b847 sp=0x000000c900cfa460
Event: 2833.940 Thread 0x000002757df6f800 DEOPT UNPACKING pc=0x0000027564d2a93f sp=0x000000c900cf9908 mode 0
Event: 2837.116 Thread 0x000002757daf4800 Uncommon trap: trap_request=0xffffff5c fr.pc=0x000002756d0b59fc relative=0x000000000000093c
Event: 2837.116 Thread 0x000002757daf4800 Uncommon trap: reason=speculate_null_assert action=make_not_entrant pc=0x000002756d0b59fc method=org.gradle.api.internal.file.collections.UnpackingVisitor.add(Ljava/lang/Object;)V @ 346 c2
Event: 2837.116 Thread 0x000002757daf4800 DEOPT PACKING pc=0x000002756d0b59fc sp=0x000000c903efcde0
Event: 2837.116 Thread 0x000002757daf4800 DEOPT UNPACKING pc=0x0000027564d2a1a9 sp=0x000000c903efcd78 mode 2
Event: 2837.225 Thread 0x000002757daf4800 DEOPT PACKING pc=0x0000027566beeb88 sp=0x000000c903efaf10
Event: 2837.225 Thread 0x000002757daf4800 DEOPT UNPACKING pc=0x0000027564d2a93f sp=0x000000c903efa448 mode 0

Classes redefined (0 events):
No events

Internal exceptions (20 events):
Event: 2837.735 Thread 0x000002757daf4800 Exception <a 'sun/nio/fs/WindowsException'{0x000000008f867a60}> (0x000000008f867a60) thrown at [src/hotspot/share/prims/jni.cpp, line 617]
Event: 2837.752 Thread 0x000002757daf4800 Exception <a 'sun/nio/fs/WindowsException'{0x000000008f88b480}> (0x000000008f88b480) thrown at [src/hotspot/share/prims/jni.cpp, line 617]
Event: 2837.760 Thread 0x000002757daf4800 Exception <a 'sun/nio/fs/WindowsException'{0x000000008f88c0b0}> (0x000000008f88c0b0) thrown at [src/hotspot/share/prims/jni.cpp, line 617]
Event: 2837.768 Thread 0x000002757daf4800 Exception <a 'sun/nio/fs/WindowsException'{0x000000008f88e508}> (0x000000008f88e508) thrown at [src/hotspot/share/prims/jni.cpp, line 617]
Event: 2837.775 Thread 0x000002757daf4800 Exception <a 'sun/nio/fs/WindowsException'{0x000000008f88f160}> (0x000000008f88f160) thrown at [src/hotspot/share/prims/jni.cpp, line 617]
Event: 2837.782 Thread 0x000002757daf4800 Exception <a 'sun/nio/fs/WindowsException'{0x000000008f88fd68}> (0x000000008f88fd68) thrown at [src/hotspot/share/prims/jni.cpp, line 617]
Event: 2837.792 Thread 0x000002757daf4800 Exception <a 'sun/nio/fs/WindowsException'{0x000000008f890960}> (0x000000008f890960) thrown at [src/hotspot/share/prims/jni.cpp, line 617]
Event: 2837.799 Thread 0x000002757daf4800 Exception <a 'sun/nio/fs/WindowsException'{0x000000008f8915b8}> (0x000000008f8915b8) thrown at [src/hotspot/share/prims/jni.cpp, line 617]
Event: 2837.827 Thread 0x000002757daf4800 Exception <a 'sun/nio/fs/WindowsException'{0x000000008f8921b0}> (0x000000008f8921b0) thrown at [src/hotspot/share/prims/jni.cpp, line 617]
Event: 2837.841 Thread 0x000002757daf4800 Exception <a 'sun/nio/fs/WindowsException'{0x000000008f892e00}> (0x000000008f892e00) thrown at [src/hotspot/share/prims/jni.cpp, line 617]
Event: 2837.848 Thread 0x000002757daf4800 Exception <a 'sun/nio/fs/WindowsException'{0x000000008f893a68}> (0x000000008f893a68) thrown at [src/hotspot/share/prims/jni.cpp, line 617]
Event: 2837.855 Thread 0x000002757daf4800 Exception <a 'sun/nio/fs/WindowsException'{0x000000008f894668}> (0x000000008f894668) thrown at [src/hotspot/share/prims/jni.cpp, line 617]
Event: 2837.860 Thread 0x000002757daf4800 Exception <a 'sun/nio/fs/WindowsException'{0x000000008f895308}> (0x000000008f895308) thrown at [src/hotspot/share/prims/jni.cpp, line 617]
Event: 2837.867 Thread 0x000002757daf4800 Exception <a 'sun/nio/fs/WindowsException'{0x000000008f89e380}> (0x000000008f89e380) thrown at [src/hotspot/share/prims/jni.cpp, line 617]
Event: 2837.878 Thread 0x000002757daf4800 Exception <a 'sun/nio/fs/WindowsException'{0x000000008f89efe0}> (0x000000008f89efe0) thrown at [src/hotspot/share/prims/jni.cpp, line 617]
Event: 2837.884 Thread 0x000002757daf4800 Exception <a 'sun/nio/fs/WindowsException'{0x000000008f89fc50}> (0x000000008f89fc50) thrown at [src/hotspot/share/prims/jni.cpp, line 617]
Event: 2837.889 Thread 0x000002757daf4800 Exception <a 'sun/nio/fs/WindowsException'{0x000000008f8a0868}> (0x000000008f8a0868) thrown at [src/hotspot/share/prims/jni.cpp, line 617]
Event: 2838.379 Thread 0x000002757daf4800 Exception <a 'sun/nio/fs/WindowsException'{0x0000000091850e00}> (0x0000000091850e00) thrown at [src/hotspot/share/prims/jni.cpp, line 617]
Event: 2838.544 Thread 0x000002757daf4800 Exception <a 'sun/nio/fs/WindowsException'{0x0000000091793120}> (0x0000000091793120) thrown at [src/hotspot/share/prims/jni.cpp, line 617]
Event: 2838.545 Thread 0x000002757daf4800 Exception <a 'sun/nio/fs/WindowsException'{0x0000000091793230}> (0x0000000091793230) thrown at [src/hotspot/share/prims/jni.cpp, line 617]

Events (20 events):
Event: 2836.149 Executing VM operation: RevokeBias
Event: 2836.150 Executing VM operation: RevokeBias done
Event: 2836.195 Executing VM operation: RevokeBias
Event: 2836.196 Executing VM operation: RevokeBias done
Event: 2837.041 Executing VM operation: RevokeBias
Event: 2837.042 Executing VM operation: RevokeBias done
Event: 2837.042 Executing VM operation: RevokeBias
Event: 2837.043 Executing VM operation: RevokeBias done
Event: 2837.043 Executing VM operation: RevokeBias
Event: 2837.044 Executing VM operation: RevokeBias done
Event: 2837.044 Executing VM operation: RevokeBias
Event: 2837.044 Executing VM operation: RevokeBias done
Event: 2837.044 Executing VM operation: RevokeBias
Event: 2837.045 Executing VM operation: RevokeBias done
Event: 2837.045 Executing VM operation: RevokeBias
Event: 2837.045 Executing VM operation: RevokeBias done
Event: 2837.512 Thread 0x000002757daff000 Thread added: 0x000002757daff000
Event: 2837.514 Thread 0x000002757dafd800 Thread added: 0x000002757dafd800
Event: 2838.289 Executing VM operation: G1CollectForAllocation
Event: 2838.374 Executing VM operation: G1CollectForAllocation done


Dynamic libraries:
0x00007ff633e40000 - 0x00007ff633e4a000 	C:\Program Files\Android\Android Studio\jbr\bin\java.exe
0x00007ffcc9c10000 - 0x00007ffcc9e08000 	C:\Windows\SYSTEM32\ntdll.dll
0x00007ffcc7c70000 - 0x00007ffcc7d2f000 	C:\Windows\System32\KERNEL32.DLL
0x00007ffcc7330000 - 0x00007ffcc7602000 	C:\Windows\System32\KERNELBASE.dll
0x00007ffcc7690000 - 0x00007ffcc7790000 	C:\Windows\System32\ucrtbase.dll
0x00007ffca9d20000 - 0x00007ffca9d37000 	C:\Program Files\Android\Android Studio\jbr\bin\jli.dll
0x00007ffca96e0000 - 0x00007ffca96fb000 	C:\Program Files\Android\Android Studio\jbr\bin\VCRUNTIME140.dll
0x00007ffcc8b80000 - 0x00007ffcc8d21000 	C:\Windows\System32\USER32.dll
0x00007ffcc7610000 - 0x00007ffcc7632000 	C:\Windows\System32\win32u.dll
0x00007ffcc9a80000 - 0x00007ffcc9aab000 	C:\Windows\System32\GDI32.dll
0x00007ffcc7830000 - 0x00007ffcc793f000 	C:\Windows\System32\gdi32full.dll
0x00007ffcc7790000 - 0x00007ffcc782d000 	C:\Windows\System32\msvcp_win.dll
0x00007ffcc65f0000 - 0x00007ffcc688a000 	C:\Windows\WinSxS\amd64_microsoft.windows.common-controls_6595b64144ccf1df_6.0.19041.1110_none_60b5254171f9507e\COMCTL32.dll
0x00007ffcc8ae0000 - 0x00007ffcc8b7e000 	C:\Windows\System32\msvcrt.dll
0x00007ffcc9370000 - 0x00007ffcc93a2000 	C:\Windows\System32\IMM32.DLL
0x00007ffc964d0000 - 0x00007ffc9655d000 	C:\Program Files\Android\Android Studio\jbr\bin\msvcp140.dll
0x00007ffcc4f50000 - 0x00007ffcc4f5c000 	C:\Windows\SYSTEM32\VCRUNTIME140_1.dll
0x00007ffc90c00000 - 0x00007ffc917bc000 	C:\Program Files\Android\Android Studio\jbr\bin\server\jvm.dll
0x00007ffcc9b20000 - 0x00007ffcc9bce000 	C:\Windows\System32\ADVAPI32.dll
0x00007ffcc7e30000 - 0x00007ffcc7ecc000 	C:\Windows\System32\sechost.dll
0x00007ffcc93b0000 - 0x00007ffcc94d5000 	C:\Windows\System32\RPCRT4.dll
0x00007ffcc7d30000 - 0x00007ffcc7d38000 	C:\Windows\System32\PSAPI.DLL
0x00007ffcb0a80000 - 0x00007ffcb0aa7000 	C:\Windows\SYSTEM32\WINMM.dll
0x00007ffcc51b0000 - 0x00007ffcc51b9000 	C:\Windows\SYSTEM32\WSOCK32.dll
0x00007ffcb6880000 - 0x00007ffcb688a000 	C:\Windows\SYSTEM32\VERSION.dll
0x00007ffcc9ab0000 - 0x00007ffcc9b1b000 	C:\Windows\System32\WS2_32.dll
0x00007ffcc43c0000 - 0x00007ffcc43d2000 	C:\Windows\SYSTEM32\kernel.appcore.dll
0x00007ffcc5060000 - 0x00007ffcc5070000 	C:\Program Files\Android\Android Studio\jbr\bin\verify.dll
0x00007ffcc6ae0000 - 0x00007ffcc6cc4000 	C:\Windows\SYSTEM32\DBGHELP.DLL
0x00007ffcc6930000 - 0x00007ffcc6965000 	C:\Windows\SYSTEM32\dbgcore.DLL
0x00007ffcc7b50000 - 0x00007ffcc7bd2000 	C:\Windows\System32\bcryptPrimitives.dll
0x00007ffcbf870000 - 0x00007ffcbf898000 	C:\Program Files\Android\Android Studio\jbr\bin\java.dll
0x00007ffcc4db0000 - 0x00007ffcc4dba000 	C:\Program Files\Android\Android Studio\jbr\bin\jimage.dll
0x00007ffcbf6e0000 - 0x00007ffcbf6f8000 	C:\Program Files\Android\Android Studio\jbr\bin\zip.dll
0x00007ffcc82b0000 - 0x00007ffcc89f4000 	C:\Windows\System32\SHELL32.dll
0x00007ffcc45c0000 - 0x00007ffcc4d52000 	C:\Windows\SYSTEM32\windows.storage.dll
0x00007ffcc8d30000 - 0x00007ffcc9085000 	C:\Windows\System32\combase.dll
0x00007ffcc6890000 - 0x00007ffcc68c0000 	C:\Windows\SYSTEM32\Wldp.dll
0x00007ffcc9090000 - 0x00007ffcc913d000 	C:\Windows\System32\SHCORE.dll
0x00007ffcc7ed0000 - 0x00007ffcc7f25000 	C:\Windows\System32\shlwapi.dll
0x00007ffcc7240000 - 0x00007ffcc725f000 	C:\Windows\SYSTEM32\profapi.dll
0x00007ffcbf690000 - 0x00007ffcbf6a9000 	C:\Program Files\Android\Android Studio\jbr\bin\net.dll
0x00007ffcb97d0000 - 0x00007ffcb98dc000 	C:\Windows\SYSTEM32\WINHTTP.dll
0x00007ffcc6460000 - 0x00007ffcc64ca000 	C:\Windows\system32\mswsock.dll
0x00007ffcbbee0000 - 0x00007ffcbbef3000 	C:\Program Files\Android\Android Studio\jbr\bin\nio.dll
0x00007ffca4270000 - 0x00007ffca4297000 	C:\Users\dell\.gradle\native\68d5fa5c4cc2d200863cafc0d521ce42e7d3e7ee720ec0a83991735586a16f82\windows-amd64\native-platform.dll
0x00007ffc8de50000 - 0x00007ffc8df94000 	C:\Users\dell\.gradle\native\e376f236ea51e6404a007f0833ffe2c6e607c4080706a723a18a27aeea778392\windows-amd64\native-platform-file-events.dll
0x00007ffcc1ff0000 - 0x00007ffcc1ffa000 	C:\Program Files\Android\Android Studio\jbr\bin\management.dll
0x00007ffcc0180000 - 0x00007ffcc018b000 	C:\Program Files\Android\Android Studio\jbr\bin\management_ext.dll
0x00007ffcc6fb0000 - 0x00007ffcc6fc8000 	C:\Windows\SYSTEM32\CRYPTSP.dll
0x00007ffcc5cd0000 - 0x00007ffcc5d04000 	C:\Windows\system32\rsaenh.dll
0x00007ffcc7300000 - 0x00007ffcc7327000 	C:\Windows\System32\bcrypt.dll
0x00007ffcc71c0000 - 0x00007ffcc71ee000 	C:\Windows\SYSTEM32\USERENV.dll
0x00007ffcc6430000 - 0x00007ffcc643c000 	C:\Windows\SYSTEM32\CRYPTBASE.dll
0x00007ffcc6040000 - 0x00007ffcc607b000 	C:\Windows\SYSTEM32\IPHLPAPI.DLL
0x00007ffcc7f30000 - 0x00007ffcc7f38000 	C:\Windows\System32\NSI.dll
0x00007ffcbaa70000 - 0x00007ffcbaa87000 	C:\Windows\SYSTEM32\dhcpcsvc6.DLL
0x00007ffcbc090000 - 0x00007ffcbc0ad000 	C:\Windows\SYSTEM32\dhcpcsvc.DLL
0x00007ffcc6080000 - 0x00007ffcc614a000 	C:\Windows\SYSTEM32\DNSAPI.dll
0x00007ffcbbca0000 - 0x00007ffcbbcc7000 	C:\Program Files\Android\Android Studio\jbr\bin\sunec.dll
0x00007ffcb8f40000 - 0x00007ffcb8f4a000 	C:\Windows\System32\rasadhlp.dll
0x00007ffcb9140000 - 0x00007ffcb91c0000 	C:\Windows\System32\fwpuclnt.dll
0x00007ffcc6f70000 - 0x00007ffcc6fa3000 	C:\Windows\SYSTEM32\ntmarta.dll

dbghelp: loaded successfully - version: 4.0.5 - missing functions: none
symbol engine: initialized successfully - sym options: 0x614 - pdb path: .;C:\Program Files\Android\Android Studio\jbr\bin;C:\Windows\SYSTEM32;C:\Windows\WinSxS\amd64_microsoft.windows.common-controls_6595b64144ccf1df_6.0.19041.1110_none_60b5254171f9507e;C:\Program Files\Android\Android Studio\jbr\bin\server;C:\Users\dell\.gradle\native\68d5fa5c4cc2d200863cafc0d521ce42e7d3e7ee720ec0a83991735586a16f82\windows-amd64;C:\Users\dell\.gradle\native\e376f236ea51e6404a007f0833ffe2c6e607c4080706a723a18a27aeea778392\windows-amd64

VM Arguments:
jvm_args: --add-opens=java.base/java.util=ALL-UNNAMED --add-opens=java.base/java.lang=ALL-UNNAMED --add-opens=java.base/java.lang.invoke=ALL-UNNAMED --add-opens=java.prefs/java.util.prefs=ALL-UNNAMED --add-opens=java.base/java.nio.charset=ALL-UNNAMED --add-opens=java.base/java.net=ALL-UNNAMED --add-opens=java.base/java.util.concurrent.atomic=ALL-UNNAMED -Xmx2048m -Dfile.encoding=UTF-8 -Duser.country=US -Duser.language=en -Duser.variant 
java_command: org.gradle.launcher.daemon.bootstrap.GradleDaemon 7.6
java_class_path (initial): C:\Users\dell\.gradle\wrapper\dists\gradle-7.6-bin\9l9tetv7ltxvx3i8an4pb86ye\gradle-7.6\lib\gradle-launcher-7.6.jar
Launcher Type: SUN_STANDARD

[Global flags]
     intx CICompilerCount                          = 2                                         {product} {ergonomic}
     uint ConcGCThreads                            = 1                                         {product} {ergonomic}
     uint G1ConcRefinementThreads                  = 2                                         {product} {ergonomic}
   size_t G1HeapRegionSize                         = 1048576                                   {product} {ergonomic}
    uintx GCDrainStackTargetSize                   = 64                                        {product} {ergonomic}
   size_t InitialHeapSize                          = 67108864                                  {product} {ergonomic}
   size_t MarkStackSize                            = 4194304                                   {product} {ergonomic}
   size_t MaxHeapSize                              = 2147483648                                {product} {command line}
   size_t MaxNewSize                               = 1287651328                                {product} {ergonomic}
   size_t MinHeapDeltaBytes                        = 1048576                                   {product} {ergonomic}
    uintx NonNMethodCodeHeapSize                   = 5825164                                {pd product} {ergonomic}
    uintx NonProfiledCodeHeapSize                  = 122916538                              {pd product} {ergonomic}
    uintx ProfiledCodeHeapSize                     = 122916538                              {pd product} {ergonomic}
    uintx ReservedCodeCacheSize                    = 251658240                              {pd product} {ergonomic}
     bool SegmentedCodeCache                       = true                                      {product} {ergonomic}
     bool UseCompressedClassPointers               = true                                 {lp64_product} {ergonomic}
     bool UseCompressedOops                        = true                                 {lp64_product} {ergonomic}
     bool UseG1GC                                  = true                                      {product} {ergonomic}
     bool UseLargePagesIndividualAllocation        = false                                  {pd product} {ergonomic}

Logging:
Log output configuration:
 #0: stdout all=warning uptime,level,tags
 #1: stderr all=off uptime,level,tags

Environment Variables:
JAVA_HOME=C:\Program Files\Java\jdk-18.0.1.1
PATH=C:\app\dell\product\11.2.0\dbhome_1\bin;C:\Program Files\Common Files\Oracle\Java\javapath;C:\Program Files (x86)\Common Files\Oracle\Java\javapath;C:\Windows\system32;C:\Windows;C:\Windows\System32\Wbem;C:\Windows\System32\WindowsPowerShell\v1.0\;C:\Windows\System32\OpenSSH\;C:\Program Files\Java\jdk-18.0.1.1\bin;C:\Program Files\Java\jre1.8.0_333\bin;C:\Program Files\dotnet\;C:\Program Files\Git\cmd;C:\Program Files\nodejs\;C:\Users\dell\AppData\Local\Programs\Python\Python38\Scripts\;C:\Users\dell\AppData\Local\Programs\Python\Python38\;C:\Users\dell\AppData\Local\Microsoft\WindowsApps;C:\Users\dell\AppData\Local\Programs\Microsoft VS Code\bin;C:\Users\dell\.dotnet\tools;C:\src\flutter\bin;C:\Users\dell\AppData\Local\Programs\MiKTeX\miktex\bin\x64\;C:\Users\dell\AppData\Roaming\npm
USERNAME=dell
OS=Windows_NT
PROCESSOR_IDENTIFIER=Intel64 Family 6 Model 58 Stepping 9, GenuineIntel



---------------  S Y S T E M  ---------------

OS: Windows 10 , 64 bit Build 19041 (10.0.19041.2364)
OS uptime: 2 days 23:23 hours

CPU:total 2 (initial active 2) (2 cores per cpu, 1 threads per core) family 6 model 58 stepping 9 microcode 0x21, cmov, cx8, fxsr, mmx, sse, sse2, sse3, ssse3, sse4.1, sse4.2, popcnt, clmul, erms, tsc, tscinvbit, tscinv

Memory: 4k page, system-wide physical 3999M (337M free)
TotalPageFile size 10836M (AvailPageFile size 1926M)
current process WorkingSet (physical memory assigned to process): 322M, peak: 568M
current process commit charge ("private bytes"): 672M, peak: 692M

vm_info: OpenJDK 64-Bit Server VM (11.0.15+0-b2043.56-8887301) for windows-amd64 JRE (11.0.15+0-b2043.56-8887301), built on Jul 29 2022 23:19:47 by "builduser" with unknown MS VC++:1929

END.
